  ColourTests.cpp
C:\Users\s211426\Documents\GitHub\MathLibraryTests---STUDENT\MathLibraryTests - STUDENT\TestToString.h(48,18): error C2039: 'ToString': is not a member of 'MathClasses::Vector4'
C:\Users\s211426\Documents\GitHub\MathLibraryTests---STUDENT\MathLibraryTests - STUDENT\MathHeaders\Vector4.h(5,12): message : see declaration of 'MathClasses::Vector4'
C:\Users\s211426\Documents\GitHub\MathLibraryTests---STUDENT\MathLibraryTests - STUDENT\TestToString.h(59,1): error C3536: 'str': cannot be used before it is initialized
C:\Users\s211426\Documents\GitHub\MathLibraryTests---STUDENT\MathLibraryTests - STUDENT\TestToString.h(59,20): error C2665: 'std::basic_string<wchar_t,std::char_traits<wchar_t>,std::allocator<wchar_t>>::basic_string': no overloaded function could convert all the argument types
C:\Program Files\Microsoft Visual Studio\2022\Community\VC\Tools\MSVC\14.34.31933\include\xstring(2674,5): message : could be 'std::basic_string<wchar_t,std::char_traits<wchar_t>,std::allocator<wchar_t>>::basic_string(const _Elem *const )'
          with
          [
              _Elem=wchar_t
          ]
C:\Users\s211426\Documents\GitHub\MathLibraryTests---STUDENT\MathLibraryTests - STUDENT\TestToString.h(59,20): message : 'std::basic_string<wchar_t,std::char_traits<wchar_t>,std::allocator<wchar_t>>::basic_string(const _Elem *const )': cannot convert argument 1 from 'wchar_t' to 'const _Elem *const '
          with
          [
              _Elem=wchar_t
          ]
C:\Users\s211426\Documents\GitHub\MathLibraryTests---STUDENT\MathLibraryTests - STUDENT\TestToString.h(59,39): message : Conversion from integral type to pointer type requires reinterpret_cast, C-style cast or parenthesized function-style cast
C:\Program Files\Microsoft Visual Studio\2022\Community\VC\Tools\MSVC\14.34.31933\include\xstring(3224,5): message : or       'std::basic_string<wchar_t,std::char_traits<wchar_t>,std::allocator<wchar_t>>::basic_string(std::initializer_list<_Elem>,const _Alloc &)'
          with
          [
              _Elem=wchar_t,
              _Alloc=std::allocator<wchar_t>
          ]
C:\Users\s211426\Documents\GitHub\MathLibraryTests---STUDENT\MathLibraryTests - STUDENT\TestToString.h(59,20): message : 'std::basic_string<wchar_t,std::char_traits<wchar_t>,std::allocator<wchar_t>>::basic_string(std::initializer_list<_Elem>,const _Alloc &)': cannot convert argument 1 from 'wchar_t' to 'std::initializer_list<_Elem>'
          with
          [
              _Elem=wchar_t,
              _Alloc=std::allocator<wchar_t>
          ]
          and
          [
              _Elem=wchar_t
          ]
C:\Users\s211426\Documents\GitHub\MathLibraryTests---STUDENT\MathLibraryTests - STUDENT\TestToString.h(59,39): message : No constructor could take the source type, or constructor overload resolution was ambiguous
C:\Program Files\Microsoft Visual Studio\2022\Community\VC\Tools\MSVC\14.34.31933\include\xstring(2620,5): message : or       'std::basic_string<wchar_t,std::char_traits<wchar_t>,std::allocator<wchar_t>>::basic_string(const _Alloc &) noexcept'
          with
          [
              _Alloc=std::allocator<wchar_t>
          ]
C:\Users\s211426\Documents\GitHub\MathLibraryTests---STUDENT\MathLibraryTests - STUDENT\TestToString.h(59,20): message : 'std::basic_string<wchar_t,std::char_traits<wchar_t>,std::allocator<wchar_t>>::basic_string(const _Alloc &) noexcept': cannot convert argument 1 from 'wchar_t' to 'const _Alloc &'
          with
          [
              _Alloc=std::allocator<wchar_t>
          ]
C:\Users\s211426\Documents\GitHub\MathLibraryTests---STUDENT\MathLibraryTests - STUDENT\TestToString.h(59,39): message : Reason: cannot convert from 'wchar_t' to 'const _Alloc'
          with
          [
              _Alloc=std::allocator<wchar_t>
          ]
C:\Users\s211426\Documents\GitHub\MathLibraryTests---STUDENT\MathLibraryTests - STUDENT\TestToString.h(59,39): message : No constructor could take the source type, or constructor overload resolution was ambiguous
C:\Program Files\Microsoft Visual Studio\2022\Community\VC\Tools\MSVC\14.34.31933\include\xstring(3031,5): message : or       'std::basic_string<wchar_t,std::char_traits<wchar_t>,std::allocator<wchar_t>>::basic_string(const _Ty &,const unsigned __int64,const unsigned __int64,const _Alloc &)'
          with
          [
              _Alloc=std::allocator<wchar_t>
          ]
C:\Users\s211426\Documents\GitHub\MathLibraryTests---STUDENT\MathLibraryTests - STUDENT\TestToString.h(59,20): message : 'std::basic_string<wchar_t,std::char_traits<wchar_t>,std::allocator<wchar_t>>::basic_string(const _Ty &,const unsigned __int64,const unsigned __int64,const _Alloc &)': expects 4 arguments - 1 provided
          with
          [
              _Alloc=std::allocator<wchar_t>
          ]
C:\Program Files\Microsoft Visual Studio\2022\Community\VC\Tools\MSVC\14.34.31933\include\xstring(3024,5): message : or       'std::basic_string<wchar_t,std::char_traits<wchar_t>,std::allocator<wchar_t>>::basic_string(const _StringViewIsh &,const _Alloc &)'
          with
          [
              _Alloc=std::allocator<wchar_t>
          ]
C:\Users\s211426\Documents\GitHub\MathLibraryTests---STUDENT\MathLibraryTests - STUDENT\TestToString.h(59,1): message : 'std::basic_string<wchar_t,std::char_traits<wchar_t>,std::allocator<wchar_t>>::basic_string(const _StringViewIsh &,const _Alloc &)': could not deduce template argument for '__formal'
          with
          [
              _Alloc=std::allocator<wchar_t>
          ]
C:\Program Files\Microsoft Visual Studio\2022\Community\VC\Tools\MSVC\14.34.31933\include\xstring(2704,5): message : or       'std::basic_string<wchar_t,std::char_traits<wchar_t>,std::allocator<wchar_t>>::basic_string(_Iter,_Iter,const _Alloc &)'
          with
          [
              _Alloc=std::allocator<wchar_t>
          ]
C:\Users\s211426\Documents\GitHub\MathLibraryTests---STUDENT\MathLibraryTests - STUDENT\TestToString.h(59,20): message : 'std::basic_string<wchar_t,std::char_traits<wchar_t>,std::allocator<wchar_t>>::basic_string(_Iter,_Iter,const _Alloc &)': expects 3 arguments - 1 provided
          with
          [
              _Alloc=std::allocator<wchar_t>
          ]
C:\Program Files\Microsoft Visual Studio\2022\Community\VC\Tools\MSVC\14.34.31933\include\xstring(2698,5): message : or       'std::basic_string<wchar_t,std::char_traits<wchar_t>,std::allocator<wchar_t>>::basic_string(const unsigned __int64,const _Elem,const _Alloc &)'
          with
          [
              _Elem=wchar_t,
              _Alloc=std::allocator<wchar_t>
          ]
C:\Users\s211426\Documents\GitHub\MathLibraryTests---STUDENT\MathLibraryTests - STUDENT\TestToString.h(59,20): message : 'std::basic_string<wchar_t,std::char_traits<wchar_t>,std::allocator<wchar_t>>::basic_string(const unsigned __int64,const _Elem,const _Alloc &)': expects 3 arguments - 1 provided
          with
          [
              _Elem=wchar_t,
              _Alloc=std::allocator<wchar_t>
          ]
C:\Program Files\Microsoft Visual Studio\2022\Community\VC\Tools\MSVC\14.34.31933\include\xstring(2685,5): message : or       'std::basic_string<wchar_t,std::char_traits<wchar_t>,std::allocator<wchar_t>>::basic_string(const _Elem *const ,const _Alloc &)'
          with
          [
              _Elem=wchar_t,
              _Alloc=std::allocator<wchar_t>
          ]
C:\Users\s211426\Documents\GitHub\MathLibraryTests---STUDENT\MathLibraryTests - STUDENT\TestToString.h(59,20): message : 'std::basic_string<wchar_t,std::char_traits<wchar_t>,std::allocator<wchar_t>>::basic_string(const _Elem *const ,const _Alloc &)': expects 2 arguments - 1 provided
          with
          [
              _Elem=wchar_t,
              _Alloc=std::allocator<wchar_t>
          ]
C:\Users\s211426\Documents\GitHub\MathLibraryTests---STUDENT\MathLibraryTests - STUDENT\TestToString.h(59,20): message : while trying to match the argument list '(wchar_t)'
C:\Users\s211426\Documents\GitHub\MathLibraryTests---STUDENT\MathLibraryTests - STUDENT\TestToString.h(62,5): error C2660: 'mbstowcs_s': function does not take 3 arguments
C:\Program Files (x86)\Windows Kits\10\Include\10.0.22621.0\ucrt\stdlib.h(908,26): message : see declaration of 'mbstowcs_s'
C:\Program Files (x86)\Windows Kits\10\Include\10.0.22621.0\ucrt\stdlib.h(916,1): message : could be 'errno_t mbstowcs_s(size_t *,wchar_t (&)[_Size],const char *,size_t) noexcept'
C:\Users\s211426\Documents\GitHub\MathLibraryTests---STUDENT\MathLibraryTests - STUDENT\TestToString.h(62,5): message : 'errno_t mbstowcs_s(size_t *,wchar_t (&)[_Size],const char *,size_t) noexcept': expects 4 arguments - 3 provided
C:\Users\s211426\Documents\GitHub\MathLibraryTests---STUDENT\MathLibraryTests - STUDENT\TestToString.h(62,5): message : while trying to match the argument list '(size_t *, wchar_t *, unsigned __int64)'
C:\Users\s211426\Documents\GitHub\MathLibraryTests---STUDENT\MathLibraryTests - STUDENT\TestToString.h(92,18): error C2039: 'ToString': is not a member of 'MathClasses::Matrix4'
C:\Users\s211426\Documents\GitHub\MathLibraryTests---STUDENT\MathLibraryTests - STUDENT\MathHeaders\Matrix4.h(4,12): message : see declaration of 'MathClasses::Matrix4'
C:\Users\s211426\Documents\GitHub\MathLibraryTests---STUDENT\MathLibraryTests - STUDENT\TestToString.h(103,1): error C3536: 'str': cannot be used before it is initialized
C:\Users\s211426\Documents\GitHub\MathLibraryTests---STUDENT\MathLibraryTests - STUDENT\TestToString.h(103,20): error C2665: 'std::basic_string<wchar_t,std::char_traits<wchar_t>,std::allocator<wchar_t>>::basic_string': no overloaded function could convert all the argument types
C:\Program Files\Microsoft Visual Studio\2022\Community\VC\Tools\MSVC\14.34.31933\include\xstring(2674,5): message : could be 'std::basic_string<wchar_t,std::char_traits<wchar_t>,std::allocator<wchar_t>>::basic_string(const _Elem *const )'
          with
          [
              _Elem=wchar_t
          ]
C:\Users\s211426\Documents\GitHub\MathLibraryTests---STUDENT\MathLibraryTests - STUDENT\TestToString.h(103,20): message : 'std::basic_string<wchar_t,std::char_traits<wchar_t>,std::allocator<wchar_t>>::basic_string(const _Elem *const )': cannot convert argument 1 from 'wchar_t' to 'const _Elem *const '
          with
          [
              _Elem=wchar_t
          ]
C:\Users\s211426\Documents\GitHub\MathLibraryTests---STUDENT\MathLibraryTests - STUDENT\TestToString.h(103,39): message : Conversion from integral type to pointer type requires reinterpret_cast, C-style cast or parenthesized function-style cast
C:\Program Files\Microsoft Visual Studio\2022\Community\VC\Tools\MSVC\14.34.31933\include\xstring(3224,5): message : or       'std::basic_string<wchar_t,std::char_traits<wchar_t>,std::allocator<wchar_t>>::basic_string(std::initializer_list<_Elem>,const _Alloc &)'
          with
          [
              _Elem=wchar_t,
              _Alloc=std::allocator<wchar_t>
          ]
C:\Users\s211426\Documents\GitHub\MathLibraryTests---STUDENT\MathLibraryTests - STUDENT\TestToString.h(103,20): message : 'std::basic_string<wchar_t,std::char_traits<wchar_t>,std::allocator<wchar_t>>::basic_string(std::initializer_list<_Elem>,const _Alloc &)': cannot convert argument 1 from 'wchar_t' to 'std::initializer_list<_Elem>'
          with
          [
              _Elem=wchar_t,
              _Alloc=std::allocator<wchar_t>
          ]
          and
          [
              _Elem=wchar_t
          ]
C:\Users\s211426\Documents\GitHub\MathLibraryTests---STUDENT\MathLibraryTests - STUDENT\TestToString.h(103,39): message : No constructor could take the source type, or constructor overload resolution was ambiguous
C:\Program Files\Microsoft Visual Studio\2022\Community\VC\Tools\MSVC\14.34.31933\include\xstring(2620,5): message : or       'std::basic_string<wchar_t,std::char_traits<wchar_t>,std::allocator<wchar_t>>::basic_string(const _Alloc &) noexcept'
          with
          [
              _Alloc=std::allocator<wchar_t>
          ]
C:\Users\s211426\Documents\GitHub\MathLibraryTests---STUDENT\MathLibraryTests - STUDENT\TestToString.h(103,20): message : 'std::basic_string<wchar_t,std::char_traits<wchar_t>,std::allocator<wchar_t>>::basic_string(const _Alloc &) noexcept': cannot convert argument 1 from 'wchar_t' to 'const _Alloc &'
          with
          [
              _Alloc=std::allocator<wchar_t>
          ]
C:\Users\s211426\Documents\GitHub\MathLibraryTests---STUDENT\MathLibraryTests - STUDENT\TestToString.h(103,39): message : Reason: cannot convert from 'wchar_t' to 'const _Alloc'
          with
          [
              _Alloc=std::allocator<wchar_t>
          ]
C:\Users\s211426\Documents\GitHub\MathLibraryTests---STUDENT\MathLibraryTests - STUDENT\TestToString.h(103,39): message : No constructor could take the source type, or constructor overload resolution was ambiguous
C:\Program Files\Microsoft Visual Studio\2022\Community\VC\Tools\MSVC\14.34.31933\include\xstring(3031,5): message : or       'std::basic_string<wchar_t,std::char_traits<wchar_t>,std::allocator<wchar_t>>::basic_string(const _Ty &,const unsigned __int64,const unsigned __int64,const _Alloc &)'
          with
          [
              _Alloc=std::allocator<wchar_t>
          ]
C:\Users\s211426\Documents\GitHub\MathLibraryTests---STUDENT\MathLibraryTests - STUDENT\TestToString.h(103,20): message : 'std::basic_string<wchar_t,std::char_traits<wchar_t>,std::allocator<wchar_t>>::basic_string(const _Ty &,const unsigned __int64,const unsigned __int64,const _Alloc &)': expects 4 arguments - 1 provided
          with
          [
              _Alloc=std::allocator<wchar_t>
          ]
C:\Program Files\Microsoft Visual Studio\2022\Community\VC\Tools\MSVC\14.34.31933\include\xstring(3024,5): message : or       'std::basic_string<wchar_t,std::char_traits<wchar_t>,std::allocator<wchar_t>>::basic_string(const _StringViewIsh &,const _Alloc &)'
          with
          [
              _Alloc=std::allocator<wchar_t>
          ]
C:\Users\s211426\Documents\GitHub\MathLibraryTests---STUDENT\MathLibraryTests - STUDENT\TestToString.h(103,1): message : 'std::basic_string<wchar_t,std::char_traits<wchar_t>,std::allocator<wchar_t>>::basic_string(const _StringViewIsh &,const _Alloc &)': could not deduce template argument for '__formal'
          with
          [
              _Alloc=std::allocator<wchar_t>
          ]
C:\Program Files\Microsoft Visual Studio\2022\Community\VC\Tools\MSVC\14.34.31933\include\xstring(2704,5): message : or       'std::basic_string<wchar_t,std::char_traits<wchar_t>,std::allocator<wchar_t>>::basic_string(_Iter,_Iter,const _Alloc &)'
          with
          [
              _Alloc=std::allocator<wchar_t>
          ]
C:\Users\s211426\Documents\GitHub\MathLibraryTests---STUDENT\MathLibraryTests - STUDENT\TestToString.h(103,20): message : 'std::basic_string<wchar_t,std::char_traits<wchar_t>,std::allocator<wchar_t>>::basic_string(_Iter,_Iter,const _Alloc &)': expects 3 arguments - 1 provided
          with
          [
              _Alloc=std::allocator<wchar_t>
          ]
C:\Program Files\Microsoft Visual Studio\2022\Community\VC\Tools\MSVC\14.34.31933\include\xstring(2698,5): message : or       'std::basic_string<wchar_t,std::char_traits<wchar_t>,std::allocator<wchar_t>>::basic_string(const unsigned __int64,const _Elem,const _Alloc &)'
          with
          [
              _Elem=wchar_t,
              _Alloc=std::allocator<wchar_t>
          ]
C:\Users\s211426\Documents\GitHub\MathLibraryTests---STUDENT\MathLibraryTests - STUDENT\TestToString.h(103,20): message : 'std::basic_string<wchar_t,std::char_traits<wchar_t>,std::allocator<wchar_t>>::basic_string(const unsigned __int64,const _Elem,const _Alloc &)': expects 3 arguments - 1 provided
          with
          [
              _Elem=wchar_t,
              _Alloc=std::allocator<wchar_t>
          ]
C:\Program Files\Microsoft Visual Studio\2022\Community\VC\Tools\MSVC\14.34.31933\include\xstring(2685,5): message : or       'std::basic_string<wchar_t,std::char_traits<wchar_t>,std::allocator<wchar_t>>::basic_string(const _Elem *const ,const _Alloc &)'
          with
          [
              _Elem=wchar_t,
              _Alloc=std::allocator<wchar_t>
          ]
C:\Users\s211426\Documents\GitHub\MathLibraryTests---STUDENT\MathLibraryTests - STUDENT\TestToString.h(103,20): message : 'std::basic_string<wchar_t,std::char_traits<wchar_t>,std::allocator<wchar_t>>::basic_string(const _Elem *const ,const _Alloc &)': expects 2 arguments - 1 provided
          with
          [
              _Elem=wchar_t,
              _Alloc=std::allocator<wchar_t>
          ]
C:\Users\s211426\Documents\GitHub\MathLibraryTests---STUDENT\MathLibraryTests - STUDENT\TestToString.h(103,20): message : while trying to match the argument list '(wchar_t)'
C:\Users\s211426\Documents\GitHub\MathLibraryTests---STUDENT\MathLibraryTests - STUDENT\TestToString.h(106,5): error C2660: 'mbstowcs_s': function does not take 3 arguments
C:\Program Files (x86)\Windows Kits\10\Include\10.0.22621.0\ucrt\stdlib.h(908,26): message : see declaration of 'mbstowcs_s'
C:\Program Files (x86)\Windows Kits\10\Include\10.0.22621.0\ucrt\stdlib.h(916,1): message : could be 'errno_t mbstowcs_s(size_t *,wchar_t (&)[_Size],const char *,size_t) noexcept'
C:\Users\s211426\Documents\GitHub\MathLibraryTests---STUDENT\MathLibraryTests - STUDENT\TestToString.h(106,5): message : 'errno_t mbstowcs_s(size_t *,wchar_t (&)[_Size],const char *,size_t) noexcept': expects 4 arguments - 3 provided
C:\Users\s211426\Documents\GitHub\MathLibraryTests---STUDENT\MathLibraryTests - STUDENT\TestToString.h(106,5): message : while trying to match the argument list '(size_t *, wchar_t *, unsigned __int64)'
C:\Users\s211426\Documents\GitHub\MathLibraryTests---STUDENT\MathLibraryTests - STUDENT\ColourTests.cpp(36,41): error C2676: binary '==': 'MathClasses::Colour' does not define this operator or a conversion to a type acceptable to the predefined operator
  Matrix3Tests.cpp
C:\Users\s211426\Documents\GitHub\MathLibraryTests---STUDENT\MathLibraryTests - STUDENT\TestToString.h(48,18): error C2039: 'ToString': is not a member of 'MathClasses::Vector4'
C:\Users\s211426\Documents\GitHub\MathLibraryTests---STUDENT\MathLibraryTests - STUDENT\MathHeaders\Vector4.h(5,12): message : see declaration of 'MathClasses::Vector4'
C:\Users\s211426\Documents\GitHub\MathLibraryTests---STUDENT\MathLibraryTests - STUDENT\TestToString.h(59,1): error C3536: 'str': cannot be used before it is initialized
C:\Users\s211426\Documents\GitHub\MathLibraryTests---STUDENT\MathLibraryTests - STUDENT\TestToString.h(59,20): error C2665: 'std::basic_string<wchar_t,std::char_traits<wchar_t>,std::allocator<wchar_t>>::basic_string': no overloaded function could convert all the argument types
C:\Program Files\Microsoft Visual Studio\2022\Community\VC\Tools\MSVC\14.34.31933\include\xstring(2674,5): message : could be 'std::basic_string<wchar_t,std::char_traits<wchar_t>,std::allocator<wchar_t>>::basic_string(const _Elem *const )'
          with
          [
              _Elem=wchar_t
          ]
C:\Users\s211426\Documents\GitHub\MathLibraryTests---STUDENT\MathLibraryTests - STUDENT\TestToString.h(59,20): message : 'std::basic_string<wchar_t,std::char_traits<wchar_t>,std::allocator<wchar_t>>::basic_string(const _Elem *const )': cannot convert argument 1 from 'wchar_t' to 'const _Elem *const '
          with
          [
              _Elem=wchar_t
          ]
C:\Users\s211426\Documents\GitHub\MathLibraryTests---STUDENT\MathLibraryTests - STUDENT\TestToString.h(59,39): message : Conversion from integral type to pointer type requires reinterpret_cast, C-style cast or parenthesized function-style cast
C:\Program Files\Microsoft Visual Studio\2022\Community\VC\Tools\MSVC\14.34.31933\include\xstring(3224,5): message : or       'std::basic_string<wchar_t,std::char_traits<wchar_t>,std::allocator<wchar_t>>::basic_string(std::initializer_list<_Elem>,const _Alloc &)'
          with
          [
              _Elem=wchar_t,
              _Alloc=std::allocator<wchar_t>
          ]
C:\Users\s211426\Documents\GitHub\MathLibraryTests---STUDENT\MathLibraryTests - STUDENT\TestToString.h(59,20): message : 'std::basic_string<wchar_t,std::char_traits<wchar_t>,std::allocator<wchar_t>>::basic_string(std::initializer_list<_Elem>,const _Alloc &)': cannot convert argument 1 from 'wchar_t' to 'std::initializer_list<_Elem>'
          with
          [
              _Elem=wchar_t,
              _Alloc=std::allocator<wchar_t>
          ]
          and
          [
              _Elem=wchar_t
          ]
C:\Users\s211426\Documents\GitHub\MathLibraryTests---STUDENT\MathLibraryTests - STUDENT\TestToString.h(59,39): message : No constructor could take the source type, or constructor overload resolution was ambiguous
C:\Program Files\Microsoft Visual Studio\2022\Community\VC\Tools\MSVC\14.34.31933\include\xstring(2620,5): message : or       'std::basic_string<wchar_t,std::char_traits<wchar_t>,std::allocator<wchar_t>>::basic_string(const _Alloc &) noexcept'
          with
          [
              _Alloc=std::allocator<wchar_t>
          ]
C:\Users\s211426\Documents\GitHub\MathLibraryTests---STUDENT\MathLibraryTests - STUDENT\TestToString.h(59,20): message : 'std::basic_string<wchar_t,std::char_traits<wchar_t>,std::allocator<wchar_t>>::basic_string(const _Alloc &) noexcept': cannot convert argument 1 from 'wchar_t' to 'const _Alloc &'
          with
          [
              _Alloc=std::allocator<wchar_t>
          ]
C:\Users\s211426\Documents\GitHub\MathLibraryTests---STUDENT\MathLibraryTests - STUDENT\TestToString.h(59,39): message : Reason: cannot convert from 'wchar_t' to 'const _Alloc'
          with
          [
              _Alloc=std::allocator<wchar_t>
          ]
C:\Users\s211426\Documents\GitHub\MathLibraryTests---STUDENT\MathLibraryTests - STUDENT\TestToString.h(59,39): message : No constructor could take the source type, or constructor overload resolution was ambiguous
C:\Program Files\Microsoft Visual Studio\2022\Community\VC\Tools\MSVC\14.34.31933\include\xstring(3031,5): message : or       'std::basic_string<wchar_t,std::char_traits<wchar_t>,std::allocator<wchar_t>>::basic_string(const _Ty &,const unsigned __int64,const unsigned __int64,const _Alloc &)'
          with
          [
              _Alloc=std::allocator<wchar_t>
          ]
C:\Users\s211426\Documents\GitHub\MathLibraryTests---STUDENT\MathLibraryTests - STUDENT\TestToString.h(59,20): message : 'std::basic_string<wchar_t,std::char_traits<wchar_t>,std::allocator<wchar_t>>::basic_string(const _Ty &,const unsigned __int64,const unsigned __int64,const _Alloc &)': expects 4 arguments - 1 provided
          with
          [
              _Alloc=std::allocator<wchar_t>
          ]
C:\Program Files\Microsoft Visual Studio\2022\Community\VC\Tools\MSVC\14.34.31933\include\xstring(3024,5): message : or       'std::basic_string<wchar_t,std::char_traits<wchar_t>,std::allocator<wchar_t>>::basic_string(const _StringViewIsh &,const _Alloc &)'
          with
          [
              _Alloc=std::allocator<wchar_t>
          ]
C:\Users\s211426\Documents\GitHub\MathLibraryTests---STUDENT\MathLibraryTests - STUDENT\TestToString.h(59,1): message : 'std::basic_string<wchar_t,std::char_traits<wchar_t>,std::allocator<wchar_t>>::basic_string(const _StringViewIsh &,const _Alloc &)': could not deduce template argument for '__formal'
          with
          [
              _Alloc=std::allocator<wchar_t>
          ]
C:\Program Files\Microsoft Visual Studio\2022\Community\VC\Tools\MSVC\14.34.31933\include\xstring(2704,5): message : or       'std::basic_string<wchar_t,std::char_traits<wchar_t>,std::allocator<wchar_t>>::basic_string(_Iter,_Iter,const _Alloc &)'
          with
          [
              _Alloc=std::allocator<wchar_t>
          ]
C:\Users\s211426\Documents\GitHub\MathLibraryTests---STUDENT\MathLibraryTests - STUDENT\TestToString.h(59,20): message : 'std::basic_string<wchar_t,std::char_traits<wchar_t>,std::allocator<wchar_t>>::basic_string(_Iter,_Iter,const _Alloc &)': expects 3 arguments - 1 provided
          with
          [
              _Alloc=std::allocator<wchar_t>
          ]
C:\Program Files\Microsoft Visual Studio\2022\Community\VC\Tools\MSVC\14.34.31933\include\xstring(2698,5): message : or       'std::basic_string<wchar_t,std::char_traits<wchar_t>,std::allocator<wchar_t>>::basic_string(const unsigned __int64,const _Elem,const _Alloc &)'
          with
          [
              _Elem=wchar_t,
              _Alloc=std::allocator<wchar_t>
          ]
C:\Users\s211426\Documents\GitHub\MathLibraryTests---STUDENT\MathLibraryTests - STUDENT\TestToString.h(59,20): message : 'std::basic_string<wchar_t,std::char_traits<wchar_t>,std::allocator<wchar_t>>::basic_string(const unsigned __int64,const _Elem,const _Alloc &)': expects 3 arguments - 1 provided
          with
          [
              _Elem=wchar_t,
              _Alloc=std::allocator<wchar_t>
          ]
C:\Program Files\Microsoft Visual Studio\2022\Community\VC\Tools\MSVC\14.34.31933\include\xstring(2685,5): message : or       'std::basic_string<wchar_t,std::char_traits<wchar_t>,std::allocator<wchar_t>>::basic_string(const _Elem *const ,const _Alloc &)'
          with
          [
              _Elem=wchar_t,
              _Alloc=std::allocator<wchar_t>
          ]
C:\Users\s211426\Documents\GitHub\MathLibraryTests---STUDENT\MathLibraryTests - STUDENT\TestToString.h(59,20): message : 'std::basic_string<wchar_t,std::char_traits<wchar_t>,std::allocator<wchar_t>>::basic_string(const _Elem *const ,const _Alloc &)': expects 2 arguments - 1 provided
          with
          [
              _Elem=wchar_t,
              _Alloc=std::allocator<wchar_t>
          ]
C:\Users\s211426\Documents\GitHub\MathLibraryTests---STUDENT\MathLibraryTests - STUDENT\TestToString.h(59,20): message : while trying to match the argument list '(wchar_t)'
C:\Users\s211426\Documents\GitHub\MathLibraryTests---STUDENT\MathLibraryTests - STUDENT\TestToString.h(62,5): error C2660: 'mbstowcs_s': function does not take 3 arguments
C:\Program Files (x86)\Windows Kits\10\Include\10.0.22621.0\ucrt\stdlib.h(908,26): message : see declaration of 'mbstowcs_s'
C:\Program Files (x86)\Windows Kits\10\Include\10.0.22621.0\ucrt\stdlib.h(916,1): message : could be 'errno_t mbstowcs_s(size_t *,wchar_t (&)[_Size],const char *,size_t) noexcept'
C:\Users\s211426\Documents\GitHub\MathLibraryTests---STUDENT\MathLibraryTests - STUDENT\TestToString.h(62,5): message : 'errno_t mbstowcs_s(size_t *,wchar_t (&)[_Size],const char *,size_t) noexcept': expects 4 arguments - 3 provided
C:\Users\s211426\Documents\GitHub\MathLibraryTests---STUDENT\MathLibraryTests - STUDENT\TestToString.h(62,5): message : while trying to match the argument list '(size_t *, wchar_t *, unsigned __int64)'
C:\Users\s211426\Documents\GitHub\MathLibraryTests---STUDENT\MathLibraryTests - STUDENT\TestToString.h(92,18): error C2039: 'ToString': is not a member of 'MathClasses::Matrix4'
C:\Users\s211426\Documents\GitHub\MathLibraryTests---STUDENT\MathLibraryTests - STUDENT\MathHeaders\Matrix4.h(4,12): message : see declaration of 'MathClasses::Matrix4'
C:\Users\s211426\Documents\GitHub\MathLibraryTests---STUDENT\MathLibraryTests - STUDENT\TestToString.h(103,1): error C3536: 'str': cannot be used before it is initialized
C:\Users\s211426\Documents\GitHub\MathLibraryTests---STUDENT\MathLibraryTests - STUDENT\TestToString.h(103,20): error C2665: 'std::basic_string<wchar_t,std::char_traits<wchar_t>,std::allocator<wchar_t>>::basic_string': no overloaded function could convert all the argument types
C:\Program Files\Microsoft Visual Studio\2022\Community\VC\Tools\MSVC\14.34.31933\include\xstring(2674,5): message : could be 'std::basic_string<wchar_t,std::char_traits<wchar_t>,std::allocator<wchar_t>>::basic_string(const _Elem *const )'
          with
          [
              _Elem=wchar_t
          ]
C:\Users\s211426\Documents\GitHub\MathLibraryTests---STUDENT\MathLibraryTests - STUDENT\TestToString.h(103,20): message : 'std::basic_string<wchar_t,std::char_traits<wchar_t>,std::allocator<wchar_t>>::basic_string(const _Elem *const )': cannot convert argument 1 from 'wchar_t' to 'const _Elem *const '
          with
          [
              _Elem=wchar_t
          ]
C:\Users\s211426\Documents\GitHub\MathLibraryTests---STUDENT\MathLibraryTests - STUDENT\TestToString.h(103,39): message : Conversion from integral type to pointer type requires reinterpret_cast, C-style cast or parenthesized function-style cast
C:\Program Files\Microsoft Visual Studio\2022\Community\VC\Tools\MSVC\14.34.31933\include\xstring(3224,5): message : or       'std::basic_string<wchar_t,std::char_traits<wchar_t>,std::allocator<wchar_t>>::basic_string(std::initializer_list<_Elem>,const _Alloc &)'
          with
          [
              _Elem=wchar_t,
              _Alloc=std::allocator<wchar_t>
          ]
C:\Users\s211426\Documents\GitHub\MathLibraryTests---STUDENT\MathLibraryTests - STUDENT\TestToString.h(103,20): message : 'std::basic_string<wchar_t,std::char_traits<wchar_t>,std::allocator<wchar_t>>::basic_string(std::initializer_list<_Elem>,const _Alloc &)': cannot convert argument 1 from 'wchar_t' to 'std::initializer_list<_Elem>'
          with
          [
              _Elem=wchar_t,
              _Alloc=std::allocator<wchar_t>
          ]
          and
          [
              _Elem=wchar_t
          ]
C:\Users\s211426\Documents\GitHub\MathLibraryTests---STUDENT\MathLibraryTests - STUDENT\TestToString.h(103,39): message : No constructor could take the source type, or constructor overload resolution was ambiguous
C:\Program Files\Microsoft Visual Studio\2022\Community\VC\Tools\MSVC\14.34.31933\include\xstring(2620,5): message : or       'std::basic_string<wchar_t,std::char_traits<wchar_t>,std::allocator<wchar_t>>::basic_string(const _Alloc &) noexcept'
          with
          [
              _Alloc=std::allocator<wchar_t>
          ]
C:\Users\s211426\Documents\GitHub\MathLibraryTests---STUDENT\MathLibraryTests - STUDENT\TestToString.h(103,20): message : 'std::basic_string<wchar_t,std::char_traits<wchar_t>,std::allocator<wchar_t>>::basic_string(const _Alloc &) noexcept': cannot convert argument 1 from 'wchar_t' to 'const _Alloc &'
          with
          [
              _Alloc=std::allocator<wchar_t>
          ]
C:\Users\s211426\Documents\GitHub\MathLibraryTests---STUDENT\MathLibraryTests - STUDENT\TestToString.h(103,39): message : Reason: cannot convert from 'wchar_t' to 'const _Alloc'
          with
          [
              _Alloc=std::allocator<wchar_t>
          ]
C:\Users\s211426\Documents\GitHub\MathLibraryTests---STUDENT\MathLibraryTests - STUDENT\TestToString.h(103,39): message : No constructor could take the source type, or constructor overload resolution was ambiguous
C:\Program Files\Microsoft Visual Studio\2022\Community\VC\Tools\MSVC\14.34.31933\include\xstring(3031,5): message : or       'std::basic_string<wchar_t,std::char_traits<wchar_t>,std::allocator<wchar_t>>::basic_string(const _Ty &,const unsigned __int64,const unsigned __int64,const _Alloc &)'
          with
          [
              _Alloc=std::allocator<wchar_t>
          ]
C:\Users\s211426\Documents\GitHub\MathLibraryTests---STUDENT\MathLibraryTests - STUDENT\TestToString.h(103,20): message : 'std::basic_string<wchar_t,std::char_traits<wchar_t>,std::allocator<wchar_t>>::basic_string(const _Ty &,const unsigned __int64,const unsigned __int64,const _Alloc &)': expects 4 arguments - 1 provided
          with
          [
              _Alloc=std::allocator<wchar_t>
          ]
C:\Program Files\Microsoft Visual Studio\2022\Community\VC\Tools\MSVC\14.34.31933\include\xstring(3024,5): message : or       'std::basic_string<wchar_t,std::char_traits<wchar_t>,std::allocator<wchar_t>>::basic_string(const _StringViewIsh &,const _Alloc &)'
          with
          [
              _Alloc=std::allocator<wchar_t>
          ]
C:\Users\s211426\Documents\GitHub\MathLibraryTests---STUDENT\MathLibraryTests - STUDENT\TestToString.h(103,1): message : 'std::basic_string<wchar_t,std::char_traits<wchar_t>,std::allocator<wchar_t>>::basic_string(const _StringViewIsh &,const _Alloc &)': could not deduce template argument for '__formal'
          with
          [
              _Alloc=std::allocator<wchar_t>
          ]
C:\Program Files\Microsoft Visual Studio\2022\Community\VC\Tools\MSVC\14.34.31933\include\xstring(2704,5): message : or       'std::basic_string<wchar_t,std::char_traits<wchar_t>,std::allocator<wchar_t>>::basic_string(_Iter,_Iter,const _Alloc &)'
          with
          [
              _Alloc=std::allocator<wchar_t>
          ]
C:\Users\s211426\Documents\GitHub\MathLibraryTests---STUDENT\MathLibraryTests - STUDENT\TestToString.h(103,20): message : 'std::basic_string<wchar_t,std::char_traits<wchar_t>,std::allocator<wchar_t>>::basic_string(_Iter,_Iter,const _Alloc &)': expects 3 arguments - 1 provided
          with
          [
              _Alloc=std::allocator<wchar_t>
          ]
C:\Program Files\Microsoft Visual Studio\2022\Community\VC\Tools\MSVC\14.34.31933\include\xstring(2698,5): message : or       'std::basic_string<wchar_t,std::char_traits<wchar_t>,std::allocator<wchar_t>>::basic_string(const unsigned __int64,const _Elem,const _Alloc &)'
          with
          [
              _Elem=wchar_t,
              _Alloc=std::allocator<wchar_t>
          ]
C:\Users\s211426\Documents\GitHub\MathLibraryTests---STUDENT\MathLibraryTests - STUDENT\TestToString.h(103,20): message : 'std::basic_string<wchar_t,std::char_traits<wchar_t>,std::allocator<wchar_t>>::basic_string(const unsigned __int64,const _Elem,const _Alloc &)': expects 3 arguments - 1 provided
          with
          [
              _Elem=wchar_t,
              _Alloc=std::allocator<wchar_t>
          ]
C:\Program Files\Microsoft Visual Studio\2022\Community\VC\Tools\MSVC\14.34.31933\include\xstring(2685,5): message : or       'std::basic_string<wchar_t,std::char_traits<wchar_t>,std::allocator<wchar_t>>::basic_string(const _Elem *const ,const _Alloc &)'
          with
          [
              _Elem=wchar_t,
              _Alloc=std::allocator<wchar_t>
          ]
C:\Users\s211426\Documents\GitHub\MathLibraryTests---STUDENT\MathLibraryTests - STUDENT\TestToString.h(103,20): message : 'std::basic_string<wchar_t,std::char_traits<wchar_t>,std::allocator<wchar_t>>::basic_string(const _Elem *const ,const _Alloc &)': expects 2 arguments - 1 provided
          with
          [
              _Elem=wchar_t,
              _Alloc=std::allocator<wchar_t>
          ]
C:\Users\s211426\Documents\GitHub\MathLibraryTests---STUDENT\MathLibraryTests - STUDENT\TestToString.h(103,20): message : while trying to match the argument list '(wchar_t)'
C:\Users\s211426\Documents\GitHub\MathLibraryTests---STUDENT\MathLibraryTests - STUDENT\TestToString.h(106,5): error C2660: 'mbstowcs_s': function does not take 3 arguments
C:\Program Files (x86)\Windows Kits\10\Include\10.0.22621.0\ucrt\stdlib.h(908,26): message : see declaration of 'mbstowcs_s'
C:\Program Files (x86)\Windows Kits\10\Include\10.0.22621.0\ucrt\stdlib.h(916,1): message : could be 'errno_t mbstowcs_s(size_t *,wchar_t (&)[_Size],const char *,size_t) noexcept'
C:\Users\s211426\Documents\GitHub\MathLibraryTests---STUDENT\MathLibraryTests - STUDENT\TestToString.h(106,5): message : 'errno_t mbstowcs_s(size_t *,wchar_t (&)[_Size],const char *,size_t) noexcept': expects 4 arguments - 3 provided
C:\Users\s211426\Documents\GitHub\MathLibraryTests---STUDENT\MathLibraryTests - STUDENT\TestToString.h(106,5): message : while trying to match the argument list '(size_t *, wchar_t *, unsigned __int64)'
C:\Users\s211426\Documents\GitHub\MathLibraryTests---STUDENT\MathLibraryTests - STUDENT\Matrix3Tests.cpp(62,15): error C2665: 'MathClasses::Matrix3::Matrix3': no overloaded function could convert all the argument types
C:\Users\s211426\Documents\GitHub\MathLibraryTests---STUDENT\MathLibraryTests - STUDENT\MathHeaders\Matrix3.h(258,5): message : could be 'MathClasses::Matrix3::Matrix3(MathClasses::Matrix3 &&)'
C:\Users\s211426\Documents\GitHub\MathLibraryTests---STUDENT\MathLibraryTests - STUDENT\Matrix3Tests.cpp(62,15): message : 'MathClasses::Matrix3::Matrix3(MathClasses::Matrix3 &&)': cannot convert argument 1 from 'float [9]' to 'MathClasses::Matrix3 &&'
C:\Users\s211426\Documents\GitHub\MathLibraryTests---STUDENT\MathLibraryTests - STUDENT\Matrix3Tests.cpp(62,16): message : Reason: cannot convert from 'float [9]' to 'MathClasses::Matrix3'
C:\Users\s211426\Documents\GitHub\MathLibraryTests---STUDENT\MathLibraryTests - STUDENT\Matrix3Tests.cpp(62,16): message : No constructor could take the source type, or constructor overload resolution was ambiguous
C:\Users\s211426\Documents\GitHub\MathLibraryTests---STUDENT\MathLibraryTests - STUDENT\MathHeaders\Matrix3.h(258,5): message : or       'MathClasses::Matrix3::Matrix3(const MathClasses::Matrix3 &)'
C:\Users\s211426\Documents\GitHub\MathLibraryTests---STUDENT\MathLibraryTests - STUDENT\Matrix3Tests.cpp(62,15): message : 'MathClasses::Matrix3::Matrix3(const MathClasses::Matrix3 &)': cannot convert argument 1 from 'float [9]' to 'const MathClasses::Matrix3 &'
C:\Users\s211426\Documents\GitHub\MathLibraryTests---STUDENT\MathLibraryTests - STUDENT\Matrix3Tests.cpp(62,16): message : Reason: cannot convert from 'float [9]' to 'const MathClasses::Matrix3'
C:\Users\s211426\Documents\GitHub\MathLibraryTests---STUDENT\MathLibraryTests - STUDENT\Matrix3Tests.cpp(62,16): message : No constructor could take the source type, or constructor overload resolution was ambiguous
C:\Users\s211426\Documents\GitHub\MathLibraryTests---STUDENT\MathLibraryTests - STUDENT\Matrix3Tests.cpp(62,15): message : while trying to match the argument list '(float [9])'
C:\Users\s211426\Documents\GitHub\MathLibraryTests---STUDENT\MathLibraryTests - STUDENT\Matrix3Tests.cpp(172,15): error C2440: 'type cast': cannot convert from 'MathClasses::Matrix3' to 'float *'
C:\Users\s211426\Documents\GitHub\MathLibraryTests---STUDENT\MathLibraryTests - STUDENT\Matrix3Tests.cpp(172,15): message : No user-defined-conversion operator available that can perform this conversion, or the operator cannot be called
C:\Users\s211426\Documents\GitHub\MathLibraryTests---STUDENT\MathLibraryTests - STUDENT\Matrix3Tests.cpp(185,21): error C2440: 'type cast': cannot convert from 'MathClasses::Matrix3' to 'float *'
C:\Users\s211426\Documents\GitHub\MathLibraryTests---STUDENT\MathLibraryTests - STUDENT\Matrix3Tests.cpp(185,21): message : No user-defined-conversion operator available that can perform this conversion, or the operator cannot be called
  Matrix3TransformTests.cpp
C:\Users\s211426\Documents\GitHub\MathLibraryTests---STUDENT\MathLibraryTests - STUDENT\TestToString.h(48,18): error C2039: 'ToString': is not a member of 'MathClasses::Vector4'
C:\Users\s211426\Documents\GitHub\MathLibraryTests---STUDENT\MathLibraryTests - STUDENT\MathHeaders\Vector4.h(5,12): message : see declaration of 'MathClasses::Vector4'
C:\Users\s211426\Documents\GitHub\MathLibraryTests---STUDENT\MathLibraryTests - STUDENT\TestToString.h(59,1): error C3536: 'str': cannot be used before it is initialized
C:\Users\s211426\Documents\GitHub\MathLibraryTests---STUDENT\MathLibraryTests - STUDENT\TestToString.h(59,20): error C2665: 'std::basic_string<wchar_t,std::char_traits<wchar_t>,std::allocator<wchar_t>>::basic_string': no overloaded function could convert all the argument types
C:\Program Files\Microsoft Visual Studio\2022\Community\VC\Tools\MSVC\14.34.31933\include\xstring(2674,5): message : could be 'std::basic_string<wchar_t,std::char_traits<wchar_t>,std::allocator<wchar_t>>::basic_string(const _Elem *const )'
          with
          [
              _Elem=wchar_t
          ]
C:\Users\s211426\Documents\GitHub\MathLibraryTests---STUDENT\MathLibraryTests - STUDENT\TestToString.h(59,20): message : 'std::basic_string<wchar_t,std::char_traits<wchar_t>,std::allocator<wchar_t>>::basic_string(const _Elem *const )': cannot convert argument 1 from 'wchar_t' to 'const _Elem *const '
          with
          [
              _Elem=wchar_t
          ]
C:\Users\s211426\Documents\GitHub\MathLibraryTests---STUDENT\MathLibraryTests - STUDENT\TestToString.h(59,39): message : Conversion from integral type to pointer type requires reinterpret_cast, C-style cast or parenthesized function-style cast
C:\Program Files\Microsoft Visual Studio\2022\Community\VC\Tools\MSVC\14.34.31933\include\xstring(3224,5): message : or       'std::basic_string<wchar_t,std::char_traits<wchar_t>,std::allocator<wchar_t>>::basic_string(std::initializer_list<_Elem>,const _Alloc &)'
          with
          [
              _Elem=wchar_t,
              _Alloc=std::allocator<wchar_t>
          ]
C:\Users\s211426\Documents\GitHub\MathLibraryTests---STUDENT\MathLibraryTests - STUDENT\TestToString.h(59,20): message : 'std::basic_string<wchar_t,std::char_traits<wchar_t>,std::allocator<wchar_t>>::basic_string(std::initializer_list<_Elem>,const _Alloc &)': cannot convert argument 1 from 'wchar_t' to 'std::initializer_list<_Elem>'
          with
          [
              _Elem=wchar_t,
              _Alloc=std::allocator<wchar_t>
          ]
          and
          [
              _Elem=wchar_t
          ]
C:\Users\s211426\Documents\GitHub\MathLibraryTests---STUDENT\MathLibraryTests - STUDENT\TestToString.h(59,39): message : No constructor could take the source type, or constructor overload resolution was ambiguous
C:\Program Files\Microsoft Visual Studio\2022\Community\VC\Tools\MSVC\14.34.31933\include\xstring(2620,5): message : or       'std::basic_string<wchar_t,std::char_traits<wchar_t>,std::allocator<wchar_t>>::basic_string(const _Alloc &) noexcept'
          with
          [
              _Alloc=std::allocator<wchar_t>
          ]
C:\Users\s211426\Documents\GitHub\MathLibraryTests---STUDENT\MathLibraryTests - STUDENT\TestToString.h(59,20): message : 'std::basic_string<wchar_t,std::char_traits<wchar_t>,std::allocator<wchar_t>>::basic_string(const _Alloc &) noexcept': cannot convert argument 1 from 'wchar_t' to 'const _Alloc &'
          with
          [
              _Alloc=std::allocator<wchar_t>
          ]
C:\Users\s211426\Documents\GitHub\MathLibraryTests---STUDENT\MathLibraryTests - STUDENT\TestToString.h(59,39): message : Reason: cannot convert from 'wchar_t' to 'const _Alloc'
          with
          [
              _Alloc=std::allocator<wchar_t>
          ]
C:\Users\s211426\Documents\GitHub\MathLibraryTests---STUDENT\MathLibraryTests - STUDENT\TestToString.h(59,39): message : No constructor could take the source type, or constructor overload resolution was ambiguous
C:\Program Files\Microsoft Visual Studio\2022\Community\VC\Tools\MSVC\14.34.31933\include\xstring(3031,5): message : or       'std::basic_string<wchar_t,std::char_traits<wchar_t>,std::allocator<wchar_t>>::basic_string(const _Ty &,const unsigned __int64,const unsigned __int64,const _Alloc &)'
          with
          [
              _Alloc=std::allocator<wchar_t>
          ]
C:\Users\s211426\Documents\GitHub\MathLibraryTests---STUDENT\MathLibraryTests - STUDENT\TestToString.h(59,20): message : 'std::basic_string<wchar_t,std::char_traits<wchar_t>,std::allocator<wchar_t>>::basic_string(const _Ty &,const unsigned __int64,const unsigned __int64,const _Alloc &)': expects 4 arguments - 1 provided
          with
          [
              _Alloc=std::allocator<wchar_t>
          ]
C:\Program Files\Microsoft Visual Studio\2022\Community\VC\Tools\MSVC\14.34.31933\include\xstring(3024,5): message : or       'std::basic_string<wchar_t,std::char_traits<wchar_t>,std::allocator<wchar_t>>::basic_string(const _StringViewIsh &,const _Alloc &)'
          with
          [
              _Alloc=std::allocator<wchar_t>
          ]
C:\Users\s211426\Documents\GitHub\MathLibraryTests---STUDENT\MathLibraryTests - STUDENT\TestToString.h(59,1): message : 'std::basic_string<wchar_t,std::char_traits<wchar_t>,std::allocator<wchar_t>>::basic_string(const _StringViewIsh &,const _Alloc &)': could not deduce template argument for '__formal'
          with
          [
              _Alloc=std::allocator<wchar_t>
          ]
C:\Program Files\Microsoft Visual Studio\2022\Community\VC\Tools\MSVC\14.34.31933\include\xstring(2704,5): message : or       'std::basic_string<wchar_t,std::char_traits<wchar_t>,std::allocator<wchar_t>>::basic_string(_Iter,_Iter,const _Alloc &)'
          with
          [
              _Alloc=std::allocator<wchar_t>
          ]
C:\Users\s211426\Documents\GitHub\MathLibraryTests---STUDENT\MathLibraryTests - STUDENT\TestToString.h(59,20): message : 'std::basic_string<wchar_t,std::char_traits<wchar_t>,std::allocator<wchar_t>>::basic_string(_Iter,_Iter,const _Alloc &)': expects 3 arguments - 1 provided
          with
          [
              _Alloc=std::allocator<wchar_t>
          ]
C:\Program Files\Microsoft Visual Studio\2022\Community\VC\Tools\MSVC\14.34.31933\include\xstring(2698,5): message : or       'std::basic_string<wchar_t,std::char_traits<wchar_t>,std::allocator<wchar_t>>::basic_string(const unsigned __int64,const _Elem,const _Alloc &)'
          with
          [
              _Elem=wchar_t,
              _Alloc=std::allocator<wchar_t>
          ]
C:\Users\s211426\Documents\GitHub\MathLibraryTests---STUDENT\MathLibraryTests - STUDENT\TestToString.h(59,20): message : 'std::basic_string<wchar_t,std::char_traits<wchar_t>,std::allocator<wchar_t>>::basic_string(const unsigned __int64,const _Elem,const _Alloc &)': expects 3 arguments - 1 provided
          with
          [
              _Elem=wchar_t,
              _Alloc=std::allocator<wchar_t>
          ]
C:\Program Files\Microsoft Visual Studio\2022\Community\VC\Tools\MSVC\14.34.31933\include\xstring(2685,5): message : or       'std::basic_string<wchar_t,std::char_traits<wchar_t>,std::allocator<wchar_t>>::basic_string(const _Elem *const ,const _Alloc &)'
          with
          [
              _Elem=wchar_t,
              _Alloc=std::allocator<wchar_t>
          ]
C:\Users\s211426\Documents\GitHub\MathLibraryTests---STUDENT\MathLibraryTests - STUDENT\TestToString.h(59,20): message : 'std::basic_string<wchar_t,std::char_traits<wchar_t>,std::allocator<wchar_t>>::basic_string(const _Elem *const ,const _Alloc &)': expects 2 arguments - 1 provided
          with
          [
              _Elem=wchar_t,
              _Alloc=std::allocator<wchar_t>
          ]
C:\Users\s211426\Documents\GitHub\MathLibraryTests---STUDENT\MathLibraryTests - STUDENT\TestToString.h(59,20): message : while trying to match the argument list '(wchar_t)'
C:\Users\s211426\Documents\GitHub\MathLibraryTests---STUDENT\MathLibraryTests - STUDENT\TestToString.h(62,5): error C2660: 'mbstowcs_s': function does not take 3 arguments
C:\Program Files (x86)\Windows Kits\10\Include\10.0.22621.0\ucrt\stdlib.h(908,26): message : see declaration of 'mbstowcs_s'
C:\Program Files (x86)\Windows Kits\10\Include\10.0.22621.0\ucrt\stdlib.h(916,1): message : could be 'errno_t mbstowcs_s(size_t *,wchar_t (&)[_Size],const char *,size_t) noexcept'
C:\Users\s211426\Documents\GitHub\MathLibraryTests---STUDENT\MathLibraryTests - STUDENT\TestToString.h(62,5): message : 'errno_t mbstowcs_s(size_t *,wchar_t (&)[_Size],const char *,size_t) noexcept': expects 4 arguments - 3 provided
C:\Users\s211426\Documents\GitHub\MathLibraryTests---STUDENT\MathLibraryTests - STUDENT\TestToString.h(62,5): message : while trying to match the argument list '(size_t *, wchar_t *, unsigned __int64)'
C:\Users\s211426\Documents\GitHub\MathLibraryTests---STUDENT\MathLibraryTests - STUDENT\TestToString.h(92,18): error C2039: 'ToString': is not a member of 'MathClasses::Matrix4'
C:\Users\s211426\Documents\GitHub\MathLibraryTests---STUDENT\MathLibraryTests - STUDENT\MathHeaders\Matrix4.h(4,12): message : see declaration of 'MathClasses::Matrix4'
C:\Users\s211426\Documents\GitHub\MathLibraryTests---STUDENT\MathLibraryTests - STUDENT\TestToString.h(103,1): error C3536: 'str': cannot be used before it is initialized
C:\Users\s211426\Documents\GitHub\MathLibraryTests---STUDENT\MathLibraryTests - STUDENT\TestToString.h(103,20): error C2665: 'std::basic_string<wchar_t,std::char_traits<wchar_t>,std::allocator<wchar_t>>::basic_string': no overloaded function could convert all the argument types
C:\Program Files\Microsoft Visual Studio\2022\Community\VC\Tools\MSVC\14.34.31933\include\xstring(2674,5): message : could be 'std::basic_string<wchar_t,std::char_traits<wchar_t>,std::allocator<wchar_t>>::basic_string(const _Elem *const )'
          with
          [
              _Elem=wchar_t
          ]
C:\Users\s211426\Documents\GitHub\MathLibraryTests---STUDENT\MathLibraryTests - STUDENT\TestToString.h(103,20): message : 'std::basic_string<wchar_t,std::char_traits<wchar_t>,std::allocator<wchar_t>>::basic_string(const _Elem *const )': cannot convert argument 1 from 'wchar_t' to 'const _Elem *const '
          with
          [
              _Elem=wchar_t
          ]
C:\Users\s211426\Documents\GitHub\MathLibraryTests---STUDENT\MathLibraryTests - STUDENT\TestToString.h(103,39): message : Conversion from integral type to pointer type requires reinterpret_cast, C-style cast or parenthesized function-style cast
C:\Program Files\Microsoft Visual Studio\2022\Community\VC\Tools\MSVC\14.34.31933\include\xstring(3224,5): message : or       'std::basic_string<wchar_t,std::char_traits<wchar_t>,std::allocator<wchar_t>>::basic_string(std::initializer_list<_Elem>,const _Alloc &)'
          with
          [
              _Elem=wchar_t,
              _Alloc=std::allocator<wchar_t>
          ]
C:\Users\s211426\Documents\GitHub\MathLibraryTests---STUDENT\MathLibraryTests - STUDENT\TestToString.h(103,20): message : 'std::basic_string<wchar_t,std::char_traits<wchar_t>,std::allocator<wchar_t>>::basic_string(std::initializer_list<_Elem>,const _Alloc &)': cannot convert argument 1 from 'wchar_t' to 'std::initializer_list<_Elem>'
          with
          [
              _Elem=wchar_t,
              _Alloc=std::allocator<wchar_t>
          ]
          and
          [
              _Elem=wchar_t
          ]
C:\Users\s211426\Documents\GitHub\MathLibraryTests---STUDENT\MathLibraryTests - STUDENT\TestToString.h(103,39): message : No constructor could take the source type, or constructor overload resolution was ambiguous
C:\Program Files\Microsoft Visual Studio\2022\Community\VC\Tools\MSVC\14.34.31933\include\xstring(2620,5): message : or       'std::basic_string<wchar_t,std::char_traits<wchar_t>,std::allocator<wchar_t>>::basic_string(const _Alloc &) noexcept'
          with
          [
              _Alloc=std::allocator<wchar_t>
          ]
C:\Users\s211426\Documents\GitHub\MathLibraryTests---STUDENT\MathLibraryTests - STUDENT\TestToString.h(103,20): message : 'std::basic_string<wchar_t,std::char_traits<wchar_t>,std::allocator<wchar_t>>::basic_string(const _Alloc &) noexcept': cannot convert argument 1 from 'wchar_t' to 'const _Alloc &'
          with
          [
              _Alloc=std::allocator<wchar_t>
          ]
C:\Users\s211426\Documents\GitHub\MathLibraryTests---STUDENT\MathLibraryTests - STUDENT\TestToString.h(103,39): message : Reason: cannot convert from 'wchar_t' to 'const _Alloc'
          with
          [
              _Alloc=std::allocator<wchar_t>
          ]
C:\Users\s211426\Documents\GitHub\MathLibraryTests---STUDENT\MathLibraryTests - STUDENT\TestToString.h(103,39): message : No constructor could take the source type, or constructor overload resolution was ambiguous
C:\Program Files\Microsoft Visual Studio\2022\Community\VC\Tools\MSVC\14.34.31933\include\xstring(3031,5): message : or       'std::basic_string<wchar_t,std::char_traits<wchar_t>,std::allocator<wchar_t>>::basic_string(const _Ty &,const unsigned __int64,const unsigned __int64,const _Alloc &)'
          with
          [
              _Alloc=std::allocator<wchar_t>
          ]
C:\Users\s211426\Documents\GitHub\MathLibraryTests---STUDENT\MathLibraryTests - STUDENT\TestToString.h(103,20): message : 'std::basic_string<wchar_t,std::char_traits<wchar_t>,std::allocator<wchar_t>>::basic_string(const _Ty &,const unsigned __int64,const unsigned __int64,const _Alloc &)': expects 4 arguments - 1 provided
          with
          [
              _Alloc=std::allocator<wchar_t>
          ]
C:\Program Files\Microsoft Visual Studio\2022\Community\VC\Tools\MSVC\14.34.31933\include\xstring(3024,5): message : or       'std::basic_string<wchar_t,std::char_traits<wchar_t>,std::allocator<wchar_t>>::basic_string(const _StringViewIsh &,const _Alloc &)'
          with
          [
              _Alloc=std::allocator<wchar_t>
          ]
C:\Users\s211426\Documents\GitHub\MathLibraryTests---STUDENT\MathLibraryTests - STUDENT\TestToString.h(103,1): message : 'std::basic_string<wchar_t,std::char_traits<wchar_t>,std::allocator<wchar_t>>::basic_string(const _StringViewIsh &,const _Alloc &)': could not deduce template argument for '__formal'
          with
          [
              _Alloc=std::allocator<wchar_t>
          ]
C:\Program Files\Microsoft Visual Studio\2022\Community\VC\Tools\MSVC\14.34.31933\include\xstring(2704,5): message : or       'std::basic_string<wchar_t,std::char_traits<wchar_t>,std::allocator<wchar_t>>::basic_string(_Iter,_Iter,const _Alloc &)'
          with
          [
              _Alloc=std::allocator<wchar_t>
          ]
C:\Users\s211426\Documents\GitHub\MathLibraryTests---STUDENT\MathLibraryTests - STUDENT\TestToString.h(103,20): message : 'std::basic_string<wchar_t,std::char_traits<wchar_t>,std::allocator<wchar_t>>::basic_string(_Iter,_Iter,const _Alloc &)': expects 3 arguments - 1 provided
          with
          [
              _Alloc=std::allocator<wchar_t>
          ]
C:\Program Files\Microsoft Visual Studio\2022\Community\VC\Tools\MSVC\14.34.31933\include\xstring(2698,5): message : or       'std::basic_string<wchar_t,std::char_traits<wchar_t>,std::allocator<wchar_t>>::basic_string(const unsigned __int64,const _Elem,const _Alloc &)'
          with
          [
              _Elem=wchar_t,
              _Alloc=std::allocator<wchar_t>
          ]
C:\Users\s211426\Documents\GitHub\MathLibraryTests---STUDENT\MathLibraryTests - STUDENT\TestToString.h(103,20): message : 'std::basic_string<wchar_t,std::char_traits<wchar_t>,std::allocator<wchar_t>>::basic_string(const unsigned __int64,const _Elem,const _Alloc &)': expects 3 arguments - 1 provided
          with
          [
              _Elem=wchar_t,
              _Alloc=std::allocator<wchar_t>
          ]
C:\Program Files\Microsoft Visual Studio\2022\Community\VC\Tools\MSVC\14.34.31933\include\xstring(2685,5): message : or       'std::basic_string<wchar_t,std::char_traits<wchar_t>,std::allocator<wchar_t>>::basic_string(const _Elem *const ,const _Alloc &)'
          with
          [
              _Elem=wchar_t,
              _Alloc=std::allocator<wchar_t>
          ]
C:\Users\s211426\Documents\GitHub\MathLibraryTests---STUDENT\MathLibraryTests - STUDENT\TestToString.h(103,20): message : 'std::basic_string<wchar_t,std::char_traits<wchar_t>,std::allocator<wchar_t>>::basic_string(const _Elem *const ,const _Alloc &)': expects 2 arguments - 1 provided
          with
          [
              _Elem=wchar_t,
              _Alloc=std::allocator<wchar_t>
          ]
C:\Users\s211426\Documents\GitHub\MathLibraryTests---STUDENT\MathLibraryTests - STUDENT\TestToString.h(103,20): message : while trying to match the argument list '(wchar_t)'
C:\Users\s211426\Documents\GitHub\MathLibraryTests---STUDENT\MathLibraryTests - STUDENT\TestToString.h(106,5): error C2660: 'mbstowcs_s': function does not take 3 arguments
C:\Program Files (x86)\Windows Kits\10\Include\10.0.22621.0\ucrt\stdlib.h(908,26): message : see declaration of 'mbstowcs_s'
C:\Program Files (x86)\Windows Kits\10\Include\10.0.22621.0\ucrt\stdlib.h(916,1): message : could be 'errno_t mbstowcs_s(size_t *,wchar_t (&)[_Size],const char *,size_t) noexcept'
C:\Users\s211426\Documents\GitHub\MathLibraryTests---STUDENT\MathLibraryTests - STUDENT\TestToString.h(106,5): message : 'errno_t mbstowcs_s(size_t *,wchar_t (&)[_Size],const char *,size_t) noexcept': expects 4 arguments - 3 provided
C:\Users\s211426\Documents\GitHub\MathLibraryTests---STUDENT\MathLibraryTests - STUDENT\TestToString.h(106,5): message : while trying to match the argument list '(size_t *, wchar_t *, unsigned __int64)'
  Matrix4Tests.cpp
C:\Users\s211426\Documents\GitHub\MathLibraryTests---STUDENT\MathLibraryTests - STUDENT\TestToString.h(48,18): error C2039: 'ToString': is not a member of 'MathClasses::Vector4'
C:\Users\s211426\Documents\GitHub\MathLibraryTests---STUDENT\MathLibraryTests - STUDENT\MathHeaders\Vector4.h(5,12): message : see declaration of 'MathClasses::Vector4'
C:\Users\s211426\Documents\GitHub\MathLibraryTests---STUDENT\MathLibraryTests - STUDENT\TestToString.h(59,1): error C3536: 'str': cannot be used before it is initialized
C:\Users\s211426\Documents\GitHub\MathLibraryTests---STUDENT\MathLibraryTests - STUDENT\TestToString.h(59,20): error C2665: 'std::basic_string<wchar_t,std::char_traits<wchar_t>,std::allocator<wchar_t>>::basic_string': no overloaded function could convert all the argument types
C:\Program Files\Microsoft Visual Studio\2022\Community\VC\Tools\MSVC\14.34.31933\include\xstring(2674,5): message : could be 'std::basic_string<wchar_t,std::char_traits<wchar_t>,std::allocator<wchar_t>>::basic_string(const _Elem *const )'
          with
          [
              _Elem=wchar_t
          ]
C:\Users\s211426\Documents\GitHub\MathLibraryTests---STUDENT\MathLibraryTests - STUDENT\TestToString.h(59,20): message : 'std::basic_string<wchar_t,std::char_traits<wchar_t>,std::allocator<wchar_t>>::basic_string(const _Elem *const )': cannot convert argument 1 from 'wchar_t' to 'const _Elem *const '
          with
          [
              _Elem=wchar_t
          ]
C:\Users\s211426\Documents\GitHub\MathLibraryTests---STUDENT\MathLibraryTests - STUDENT\TestToString.h(59,39): message : Conversion from integral type to pointer type requires reinterpret_cast, C-style cast or parenthesized function-style cast
C:\Program Files\Microsoft Visual Studio\2022\Community\VC\Tools\MSVC\14.34.31933\include\xstring(3224,5): message : or       'std::basic_string<wchar_t,std::char_traits<wchar_t>,std::allocator<wchar_t>>::basic_string(std::initializer_list<_Elem>,const _Alloc &)'
          with
          [
              _Elem=wchar_t,
              _Alloc=std::allocator<wchar_t>
          ]
C:\Users\s211426\Documents\GitHub\MathLibraryTests---STUDENT\MathLibraryTests - STUDENT\TestToString.h(59,20): message : 'std::basic_string<wchar_t,std::char_traits<wchar_t>,std::allocator<wchar_t>>::basic_string(std::initializer_list<_Elem>,const _Alloc &)': cannot convert argument 1 from 'wchar_t' to 'std::initializer_list<_Elem>'
          with
          [
              _Elem=wchar_t,
              _Alloc=std::allocator<wchar_t>
          ]
          and
          [
              _Elem=wchar_t
          ]
C:\Users\s211426\Documents\GitHub\MathLibraryTests---STUDENT\MathLibraryTests - STUDENT\TestToString.h(59,39): message : No constructor could take the source type, or constructor overload resolution was ambiguous
C:\Program Files\Microsoft Visual Studio\2022\Community\VC\Tools\MSVC\14.34.31933\include\xstring(2620,5): message : or       'std::basic_string<wchar_t,std::char_traits<wchar_t>,std::allocator<wchar_t>>::basic_string(const _Alloc &) noexcept'
          with
          [
              _Alloc=std::allocator<wchar_t>
          ]
C:\Users\s211426\Documents\GitHub\MathLibraryTests---STUDENT\MathLibraryTests - STUDENT\TestToString.h(59,20): message : 'std::basic_string<wchar_t,std::char_traits<wchar_t>,std::allocator<wchar_t>>::basic_string(const _Alloc &) noexcept': cannot convert argument 1 from 'wchar_t' to 'const _Alloc &'
          with
          [
              _Alloc=std::allocator<wchar_t>
          ]
C:\Users\s211426\Documents\GitHub\MathLibraryTests---STUDENT\MathLibraryTests - STUDENT\TestToString.h(59,39): message : Reason: cannot convert from 'wchar_t' to 'const _Alloc'
          with
          [
              _Alloc=std::allocator<wchar_t>
          ]
C:\Users\s211426\Documents\GitHub\MathLibraryTests---STUDENT\MathLibraryTests - STUDENT\TestToString.h(59,39): message : No constructor could take the source type, or constructor overload resolution was ambiguous
C:\Program Files\Microsoft Visual Studio\2022\Community\VC\Tools\MSVC\14.34.31933\include\xstring(3031,5): message : or       'std::basic_string<wchar_t,std::char_traits<wchar_t>,std::allocator<wchar_t>>::basic_string(const _Ty &,const unsigned __int64,const unsigned __int64,const _Alloc &)'
          with
          [
              _Alloc=std::allocator<wchar_t>
          ]
C:\Users\s211426\Documents\GitHub\MathLibraryTests---STUDENT\MathLibraryTests - STUDENT\TestToString.h(59,20): message : 'std::basic_string<wchar_t,std::char_traits<wchar_t>,std::allocator<wchar_t>>::basic_string(const _Ty &,const unsigned __int64,const unsigned __int64,const _Alloc &)': expects 4 arguments - 1 provided
          with
          [
              _Alloc=std::allocator<wchar_t>
          ]
C:\Program Files\Microsoft Visual Studio\2022\Community\VC\Tools\MSVC\14.34.31933\include\xstring(3024,5): message : or       'std::basic_string<wchar_t,std::char_traits<wchar_t>,std::allocator<wchar_t>>::basic_string(const _StringViewIsh &,const _Alloc &)'
          with
          [
              _Alloc=std::allocator<wchar_t>
          ]
C:\Users\s211426\Documents\GitHub\MathLibraryTests---STUDENT\MathLibraryTests - STUDENT\TestToString.h(59,1): message : 'std::basic_string<wchar_t,std::char_traits<wchar_t>,std::allocator<wchar_t>>::basic_string(const _StringViewIsh &,const _Alloc &)': could not deduce template argument for '__formal'
          with
          [
              _Alloc=std::allocator<wchar_t>
          ]
C:\Program Files\Microsoft Visual Studio\2022\Community\VC\Tools\MSVC\14.34.31933\include\xstring(2704,5): message : or       'std::basic_string<wchar_t,std::char_traits<wchar_t>,std::allocator<wchar_t>>::basic_string(_Iter,_Iter,const _Alloc &)'
          with
          [
              _Alloc=std::allocator<wchar_t>
          ]
C:\Users\s211426\Documents\GitHub\MathLibraryTests---STUDENT\MathLibraryTests - STUDENT\TestToString.h(59,20): message : 'std::basic_string<wchar_t,std::char_traits<wchar_t>,std::allocator<wchar_t>>::basic_string(_Iter,_Iter,const _Alloc &)': expects 3 arguments - 1 provided
          with
          [
              _Alloc=std::allocator<wchar_t>
          ]
C:\Program Files\Microsoft Visual Studio\2022\Community\VC\Tools\MSVC\14.34.31933\include\xstring(2698,5): message : or       'std::basic_string<wchar_t,std::char_traits<wchar_t>,std::allocator<wchar_t>>::basic_string(const unsigned __int64,const _Elem,const _Alloc &)'
          with
          [
              _Elem=wchar_t,
              _Alloc=std::allocator<wchar_t>
          ]
C:\Users\s211426\Documents\GitHub\MathLibraryTests---STUDENT\MathLibraryTests - STUDENT\TestToString.h(59,20): message : 'std::basic_string<wchar_t,std::char_traits<wchar_t>,std::allocator<wchar_t>>::basic_string(const unsigned __int64,const _Elem,const _Alloc &)': expects 3 arguments - 1 provided
          with
          [
              _Elem=wchar_t,
              _Alloc=std::allocator<wchar_t>
          ]
C:\Program Files\Microsoft Visual Studio\2022\Community\VC\Tools\MSVC\14.34.31933\include\xstring(2685,5): message : or       'std::basic_string<wchar_t,std::char_traits<wchar_t>,std::allocator<wchar_t>>::basic_string(const _Elem *const ,const _Alloc &)'
          with
          [
              _Elem=wchar_t,
              _Alloc=std::allocator<wchar_t>
          ]
C:\Users\s211426\Documents\GitHub\MathLibraryTests---STUDENT\MathLibraryTests - STUDENT\TestToString.h(59,20): message : 'std::basic_string<wchar_t,std::char_traits<wchar_t>,std::allocator<wchar_t>>::basic_string(const _Elem *const ,const _Alloc &)': expects 2 arguments - 1 provided
          with
          [
              _Elem=wchar_t,
              _Alloc=std::allocator<wchar_t>
          ]
C:\Users\s211426\Documents\GitHub\MathLibraryTests---STUDENT\MathLibraryTests - STUDENT\TestToString.h(59,20): message : while trying to match the argument list '(wchar_t)'
C:\Users\s211426\Documents\GitHub\MathLibraryTests---STUDENT\MathLibraryTests - STUDENT\TestToString.h(62,5): error C2660: 'mbstowcs_s': function does not take 3 arguments
C:\Program Files (x86)\Windows Kits\10\Include\10.0.22621.0\ucrt\stdlib.h(908,26): message : see declaration of 'mbstowcs_s'
C:\Program Files (x86)\Windows Kits\10\Include\10.0.22621.0\ucrt\stdlib.h(916,1): message : could be 'errno_t mbstowcs_s(size_t *,wchar_t (&)[_Size],const char *,size_t) noexcept'
C:\Users\s211426\Documents\GitHub\MathLibraryTests---STUDENT\MathLibraryTests - STUDENT\TestToString.h(62,5): message : 'errno_t mbstowcs_s(size_t *,wchar_t (&)[_Size],const char *,size_t) noexcept': expects 4 arguments - 3 provided
C:\Users\s211426\Documents\GitHub\MathLibraryTests---STUDENT\MathLibraryTests - STUDENT\TestToString.h(62,5): message : while trying to match the argument list '(size_t *, wchar_t *, unsigned __int64)'
C:\Users\s211426\Documents\GitHub\MathLibraryTests---STUDENT\MathLibraryTests - STUDENT\TestToString.h(92,18): error C2039: 'ToString': is not a member of 'MathClasses::Matrix4'
C:\Users\s211426\Documents\GitHub\MathLibraryTests---STUDENT\MathLibraryTests - STUDENT\MathHeaders\Matrix4.h(4,12): message : see declaration of 'MathClasses::Matrix4'
C:\Users\s211426\Documents\GitHub\MathLibraryTests---STUDENT\MathLibraryTests - STUDENT\TestToString.h(103,1): error C3536: 'str': cannot be used before it is initialized
C:\Users\s211426\Documents\GitHub\MathLibraryTests---STUDENT\MathLibraryTests - STUDENT\TestToString.h(103,20): error C2665: 'std::basic_string<wchar_t,std::char_traits<wchar_t>,std::allocator<wchar_t>>::basic_string': no overloaded function could convert all the argument types
C:\Program Files\Microsoft Visual Studio\2022\Community\VC\Tools\MSVC\14.34.31933\include\xstring(2674,5): message : could be 'std::basic_string<wchar_t,std::char_traits<wchar_t>,std::allocator<wchar_t>>::basic_string(const _Elem *const )'
          with
          [
              _Elem=wchar_t
          ]
C:\Users\s211426\Documents\GitHub\MathLibraryTests---STUDENT\MathLibraryTests - STUDENT\TestToString.h(103,20): message : 'std::basic_string<wchar_t,std::char_traits<wchar_t>,std::allocator<wchar_t>>::basic_string(const _Elem *const )': cannot convert argument 1 from 'wchar_t' to 'const _Elem *const '
          with
          [
              _Elem=wchar_t
          ]
C:\Users\s211426\Documents\GitHub\MathLibraryTests---STUDENT\MathLibraryTests - STUDENT\TestToString.h(103,39): message : Conversion from integral type to pointer type requires reinterpret_cast, C-style cast or parenthesized function-style cast
C:\Program Files\Microsoft Visual Studio\2022\Community\VC\Tools\MSVC\14.34.31933\include\xstring(3224,5): message : or       'std::basic_string<wchar_t,std::char_traits<wchar_t>,std::allocator<wchar_t>>::basic_string(std::initializer_list<_Elem>,const _Alloc &)'
          with
          [
              _Elem=wchar_t,
              _Alloc=std::allocator<wchar_t>
          ]
C:\Users\s211426\Documents\GitHub\MathLibraryTests---STUDENT\MathLibraryTests - STUDENT\TestToString.h(103,20): message : 'std::basic_string<wchar_t,std::char_traits<wchar_t>,std::allocator<wchar_t>>::basic_string(std::initializer_list<_Elem>,const _Alloc &)': cannot convert argument 1 from 'wchar_t' to 'std::initializer_list<_Elem>'
          with
          [
              _Elem=wchar_t,
              _Alloc=std::allocator<wchar_t>
          ]
          and
          [
              _Elem=wchar_t
          ]
C:\Users\s211426\Documents\GitHub\MathLibraryTests---STUDENT\MathLibraryTests - STUDENT\TestToString.h(103,39): message : No constructor could take the source type, or constructor overload resolution was ambiguous
C:\Program Files\Microsoft Visual Studio\2022\Community\VC\Tools\MSVC\14.34.31933\include\xstring(2620,5): message : or       'std::basic_string<wchar_t,std::char_traits<wchar_t>,std::allocator<wchar_t>>::basic_string(const _Alloc &) noexcept'
          with
          [
              _Alloc=std::allocator<wchar_t>
          ]
C:\Users\s211426\Documents\GitHub\MathLibraryTests---STUDENT\MathLibraryTests - STUDENT\TestToString.h(103,20): message : 'std::basic_string<wchar_t,std::char_traits<wchar_t>,std::allocator<wchar_t>>::basic_string(const _Alloc &) noexcept': cannot convert argument 1 from 'wchar_t' to 'const _Alloc &'
          with
          [
              _Alloc=std::allocator<wchar_t>
          ]
C:\Users\s211426\Documents\GitHub\MathLibraryTests---STUDENT\MathLibraryTests - STUDENT\TestToString.h(103,39): message : Reason: cannot convert from 'wchar_t' to 'const _Alloc'
          with
          [
              _Alloc=std::allocator<wchar_t>
          ]
C:\Users\s211426\Documents\GitHub\MathLibraryTests---STUDENT\MathLibraryTests - STUDENT\TestToString.h(103,39): message : No constructor could take the source type, or constructor overload resolution was ambiguous
C:\Program Files\Microsoft Visual Studio\2022\Community\VC\Tools\MSVC\14.34.31933\include\xstring(3031,5): message : or       'std::basic_string<wchar_t,std::char_traits<wchar_t>,std::allocator<wchar_t>>::basic_string(const _Ty &,const unsigned __int64,const unsigned __int64,const _Alloc &)'
          with
          [
              _Alloc=std::allocator<wchar_t>
          ]
C:\Users\s211426\Documents\GitHub\MathLibraryTests---STUDENT\MathLibraryTests - STUDENT\TestToString.h(103,20): message : 'std::basic_string<wchar_t,std::char_traits<wchar_t>,std::allocator<wchar_t>>::basic_string(const _Ty &,const unsigned __int64,const unsigned __int64,const _Alloc &)': expects 4 arguments - 1 provided
          with
          [
              _Alloc=std::allocator<wchar_t>
          ]
C:\Program Files\Microsoft Visual Studio\2022\Community\VC\Tools\MSVC\14.34.31933\include\xstring(3024,5): message : or       'std::basic_string<wchar_t,std::char_traits<wchar_t>,std::allocator<wchar_t>>::basic_string(const _StringViewIsh &,const _Alloc &)'
          with
          [
              _Alloc=std::allocator<wchar_t>
          ]
C:\Users\s211426\Documents\GitHub\MathLibraryTests---STUDENT\MathLibraryTests - STUDENT\TestToString.h(103,1): message : 'std::basic_string<wchar_t,std::char_traits<wchar_t>,std::allocator<wchar_t>>::basic_string(const _StringViewIsh &,const _Alloc &)': could not deduce template argument for '__formal'
          with
          [
              _Alloc=std::allocator<wchar_t>
          ]
C:\Program Files\Microsoft Visual Studio\2022\Community\VC\Tools\MSVC\14.34.31933\include\xstring(2704,5): message : or       'std::basic_string<wchar_t,std::char_traits<wchar_t>,std::allocator<wchar_t>>::basic_string(_Iter,_Iter,const _Alloc &)'
          with
          [
              _Alloc=std::allocator<wchar_t>
          ]
C:\Users\s211426\Documents\GitHub\MathLibraryTests---STUDENT\MathLibraryTests - STUDENT\TestToString.h(103,20): message : 'std::basic_string<wchar_t,std::char_traits<wchar_t>,std::allocator<wchar_t>>::basic_string(_Iter,_Iter,const _Alloc &)': expects 3 arguments - 1 provided
          with
          [
              _Alloc=std::allocator<wchar_t>
          ]
C:\Program Files\Microsoft Visual Studio\2022\Community\VC\Tools\MSVC\14.34.31933\include\xstring(2698,5): message : or       'std::basic_string<wchar_t,std::char_traits<wchar_t>,std::allocator<wchar_t>>::basic_string(const unsigned __int64,const _Elem,const _Alloc &)'
          with
          [
              _Elem=wchar_t,
              _Alloc=std::allocator<wchar_t>
          ]
C:\Users\s211426\Documents\GitHub\MathLibraryTests---STUDENT\MathLibraryTests - STUDENT\TestToString.h(103,20): message : 'std::basic_string<wchar_t,std::char_traits<wchar_t>,std::allocator<wchar_t>>::basic_string(const unsigned __int64,const _Elem,const _Alloc &)': expects 3 arguments - 1 provided
          with
          [
              _Elem=wchar_t,
              _Alloc=std::allocator<wchar_t>
          ]
C:\Program Files\Microsoft Visual Studio\2022\Community\VC\Tools\MSVC\14.34.31933\include\xstring(2685,5): message : or       'std::basic_string<wchar_t,std::char_traits<wchar_t>,std::allocator<wchar_t>>::basic_string(const _Elem *const ,const _Alloc &)'
          with
          [
              _Elem=wchar_t,
              _Alloc=std::allocator<wchar_t>
          ]
C:\Users\s211426\Documents\GitHub\MathLibraryTests---STUDENT\MathLibraryTests - STUDENT\TestToString.h(103,20): message : 'std::basic_string<wchar_t,std::char_traits<wchar_t>,std::allocator<wchar_t>>::basic_string(const _Elem *const ,const _Alloc &)': expects 2 arguments - 1 provided
          with
          [
              _Elem=wchar_t,
              _Alloc=std::allocator<wchar_t>
          ]
C:\Users\s211426\Documents\GitHub\MathLibraryTests---STUDENT\MathLibraryTests - STUDENT\TestToString.h(103,20): message : while trying to match the argument list '(wchar_t)'
C:\Users\s211426\Documents\GitHub\MathLibraryTests---STUDENT\MathLibraryTests - STUDENT\TestToString.h(106,5): error C2660: 'mbstowcs_s': function does not take 3 arguments
C:\Program Files (x86)\Windows Kits\10\Include\10.0.22621.0\ucrt\stdlib.h(908,26): message : see declaration of 'mbstowcs_s'
C:\Program Files (x86)\Windows Kits\10\Include\10.0.22621.0\ucrt\stdlib.h(916,1): message : could be 'errno_t mbstowcs_s(size_t *,wchar_t (&)[_Size],const char *,size_t) noexcept'
C:\Users\s211426\Documents\GitHub\MathLibraryTests---STUDENT\MathLibraryTests - STUDENT\TestToString.h(106,5): message : 'errno_t mbstowcs_s(size_t *,wchar_t (&)[_Size],const char *,size_t) noexcept': expects 4 arguments - 3 provided
C:\Users\s211426\Documents\GitHub\MathLibraryTests---STUDENT\MathLibraryTests - STUDENT\TestToString.h(106,5): message : while trying to match the argument list '(size_t *, wchar_t *, unsigned __int64)'
C:\Users\s211426\Documents\GitHub\MathLibraryTests---STUDENT\MathLibraryTests - STUDENT\Matrix4Tests.cpp(21,39): error C2039: 'm1': is not a member of 'MathClasses::Matrix4'
C:\Users\s211426\Documents\GitHub\MathLibraryTests---STUDENT\MathLibraryTests - STUDENT\MathHeaders\Matrix4.h(4,12): message : see declaration of 'MathClasses::Matrix4'
C:\Users\s211426\Documents\GitHub\MathLibraryTests---STUDENT\MathLibraryTests - STUDENT\Matrix4Tests.cpp(21,21): error C2661: 'Microsoft::VisualStudio::CppUnitTestFramework::Assert::AreEqual': no overloaded function takes 1 arguments
C:\Program Files\Microsoft Visual Studio\2022\Community\VC\Auxiliary\VS\UnitTest\include\CppUnitTestAssert.h(139,36): message : could be 'void Microsoft::VisualStudio::CppUnitTestFramework::Assert::AreEqual(const T &,const T &,const wchar_t *,const Microsoft::VisualStudio::CppUnitTestFramework::__LineInfo *)'
C:\Users\s211426\Documents\GitHub\MathLibraryTests---STUDENT\MathLibraryTests - STUDENT\Matrix4Tests.cpp(21,21): message : 'void Microsoft::VisualStudio::CppUnitTestFramework::Assert::AreEqual(const T &,const T &,const wchar_t *,const Microsoft::VisualStudio::CppUnitTestFramework::__LineInfo *)': expects 4 arguments - 1 provided
C:\Users\s211426\Documents\GitHub\MathLibraryTests---STUDENT\MathLibraryTests - STUDENT\Matrix4Tests.cpp(21,21): message : while trying to match the argument list '(float)'
C:\Users\s211426\Documents\GitHub\MathLibraryTests---STUDENT\MathLibraryTests - STUDENT\Matrix4Tests.cpp(22,39): error C2039: 'm2': is not a member of 'MathClasses::Matrix4'
C:\Users\s211426\Documents\GitHub\MathLibraryTests---STUDENT\MathLibraryTests - STUDENT\MathHeaders\Matrix4.h(4,12): message : see declaration of 'MathClasses::Matrix4'
C:\Users\s211426\Documents\GitHub\MathLibraryTests---STUDENT\MathLibraryTests - STUDENT\Matrix4Tests.cpp(22,21): error C2661: 'Microsoft::VisualStudio::CppUnitTestFramework::Assert::AreEqual': no overloaded function takes 1 arguments
C:\Program Files\Microsoft Visual Studio\2022\Community\VC\Auxiliary\VS\UnitTest\include\CppUnitTestAssert.h(139,36): message : could be 'void Microsoft::VisualStudio::CppUnitTestFramework::Assert::AreEqual(const T &,const T &,const wchar_t *,const Microsoft::VisualStudio::CppUnitTestFramework::__LineInfo *)'
C:\Users\s211426\Documents\GitHub\MathLibraryTests---STUDENT\MathLibraryTests - STUDENT\Matrix4Tests.cpp(22,21): message : 'void Microsoft::VisualStudio::CppUnitTestFramework::Assert::AreEqual(const T &,const T &,const wchar_t *,const Microsoft::VisualStudio::CppUnitTestFramework::__LineInfo *)': expects 4 arguments - 1 provided
C:\Users\s211426\Documents\GitHub\MathLibraryTests---STUDENT\MathLibraryTests - STUDENT\Matrix4Tests.cpp(22,21): message : while trying to match the argument list '(float)'
C:\Users\s211426\Documents\GitHub\MathLibraryTests---STUDENT\MathLibraryTests - STUDENT\Matrix4Tests.cpp(23,39): error C2039: 'm3': is not a member of 'MathClasses::Matrix4'
C:\Users\s211426\Documents\GitHub\MathLibraryTests---STUDENT\MathLibraryTests - STUDENT\MathHeaders\Matrix4.h(4,12): message : see declaration of 'MathClasses::Matrix4'
C:\Users\s211426\Documents\GitHub\MathLibraryTests---STUDENT\MathLibraryTests - STUDENT\Matrix4Tests.cpp(23,21): error C2661: 'Microsoft::VisualStudio::CppUnitTestFramework::Assert::AreEqual': no overloaded function takes 1 arguments
C:\Program Files\Microsoft Visual Studio\2022\Community\VC\Auxiliary\VS\UnitTest\include\CppUnitTestAssert.h(139,36): message : could be 'void Microsoft::VisualStudio::CppUnitTestFramework::Assert::AreEqual(const T &,const T &,const wchar_t *,const Microsoft::VisualStudio::CppUnitTestFramework::__LineInfo *)'
C:\Users\s211426\Documents\GitHub\MathLibraryTests---STUDENT\MathLibraryTests - STUDENT\Matrix4Tests.cpp(23,21): message : 'void Microsoft::VisualStudio::CppUnitTestFramework::Assert::AreEqual(const T &,const T &,const wchar_t *,const Microsoft::VisualStudio::CppUnitTestFramework::__LineInfo *)': expects 4 arguments - 1 provided
C:\Users\s211426\Documents\GitHub\MathLibraryTests---STUDENT\MathLibraryTests - STUDENT\Matrix4Tests.cpp(23,21): message : while trying to match the argument list '(float)'
C:\Users\s211426\Documents\GitHub\MathLibraryTests---STUDENT\MathLibraryTests - STUDENT\Matrix4Tests.cpp(24,39): error C2039: 'm4': is not a member of 'MathClasses::Matrix4'
C:\Users\s211426\Documents\GitHub\MathLibraryTests---STUDENT\MathLibraryTests - STUDENT\MathHeaders\Matrix4.h(4,12): message : see declaration of 'MathClasses::Matrix4'
C:\Users\s211426\Documents\GitHub\MathLibraryTests---STUDENT\MathLibraryTests - STUDENT\Matrix4Tests.cpp(24,21): error C2661: 'Microsoft::VisualStudio::CppUnitTestFramework::Assert::AreEqual': no overloaded function takes 1 arguments
C:\Program Files\Microsoft Visual Studio\2022\Community\VC\Auxiliary\VS\UnitTest\include\CppUnitTestAssert.h(139,36): message : could be 'void Microsoft::VisualStudio::CppUnitTestFramework::Assert::AreEqual(const T &,const T &,const wchar_t *,const Microsoft::VisualStudio::CppUnitTestFramework::__LineInfo *)'
C:\Users\s211426\Documents\GitHub\MathLibraryTests---STUDENT\MathLibraryTests - STUDENT\Matrix4Tests.cpp(24,21): message : 'void Microsoft::VisualStudio::CppUnitTestFramework::Assert::AreEqual(const T &,const T &,const wchar_t *,const Microsoft::VisualStudio::CppUnitTestFramework::__LineInfo *)': expects 4 arguments - 1 provided
C:\Users\s211426\Documents\GitHub\MathLibraryTests---STUDENT\MathLibraryTests - STUDENT\Matrix4Tests.cpp(24,21): message : while trying to match the argument list '(float)'
C:\Users\s211426\Documents\GitHub\MathLibraryTests---STUDENT\MathLibraryTests - STUDENT\Matrix4Tests.cpp(26,39): error C2039: 'm5': is not a member of 'MathClasses::Matrix4'
C:\Users\s211426\Documents\GitHub\MathLibraryTests---STUDENT\MathLibraryTests - STUDENT\MathHeaders\Matrix4.h(4,12): message : see declaration of 'MathClasses::Matrix4'
C:\Users\s211426\Documents\GitHub\MathLibraryTests---STUDENT\MathLibraryTests - STUDENT\Matrix4Tests.cpp(26,21): error C2661: 'Microsoft::VisualStudio::CppUnitTestFramework::Assert::AreEqual': no overloaded function takes 1 arguments
C:\Program Files\Microsoft Visual Studio\2022\Community\VC\Auxiliary\VS\UnitTest\include\CppUnitTestAssert.h(139,36): message : could be 'void Microsoft::VisualStudio::CppUnitTestFramework::Assert::AreEqual(const T &,const T &,const wchar_t *,const Microsoft::VisualStudio::CppUnitTestFramework::__LineInfo *)'
C:\Users\s211426\Documents\GitHub\MathLibraryTests---STUDENT\MathLibraryTests - STUDENT\Matrix4Tests.cpp(26,21): message : 'void Microsoft::VisualStudio::CppUnitTestFramework::Assert::AreEqual(const T &,const T &,const wchar_t *,const Microsoft::VisualStudio::CppUnitTestFramework::__LineInfo *)': expects 4 arguments - 1 provided
C:\Users\s211426\Documents\GitHub\MathLibraryTests---STUDENT\MathLibraryTests - STUDENT\Matrix4Tests.cpp(26,21): message : while trying to match the argument list '(float)'
C:\Users\s211426\Documents\GitHub\MathLibraryTests---STUDENT\MathLibraryTests - STUDENT\Matrix4Tests.cpp(27,39): error C2039: 'm6': is not a member of 'MathClasses::Matrix4'
C:\Users\s211426\Documents\GitHub\MathLibraryTests---STUDENT\MathLibraryTests - STUDENT\MathHeaders\Matrix4.h(4,12): message : see declaration of 'MathClasses::Matrix4'
C:\Users\s211426\Documents\GitHub\MathLibraryTests---STUDENT\MathLibraryTests - STUDENT\Matrix4Tests.cpp(27,21): error C2661: 'Microsoft::VisualStudio::CppUnitTestFramework::Assert::AreEqual': no overloaded function takes 1 arguments
C:\Program Files\Microsoft Visual Studio\2022\Community\VC\Auxiliary\VS\UnitTest\include\CppUnitTestAssert.h(139,36): message : could be 'void Microsoft::VisualStudio::CppUnitTestFramework::Assert::AreEqual(const T &,const T &,const wchar_t *,const Microsoft::VisualStudio::CppUnitTestFramework::__LineInfo *)'
C:\Users\s211426\Documents\GitHub\MathLibraryTests---STUDENT\MathLibraryTests - STUDENT\Matrix4Tests.cpp(27,21): message : 'void Microsoft::VisualStudio::CppUnitTestFramework::Assert::AreEqual(const T &,const T &,const wchar_t *,const Microsoft::VisualStudio::CppUnitTestFramework::__LineInfo *)': expects 4 arguments - 1 provided
C:\Users\s211426\Documents\GitHub\MathLibraryTests---STUDENT\MathLibraryTests - STUDENT\Matrix4Tests.cpp(27,21): message : while trying to match the argument list '(float)'
C:\Users\s211426\Documents\GitHub\MathLibraryTests---STUDENT\MathLibraryTests - STUDENT\Matrix4Tests.cpp(28,39): error C2039: 'm7': is not a member of 'MathClasses::Matrix4'
C:\Users\s211426\Documents\GitHub\MathLibraryTests---STUDENT\MathLibraryTests - STUDENT\MathHeaders\Matrix4.h(4,12): message : see declaration of 'MathClasses::Matrix4'
C:\Users\s211426\Documents\GitHub\MathLibraryTests---STUDENT\MathLibraryTests - STUDENT\Matrix4Tests.cpp(28,21): error C2661: 'Microsoft::VisualStudio::CppUnitTestFramework::Assert::AreEqual': no overloaded function takes 1 arguments
C:\Program Files\Microsoft Visual Studio\2022\Community\VC\Auxiliary\VS\UnitTest\include\CppUnitTestAssert.h(139,36): message : could be 'void Microsoft::VisualStudio::CppUnitTestFramework::Assert::AreEqual(const T &,const T &,const wchar_t *,const Microsoft::VisualStudio::CppUnitTestFramework::__LineInfo *)'
C:\Users\s211426\Documents\GitHub\MathLibraryTests---STUDENT\MathLibraryTests - STUDENT\Matrix4Tests.cpp(28,21): message : 'void Microsoft::VisualStudio::CppUnitTestFramework::Assert::AreEqual(const T &,const T &,const wchar_t *,const Microsoft::VisualStudio::CppUnitTestFramework::__LineInfo *)': expects 4 arguments - 1 provided
C:\Users\s211426\Documents\GitHub\MathLibraryTests---STUDENT\MathLibraryTests - STUDENT\Matrix4Tests.cpp(28,21): message : while trying to match the argument list '(float)'
C:\Users\s211426\Documents\GitHub\MathLibraryTests---STUDENT\MathLibraryTests - STUDENT\Matrix4Tests.cpp(29,39): error C2039: 'm8': is not a member of 'MathClasses::Matrix4'
C:\Users\s211426\Documents\GitHub\MathLibraryTests---STUDENT\MathLibraryTests - STUDENT\MathHeaders\Matrix4.h(4,12): message : see declaration of 'MathClasses::Matrix4'
C:\Users\s211426\Documents\GitHub\MathLibraryTests---STUDENT\MathLibraryTests - STUDENT\Matrix4Tests.cpp(29,21): error C2661: 'Microsoft::VisualStudio::CppUnitTestFramework::Assert::AreEqual': no overloaded function takes 1 arguments
C:\Program Files\Microsoft Visual Studio\2022\Community\VC\Auxiliary\VS\UnitTest\include\CppUnitTestAssert.h(139,36): message : could be 'void Microsoft::VisualStudio::CppUnitTestFramework::Assert::AreEqual(const T &,const T &,const wchar_t *,const Microsoft::VisualStudio::CppUnitTestFramework::__LineInfo *)'
C:\Users\s211426\Documents\GitHub\MathLibraryTests---STUDENT\MathLibraryTests - STUDENT\Matrix4Tests.cpp(29,21): message : 'void Microsoft::VisualStudio::CppUnitTestFramework::Assert::AreEqual(const T &,const T &,const wchar_t *,const Microsoft::VisualStudio::CppUnitTestFramework::__LineInfo *)': expects 4 arguments - 1 provided
C:\Users\s211426\Documents\GitHub\MathLibraryTests---STUDENT\MathLibraryTests - STUDENT\Matrix4Tests.cpp(29,21): message : while trying to match the argument list '(float)'
C:\Users\s211426\Documents\GitHub\MathLibraryTests---STUDENT\MathLibraryTests - STUDENT\Matrix4Tests.cpp(31,39): error C2039: 'm9': is not a member of 'MathClasses::Matrix4'
C:\Users\s211426\Documents\GitHub\MathLibraryTests---STUDENT\MathLibraryTests - STUDENT\MathHeaders\Matrix4.h(4,12): message : see declaration of 'MathClasses::Matrix4'
C:\Users\s211426\Documents\GitHub\MathLibraryTests---STUDENT\MathLibraryTests - STUDENT\Matrix4Tests.cpp(31,21): error C2661: 'Microsoft::VisualStudio::CppUnitTestFramework::Assert::AreEqual': no overloaded function takes 1 arguments
C:\Program Files\Microsoft Visual Studio\2022\Community\VC\Auxiliary\VS\UnitTest\include\CppUnitTestAssert.h(139,36): message : could be 'void Microsoft::VisualStudio::CppUnitTestFramework::Assert::AreEqual(const T &,const T &,const wchar_t *,const Microsoft::VisualStudio::CppUnitTestFramework::__LineInfo *)'
C:\Users\s211426\Documents\GitHub\MathLibraryTests---STUDENT\MathLibraryTests - STUDENT\Matrix4Tests.cpp(31,21): message : 'void Microsoft::VisualStudio::CppUnitTestFramework::Assert::AreEqual(const T &,const T &,const wchar_t *,const Microsoft::VisualStudio::CppUnitTestFramework::__LineInfo *)': expects 4 arguments - 1 provided
C:\Users\s211426\Documents\GitHub\MathLibraryTests---STUDENT\MathLibraryTests - STUDENT\Matrix4Tests.cpp(31,21): message : while trying to match the argument list '(float)'
C:\Users\s211426\Documents\GitHub\MathLibraryTests---STUDENT\MathLibraryTests - STUDENT\Matrix4Tests.cpp(32,39): error C2039: 'm10': is not a member of 'MathClasses::Matrix4'
C:\Users\s211426\Documents\GitHub\MathLibraryTests---STUDENT\MathLibraryTests - STUDENT\MathHeaders\Matrix4.h(4,12): message : see declaration of 'MathClasses::Matrix4'
C:\Users\s211426\Documents\GitHub\MathLibraryTests---STUDENT\MathLibraryTests - STUDENT\Matrix4Tests.cpp(32,21): error C2661: 'Microsoft::VisualStudio::CppUnitTestFramework::Assert::AreEqual': no overloaded function takes 1 arguments
C:\Program Files\Microsoft Visual Studio\2022\Community\VC\Auxiliary\VS\UnitTest\include\CppUnitTestAssert.h(139,36): message : could be 'void Microsoft::VisualStudio::CppUnitTestFramework::Assert::AreEqual(const T &,const T &,const wchar_t *,const Microsoft::VisualStudio::CppUnitTestFramework::__LineInfo *)'
C:\Users\s211426\Documents\GitHub\MathLibraryTests---STUDENT\MathLibraryTests - STUDENT\Matrix4Tests.cpp(32,21): message : 'void Microsoft::VisualStudio::CppUnitTestFramework::Assert::AreEqual(const T &,const T &,const wchar_t *,const Microsoft::VisualStudio::CppUnitTestFramework::__LineInfo *)': expects 4 arguments - 1 provided
C:\Users\s211426\Documents\GitHub\MathLibraryTests---STUDENT\MathLibraryTests - STUDENT\Matrix4Tests.cpp(32,21): message : while trying to match the argument list '(float)'
C:\Users\s211426\Documents\GitHub\MathLibraryTests---STUDENT\MathLibraryTests - STUDENT\Matrix4Tests.cpp(33,39): error C2039: 'm11': is not a member of 'MathClasses::Matrix4'
C:\Users\s211426\Documents\GitHub\MathLibraryTests---STUDENT\MathLibraryTests - STUDENT\MathHeaders\Matrix4.h(4,12): message : see declaration of 'MathClasses::Matrix4'
C:\Users\s211426\Documents\GitHub\MathLibraryTests---STUDENT\MathLibraryTests - STUDENT\Matrix4Tests.cpp(33,21): error C2661: 'Microsoft::VisualStudio::CppUnitTestFramework::Assert::AreEqual': no overloaded function takes 1 arguments
C:\Program Files\Microsoft Visual Studio\2022\Community\VC\Auxiliary\VS\UnitTest\include\CppUnitTestAssert.h(139,36): message : could be 'void Microsoft::VisualStudio::CppUnitTestFramework::Assert::AreEqual(const T &,const T &,const wchar_t *,const Microsoft::VisualStudio::CppUnitTestFramework::__LineInfo *)'
C:\Users\s211426\Documents\GitHub\MathLibraryTests---STUDENT\MathLibraryTests - STUDENT\Matrix4Tests.cpp(33,21): message : 'void Microsoft::VisualStudio::CppUnitTestFramework::Assert::AreEqual(const T &,const T &,const wchar_t *,const Microsoft::VisualStudio::CppUnitTestFramework::__LineInfo *)': expects 4 arguments - 1 provided
C:\Users\s211426\Documents\GitHub\MathLibraryTests---STUDENT\MathLibraryTests - STUDENT\Matrix4Tests.cpp(33,21): message : while trying to match the argument list '(float)'
C:\Users\s211426\Documents\GitHub\MathLibraryTests---STUDENT\MathLibraryTests - STUDENT\Matrix4Tests.cpp(34,39): error C2039: 'm12': is not a member of 'MathClasses::Matrix4'
C:\Users\s211426\Documents\GitHub\MathLibraryTests---STUDENT\MathLibraryTests - STUDENT\MathHeaders\Matrix4.h(4,12): message : see declaration of 'MathClasses::Matrix4'
C:\Users\s211426\Documents\GitHub\MathLibraryTests---STUDENT\MathLibraryTests - STUDENT\Matrix4Tests.cpp(34,21): error C2661: 'Microsoft::VisualStudio::CppUnitTestFramework::Assert::AreEqual': no overloaded function takes 1 arguments
C:\Program Files\Microsoft Visual Studio\2022\Community\VC\Auxiliary\VS\UnitTest\include\CppUnitTestAssert.h(139,36): message : could be 'void Microsoft::VisualStudio::CppUnitTestFramework::Assert::AreEqual(const T &,const T &,const wchar_t *,const Microsoft::VisualStudio::CppUnitTestFramework::__LineInfo *)'
C:\Users\s211426\Documents\GitHub\MathLibraryTests---STUDENT\MathLibraryTests - STUDENT\Matrix4Tests.cpp(34,21): message : 'void Microsoft::VisualStudio::CppUnitTestFramework::Assert::AreEqual(const T &,const T &,const wchar_t *,const Microsoft::VisualStudio::CppUnitTestFramework::__LineInfo *)': expects 4 arguments - 1 provided
C:\Users\s211426\Documents\GitHub\MathLibraryTests---STUDENT\MathLibraryTests - STUDENT\Matrix4Tests.cpp(34,21): message : while trying to match the argument list '(float)'
C:\Users\s211426\Documents\GitHub\MathLibraryTests---STUDENT\MathLibraryTests - STUDENT\Matrix4Tests.cpp(37,39): error C2039: 'm13': is not a member of 'MathClasses::Matrix4'
C:\Users\s211426\Documents\GitHub\MathLibraryTests---STUDENT\MathLibraryTests - STUDENT\MathHeaders\Matrix4.h(4,12): message : see declaration of 'MathClasses::Matrix4'
C:\Users\s211426\Documents\GitHub\MathLibraryTests---STUDENT\MathLibraryTests - STUDENT\Matrix4Tests.cpp(37,21): error C2661: 'Microsoft::VisualStudio::CppUnitTestFramework::Assert::AreEqual': no overloaded function takes 1 arguments
C:\Program Files\Microsoft Visual Studio\2022\Community\VC\Auxiliary\VS\UnitTest\include\CppUnitTestAssert.h(139,36): message : could be 'void Microsoft::VisualStudio::CppUnitTestFramework::Assert::AreEqual(const T &,const T &,const wchar_t *,const Microsoft::VisualStudio::CppUnitTestFramework::__LineInfo *)'
C:\Users\s211426\Documents\GitHub\MathLibraryTests---STUDENT\MathLibraryTests - STUDENT\Matrix4Tests.cpp(37,21): message : 'void Microsoft::VisualStudio::CppUnitTestFramework::Assert::AreEqual(const T &,const T &,const wchar_t *,const Microsoft::VisualStudio::CppUnitTestFramework::__LineInfo *)': expects 4 arguments - 1 provided
C:\Users\s211426\Documents\GitHub\MathLibraryTests---STUDENT\MathLibraryTests - STUDENT\Matrix4Tests.cpp(37,21): message : while trying to match the argument list '(float)'
C:\Users\s211426\Documents\GitHub\MathLibraryTests---STUDENT\MathLibraryTests - STUDENT\Matrix4Tests.cpp(38,39): error C2039: 'm14': is not a member of 'MathClasses::Matrix4'
C:\Users\s211426\Documents\GitHub\MathLibraryTests---STUDENT\MathLibraryTests - STUDENT\MathHeaders\Matrix4.h(4,12): message : see declaration of 'MathClasses::Matrix4'
C:\Users\s211426\Documents\GitHub\MathLibraryTests---STUDENT\MathLibraryTests - STUDENT\Matrix4Tests.cpp(38,21): error C2661: 'Microsoft::VisualStudio::CppUnitTestFramework::Assert::AreEqual': no overloaded function takes 1 arguments
C:\Program Files\Microsoft Visual Studio\2022\Community\VC\Auxiliary\VS\UnitTest\include\CppUnitTestAssert.h(139,36): message : could be 'void Microsoft::VisualStudio::CppUnitTestFramework::Assert::AreEqual(const T &,const T &,const wchar_t *,const Microsoft::VisualStudio::CppUnitTestFramework::__LineInfo *)'
C:\Users\s211426\Documents\GitHub\MathLibraryTests---STUDENT\MathLibraryTests - STUDENT\Matrix4Tests.cpp(38,21): message : 'void Microsoft::VisualStudio::CppUnitTestFramework::Assert::AreEqual(const T &,const T &,const wchar_t *,const Microsoft::VisualStudio::CppUnitTestFramework::__LineInfo *)': expects 4 arguments - 1 provided
C:\Users\s211426\Documents\GitHub\MathLibraryTests---STUDENT\MathLibraryTests - STUDENT\Matrix4Tests.cpp(38,21): message : while trying to match the argument list '(float)'
C:\Users\s211426\Documents\GitHub\MathLibraryTests---STUDENT\MathLibraryTests - STUDENT\Matrix4Tests.cpp(39,39): error C2039: 'm15': is not a member of 'MathClasses::Matrix4'
C:\Users\s211426\Documents\GitHub\MathLibraryTests---STUDENT\MathLibraryTests - STUDENT\MathHeaders\Matrix4.h(4,12): message : see declaration of 'MathClasses::Matrix4'
C:\Users\s211426\Documents\GitHub\MathLibraryTests---STUDENT\MathLibraryTests - STUDENT\Matrix4Tests.cpp(39,21): error C2661: 'Microsoft::VisualStudio::CppUnitTestFramework::Assert::AreEqual': no overloaded function takes 1 arguments
C:\Program Files\Microsoft Visual Studio\2022\Community\VC\Auxiliary\VS\UnitTest\include\CppUnitTestAssert.h(139,36): message : could be 'void Microsoft::VisualStudio::CppUnitTestFramework::Assert::AreEqual(const T &,const T &,const wchar_t *,const Microsoft::VisualStudio::CppUnitTestFramework::__LineInfo *)'
C:\Users\s211426\Documents\GitHub\MathLibraryTests---STUDENT\MathLibraryTests - STUDENT\Matrix4Tests.cpp(39,21): message : 'void Microsoft::VisualStudio::CppUnitTestFramework::Assert::AreEqual(const T &,const T &,const wchar_t *,const Microsoft::VisualStudio::CppUnitTestFramework::__LineInfo *)': expects 4 arguments - 1 provided
C:\Users\s211426\Documents\GitHub\MathLibraryTests---STUDENT\MathLibraryTests - STUDENT\Matrix4Tests.cpp(39,21): message : while trying to match the argument list '(float)'
C:\Users\s211426\Documents\GitHub\MathLibraryTests---STUDENT\MathLibraryTests - STUDENT\Matrix4Tests.cpp(40,39): error C2039: 'm16': is not a member of 'MathClasses::Matrix4'
C:\Users\s211426\Documents\GitHub\MathLibraryTests---STUDENT\MathLibraryTests - STUDENT\MathHeaders\Matrix4.h(4,12): message : see declaration of 'MathClasses::Matrix4'
C:\Users\s211426\Documents\GitHub\MathLibraryTests---STUDENT\MathLibraryTests - STUDENT\Matrix4Tests.cpp(40,21): error C2661: 'Microsoft::VisualStudio::CppUnitTestFramework::Assert::AreEqual': no overloaded function takes 1 arguments
C:\Program Files\Microsoft Visual Studio\2022\Community\VC\Auxiliary\VS\UnitTest\include\CppUnitTestAssert.h(139,36): message : could be 'void Microsoft::VisualStudio::CppUnitTestFramework::Assert::AreEqual(const T &,const T &,const wchar_t *,const Microsoft::VisualStudio::CppUnitTestFramework::__LineInfo *)'
C:\Users\s211426\Documents\GitHub\MathLibraryTests---STUDENT\MathLibraryTests - STUDENT\Matrix4Tests.cpp(40,21): message : 'void Microsoft::VisualStudio::CppUnitTestFramework::Assert::AreEqual(const T &,const T &,const wchar_t *,const Microsoft::VisualStudio::CppUnitTestFramework::__LineInfo *)': expects 4 arguments - 1 provided
C:\Users\s211426\Documents\GitHub\MathLibraryTests---STUDENT\MathLibraryTests - STUDENT\Matrix4Tests.cpp(40,21): message : while trying to match the argument list '(float)'
C:\Users\s211426\Documents\GitHub\MathLibraryTests---STUDENT\MathLibraryTests - STUDENT\Matrix4Tests.cpp(45,24): error C2440: 'initializing': cannot convert from 'initializer list' to 'MathClasses::Matrix4'
C:\Users\s211426\Documents\GitHub\MathLibraryTests---STUDENT\MathLibraryTests - STUDENT\Matrix4Tests.cpp(45,24): message : No constructor could take the source type, or constructor overload resolution was ambiguous
C:\Users\s211426\Documents\GitHub\MathLibraryTests---STUDENT\MathLibraryTests - STUDENT\Matrix4Tests.cpp(50,39): error C2039: 'm1': is not a member of 'MathClasses::Matrix4'
C:\Users\s211426\Documents\GitHub\MathLibraryTests---STUDENT\MathLibraryTests - STUDENT\MathHeaders\Matrix4.h(4,12): message : see declaration of 'MathClasses::Matrix4'
C:\Users\s211426\Documents\GitHub\MathLibraryTests---STUDENT\MathLibraryTests - STUDENT\Matrix4Tests.cpp(50,21): error C2661: 'Microsoft::VisualStudio::CppUnitTestFramework::Assert::AreEqual': no overloaded function takes 1 arguments
C:\Program Files\Microsoft Visual Studio\2022\Community\VC\Auxiliary\VS\UnitTest\include\CppUnitTestAssert.h(139,36): message : could be 'void Microsoft::VisualStudio::CppUnitTestFramework::Assert::AreEqual(const T &,const T &,const wchar_t *,const Microsoft::VisualStudio::CppUnitTestFramework::__LineInfo *)'
C:\Users\s211426\Documents\GitHub\MathLibraryTests---STUDENT\MathLibraryTests - STUDENT\Matrix4Tests.cpp(50,21): message : 'void Microsoft::VisualStudio::CppUnitTestFramework::Assert::AreEqual(const T &,const T &,const wchar_t *,const Microsoft::VisualStudio::CppUnitTestFramework::__LineInfo *)': expects 4 arguments - 1 provided
C:\Users\s211426\Documents\GitHub\MathLibraryTests---STUDENT\MathLibraryTests - STUDENT\Matrix4Tests.cpp(50,21): message : while trying to match the argument list '(float)'
C:\Users\s211426\Documents\GitHub\MathLibraryTests---STUDENT\MathLibraryTests - STUDENT\Matrix4Tests.cpp(51,39): error C2039: 'm2': is not a member of 'MathClasses::Matrix4'
C:\Users\s211426\Documents\GitHub\MathLibraryTests---STUDENT\MathLibraryTests - STUDENT\MathHeaders\Matrix4.h(4,12): message : see declaration of 'MathClasses::Matrix4'
C:\Users\s211426\Documents\GitHub\MathLibraryTests---STUDENT\MathLibraryTests - STUDENT\Matrix4Tests.cpp(51,21): error C2661: 'Microsoft::VisualStudio::CppUnitTestFramework::Assert::AreEqual': no overloaded function takes 1 arguments
C:\Program Files\Microsoft Visual Studio\2022\Community\VC\Auxiliary\VS\UnitTest\include\CppUnitTestAssert.h(139,36): message : could be 'void Microsoft::VisualStudio::CppUnitTestFramework::Assert::AreEqual(const T &,const T &,const wchar_t *,const Microsoft::VisualStudio::CppUnitTestFramework::__LineInfo *)'
C:\Users\s211426\Documents\GitHub\MathLibraryTests---STUDENT\MathLibraryTests - STUDENT\Matrix4Tests.cpp(51,21): message : 'void Microsoft::VisualStudio::CppUnitTestFramework::Assert::AreEqual(const T &,const T &,const wchar_t *,const Microsoft::VisualStudio::CppUnitTestFramework::__LineInfo *)': expects 4 arguments - 1 provided
C:\Users\s211426\Documents\GitHub\MathLibraryTests---STUDENT\MathLibraryTests - STUDENT\Matrix4Tests.cpp(51,21): message : while trying to match the argument list '(float)'
C:\Users\s211426\Documents\GitHub\MathLibraryTests---STUDENT\MathLibraryTests - STUDENT\Matrix4Tests.cpp(52,39): error C2039: 'm3': is not a member of 'MathClasses::Matrix4'
C:\Users\s211426\Documents\GitHub\MathLibraryTests---STUDENT\MathLibraryTests - STUDENT\MathHeaders\Matrix4.h(4,12): message : see declaration of 'MathClasses::Matrix4'
C:\Users\s211426\Documents\GitHub\MathLibraryTests---STUDENT\MathLibraryTests - STUDENT\Matrix4Tests.cpp(52,21): error C2661: 'Microsoft::VisualStudio::CppUnitTestFramework::Assert::AreEqual': no overloaded function takes 1 arguments
C:\Program Files\Microsoft Visual Studio\2022\Community\VC\Auxiliary\VS\UnitTest\include\CppUnitTestAssert.h(139,36): message : could be 'void Microsoft::VisualStudio::CppUnitTestFramework::Assert::AreEqual(const T &,const T &,const wchar_t *,const Microsoft::VisualStudio::CppUnitTestFramework::__LineInfo *)'
C:\Users\s211426\Documents\GitHub\MathLibraryTests---STUDENT\MathLibraryTests - STUDENT\Matrix4Tests.cpp(52,21): message : 'void Microsoft::VisualStudio::CppUnitTestFramework::Assert::AreEqual(const T &,const T &,const wchar_t *,const Microsoft::VisualStudio::CppUnitTestFramework::__LineInfo *)': expects 4 arguments - 1 provided
C:\Users\s211426\Documents\GitHub\MathLibraryTests---STUDENT\MathLibraryTests - STUDENT\Matrix4Tests.cpp(52,21): message : while trying to match the argument list '(float)'
C:\Users\s211426\Documents\GitHub\MathLibraryTests---STUDENT\MathLibraryTests - STUDENT\Matrix4Tests.cpp(53,39): error C2039: 'm4': is not a member of 'MathClasses::Matrix4'
C:\Users\s211426\Documents\GitHub\MathLibraryTests---STUDENT\MathLibraryTests - STUDENT\MathHeaders\Matrix4.h(4,12): message : see declaration of 'MathClasses::Matrix4'
C:\Users\s211426\Documents\GitHub\MathLibraryTests---STUDENT\MathLibraryTests - STUDENT\Matrix4Tests.cpp(53,21): error C2661: 'Microsoft::VisualStudio::CppUnitTestFramework::Assert::AreEqual': no overloaded function takes 1 arguments
C:\Program Files\Microsoft Visual Studio\2022\Community\VC\Auxiliary\VS\UnitTest\include\CppUnitTestAssert.h(139,36): message : could be 'void Microsoft::VisualStudio::CppUnitTestFramework::Assert::AreEqual(const T &,const T &,const wchar_t *,const Microsoft::VisualStudio::CppUnitTestFramework::__LineInfo *)'
C:\Users\s211426\Documents\GitHub\MathLibraryTests---STUDENT\MathLibraryTests - STUDENT\Matrix4Tests.cpp(53,21): message : 'void Microsoft::VisualStudio::CppUnitTestFramework::Assert::AreEqual(const T &,const T &,const wchar_t *,const Microsoft::VisualStudio::CppUnitTestFramework::__LineInfo *)': expects 4 arguments - 1 provided
C:\Users\s211426\Documents\GitHub\MathLibraryTests---STUDENT\MathLibraryTests - STUDENT\Matrix4Tests.cpp(53,21): message : while trying to match the argument list '(float)'
C:\Users\s211426\Documents\GitHub\MathLibraryTests---STUDENT\MathLibraryTests - STUDENT\Matrix4Tests.cpp(55,39): error C2039: 'm5': is not a member of 'MathClasses::Matrix4'
C:\Users\s211426\Documents\GitHub\MathLibraryTests---STUDENT\MathLibraryTests - STUDENT\MathHeaders\Matrix4.h(4,12): message : see declaration of 'MathClasses::Matrix4'
C:\Users\s211426\Documents\GitHub\MathLibraryTests---STUDENT\MathLibraryTests - STUDENT\Matrix4Tests.cpp(55,21): error C2661: 'Microsoft::VisualStudio::CppUnitTestFramework::Assert::AreEqual': no overloaded function takes 1 arguments
C:\Program Files\Microsoft Visual Studio\2022\Community\VC\Auxiliary\VS\UnitTest\include\CppUnitTestAssert.h(139,36): message : could be 'void Microsoft::VisualStudio::CppUnitTestFramework::Assert::AreEqual(const T &,const T &,const wchar_t *,const Microsoft::VisualStudio::CppUnitTestFramework::__LineInfo *)'
C:\Users\s211426\Documents\GitHub\MathLibraryTests---STUDENT\MathLibraryTests - STUDENT\Matrix4Tests.cpp(55,21): message : 'void Microsoft::VisualStudio::CppUnitTestFramework::Assert::AreEqual(const T &,const T &,const wchar_t *,const Microsoft::VisualStudio::CppUnitTestFramework::__LineInfo *)': expects 4 arguments - 1 provided
C:\Users\s211426\Documents\GitHub\MathLibraryTests---STUDENT\MathLibraryTests - STUDENT\Matrix4Tests.cpp(55,21): message : while trying to match the argument list '(float)'
C:\Users\s211426\Documents\GitHub\MathLibraryTests---STUDENT\MathLibraryTests - STUDENT\Matrix4Tests.cpp(56,39): error C2039: 'm6': is not a member of 'MathClasses::Matrix4'
C:\Users\s211426\Documents\GitHub\MathLibraryTests---STUDENT\MathLibraryTests - STUDENT\MathHeaders\Matrix4.h(4,12): message : see declaration of 'MathClasses::Matrix4'
C:\Users\s211426\Documents\GitHub\MathLibraryTests---STUDENT\MathLibraryTests - STUDENT\Matrix4Tests.cpp(56,21): error C2661: 'Microsoft::VisualStudio::CppUnitTestFramework::Assert::AreEqual': no overloaded function takes 1 arguments
C:\Program Files\Microsoft Visual Studio\2022\Community\VC\Auxiliary\VS\UnitTest\include\CppUnitTestAssert.h(139,36): message : could be 'void Microsoft::VisualStudio::CppUnitTestFramework::Assert::AreEqual(const T &,const T &,const wchar_t *,const Microsoft::VisualStudio::CppUnitTestFramework::__LineInfo *)'
C:\Users\s211426\Documents\GitHub\MathLibraryTests---STUDENT\MathLibraryTests - STUDENT\Matrix4Tests.cpp(56,21): message : 'void Microsoft::VisualStudio::CppUnitTestFramework::Assert::AreEqual(const T &,const T &,const wchar_t *,const Microsoft::VisualStudio::CppUnitTestFramework::__LineInfo *)': expects 4 arguments - 1 provided
C:\Users\s211426\Documents\GitHub\MathLibraryTests---STUDENT\MathLibraryTests - STUDENT\Matrix4Tests.cpp(56,21): message : while trying to match the argument list '(float)'
C:\Users\s211426\Documents\GitHub\MathLibraryTests---STUDENT\MathLibraryTests - STUDENT\Matrix4Tests.cpp(57,39): error C2039: 'm7': is not a member of 'MathClasses::Matrix4'
C:\Users\s211426\Documents\GitHub\MathLibraryTests---STUDENT\MathLibraryTests - STUDENT\MathHeaders\Matrix4.h(4,12): message : see declaration of 'MathClasses::Matrix4'
C:\Users\s211426\Documents\GitHub\MathLibraryTests---STUDENT\MathLibraryTests - STUDENT\Matrix4Tests.cpp(57,21): error C2661: 'Microsoft::VisualStudio::CppUnitTestFramework::Assert::AreEqual': no overloaded function takes 1 arguments
C:\Program Files\Microsoft Visual Studio\2022\Community\VC\Auxiliary\VS\UnitTest\include\CppUnitTestAssert.h(139,36): message : could be 'void Microsoft::VisualStudio::CppUnitTestFramework::Assert::AreEqual(const T &,const T &,const wchar_t *,const Microsoft::VisualStudio::CppUnitTestFramework::__LineInfo *)'
C:\Users\s211426\Documents\GitHub\MathLibraryTests---STUDENT\MathLibraryTests - STUDENT\Matrix4Tests.cpp(57,21): message : 'void Microsoft::VisualStudio::CppUnitTestFramework::Assert::AreEqual(const T &,const T &,const wchar_t *,const Microsoft::VisualStudio::CppUnitTestFramework::__LineInfo *)': expects 4 arguments - 1 provided
C:\Users\s211426\Documents\GitHub\MathLibraryTests---STUDENT\MathLibraryTests - STUDENT\Matrix4Tests.cpp(57,21): message : while trying to match the argument list '(float)'
C:\Users\s211426\Documents\GitHub\MathLibraryTests---STUDENT\MathLibraryTests - STUDENT\Matrix4Tests.cpp(58,39): error C2039: 'm8': is not a member of 'MathClasses::Matrix4'
C:\Users\s211426\Documents\GitHub\MathLibraryTests---STUDENT\MathLibraryTests - STUDENT\MathHeaders\Matrix4.h(4,12): message : see declaration of 'MathClasses::Matrix4'
C:\Users\s211426\Documents\GitHub\MathLibraryTests---STUDENT\MathLibraryTests - STUDENT\Matrix4Tests.cpp(58,21): error C2661: 'Microsoft::VisualStudio::CppUnitTestFramework::Assert::AreEqual': no overloaded function takes 1 arguments
C:\Program Files\Microsoft Visual Studio\2022\Community\VC\Auxiliary\VS\UnitTest\include\CppUnitTestAssert.h(139,36): message : could be 'void Microsoft::VisualStudio::CppUnitTestFramework::Assert::AreEqual(const T &,const T &,const wchar_t *,const Microsoft::VisualStudio::CppUnitTestFramework::__LineInfo *)'
C:\Users\s211426\Documents\GitHub\MathLibraryTests---STUDENT\MathLibraryTests - STUDENT\Matrix4Tests.cpp(58,21): message : 'void Microsoft::VisualStudio::CppUnitTestFramework::Assert::AreEqual(const T &,const T &,const wchar_t *,const Microsoft::VisualStudio::CppUnitTestFramework::__LineInfo *)': expects 4 arguments - 1 provided
C:\Users\s211426\Documents\GitHub\MathLibraryTests---STUDENT\MathLibraryTests - STUDENT\Matrix4Tests.cpp(58,21): message : while trying to match the argument list '(float)'
C:\Users\s211426\Documents\GitHub\MathLibraryTests---STUDENT\MathLibraryTests - STUDENT\Matrix4Tests.cpp(60,39): error C2039: 'm9': is not a member of 'MathClasses::Matrix4'
C:\Users\s211426\Documents\GitHub\MathLibraryTests---STUDENT\MathLibraryTests - STUDENT\MathHeaders\Matrix4.h(4,12): message : see declaration of 'MathClasses::Matrix4'
C:\Users\s211426\Documents\GitHub\MathLibraryTests---STUDENT\MathLibraryTests - STUDENT\Matrix4Tests.cpp(60,21): error C2661: 'Microsoft::VisualStudio::CppUnitTestFramework::Assert::AreEqual': no overloaded function takes 1 arguments
C:\Program Files\Microsoft Visual Studio\2022\Community\VC\Auxiliary\VS\UnitTest\include\CppUnitTestAssert.h(139,36): message : could be 'void Microsoft::VisualStudio::CppUnitTestFramework::Assert::AreEqual(const T &,const T &,const wchar_t *,const Microsoft::VisualStudio::CppUnitTestFramework::__LineInfo *)'
C:\Users\s211426\Documents\GitHub\MathLibraryTests---STUDENT\MathLibraryTests - STUDENT\Matrix4Tests.cpp(60,21): message : 'void Microsoft::VisualStudio::CppUnitTestFramework::Assert::AreEqual(const T &,const T &,const wchar_t *,const Microsoft::VisualStudio::CppUnitTestFramework::__LineInfo *)': expects 4 arguments - 1 provided
C:\Users\s211426\Documents\GitHub\MathLibraryTests---STUDENT\MathLibraryTests - STUDENT\Matrix4Tests.cpp(60,21): message : while trying to match the argument list '(float)'
C:\Users\s211426\Documents\GitHub\MathLibraryTests---STUDENT\MathLibraryTests - STUDENT\Matrix4Tests.cpp(61,40): error C2039: 'm10': is not a member of 'MathClasses::Matrix4'
C:\Users\s211426\Documents\GitHub\MathLibraryTests---STUDENT\MathLibraryTests - STUDENT\MathHeaders\Matrix4.h(4,12): message : see declaration of 'MathClasses::Matrix4'
C:\Users\s211426\Documents\GitHub\MathLibraryTests---STUDENT\MathLibraryTests - STUDENT\Matrix4Tests.cpp(61,21): error C2661: 'Microsoft::VisualStudio::CppUnitTestFramework::Assert::AreEqual': no overloaded function takes 1 arguments
C:\Program Files\Microsoft Visual Studio\2022\Community\VC\Auxiliary\VS\UnitTest\include\CppUnitTestAssert.h(139,36): message : could be 'void Microsoft::VisualStudio::CppUnitTestFramework::Assert::AreEqual(const T &,const T &,const wchar_t *,const Microsoft::VisualStudio::CppUnitTestFramework::__LineInfo *)'
C:\Users\s211426\Documents\GitHub\MathLibraryTests---STUDENT\MathLibraryTests - STUDENT\Matrix4Tests.cpp(61,21): message : 'void Microsoft::VisualStudio::CppUnitTestFramework::Assert::AreEqual(const T &,const T &,const wchar_t *,const Microsoft::VisualStudio::CppUnitTestFramework::__LineInfo *)': expects 4 arguments - 1 provided
C:\Users\s211426\Documents\GitHub\MathLibraryTests---STUDENT\MathLibraryTests - STUDENT\Matrix4Tests.cpp(61,21): message : while trying to match the argument list '(float)'
C:\Users\s211426\Documents\GitHub\MathLibraryTests---STUDENT\MathLibraryTests - STUDENT\Matrix4Tests.cpp(62,40): error C2039: 'm11': is not a member of 'MathClasses::Matrix4'
C:\Users\s211426\Documents\GitHub\MathLibraryTests---STUDENT\MathLibraryTests - STUDENT\MathHeaders\Matrix4.h(4,12): message : see declaration of 'MathClasses::Matrix4'
C:\Users\s211426\Documents\GitHub\MathLibraryTests---STUDENT\MathLibraryTests - STUDENT\Matrix4Tests.cpp(62,21): error C2661: 'Microsoft::VisualStudio::CppUnitTestFramework::Assert::AreEqual': no overloaded function takes 1 arguments
C:\Program Files\Microsoft Visual Studio\2022\Community\VC\Auxiliary\VS\UnitTest\include\CppUnitTestAssert.h(139,36): message : could be 'void Microsoft::VisualStudio::CppUnitTestFramework::Assert::AreEqual(const T &,const T &,const wchar_t *,const Microsoft::VisualStudio::CppUnitTestFramework::__LineInfo *)'
C:\Users\s211426\Documents\GitHub\MathLibraryTests---STUDENT\MathLibraryTests - STUDENT\Matrix4Tests.cpp(62,21): message : 'void Microsoft::VisualStudio::CppUnitTestFramework::Assert::AreEqual(const T &,const T &,const wchar_t *,const Microsoft::VisualStudio::CppUnitTestFramework::__LineInfo *)': expects 4 arguments - 1 provided
C:\Users\s211426\Documents\GitHub\MathLibraryTests---STUDENT\MathLibraryTests - STUDENT\Matrix4Tests.cpp(62,21): message : while trying to match the argument list '(float)'
C:\Users\s211426\Documents\GitHub\MathLibraryTests---STUDENT\MathLibraryTests - STUDENT\Matrix4Tests.cpp(63,40): error C2039: 'm12': is not a member of 'MathClasses::Matrix4'
C:\Users\s211426\Documents\GitHub\MathLibraryTests---STUDENT\MathLibraryTests - STUDENT\MathHeaders\Matrix4.h(4,12): message : see declaration of 'MathClasses::Matrix4'
C:\Users\s211426\Documents\GitHub\MathLibraryTests---STUDENT\MathLibraryTests - STUDENT\Matrix4Tests.cpp(63,21): error C2661: 'Microsoft::VisualStudio::CppUnitTestFramework::Assert::AreEqual': no overloaded function takes 1 arguments
C:\Program Files\Microsoft Visual Studio\2022\Community\VC\Auxiliary\VS\UnitTest\include\CppUnitTestAssert.h(139,36): message : could be 'void Microsoft::VisualStudio::CppUnitTestFramework::Assert::AreEqual(const T &,const T &,const wchar_t *,const Microsoft::VisualStudio::CppUnitTestFramework::__LineInfo *)'
C:\Users\s211426\Documents\GitHub\MathLibraryTests---STUDENT\MathLibraryTests - STUDENT\Matrix4Tests.cpp(63,21): message : 'void Microsoft::VisualStudio::CppUnitTestFramework::Assert::AreEqual(const T &,const T &,const wchar_t *,const Microsoft::VisualStudio::CppUnitTestFramework::__LineInfo *)': expects 4 arguments - 1 provided
C:\Users\s211426\Documents\GitHub\MathLibraryTests---STUDENT\MathLibraryTests - STUDENT\Matrix4Tests.cpp(63,21): message : while trying to match the argument list '(float)'
C:\Users\s211426\Documents\GitHub\MathLibraryTests---STUDENT\MathLibraryTests - STUDENT\Matrix4Tests.cpp(65,40): error C2039: 'm13': is not a member of 'MathClasses::Matrix4'
C:\Users\s211426\Documents\GitHub\MathLibraryTests---STUDENT\MathLibraryTests - STUDENT\MathHeaders\Matrix4.h(4,12): message : see declaration of 'MathClasses::Matrix4'
C:\Users\s211426\Documents\GitHub\MathLibraryTests---STUDENT\MathLibraryTests - STUDENT\Matrix4Tests.cpp(65,21): error C2661: 'Microsoft::VisualStudio::CppUnitTestFramework::Assert::AreEqual': no overloaded function takes 1 arguments
C:\Program Files\Microsoft Visual Studio\2022\Community\VC\Auxiliary\VS\UnitTest\include\CppUnitTestAssert.h(139,36): message : could be 'void Microsoft::VisualStudio::CppUnitTestFramework::Assert::AreEqual(const T &,const T &,const wchar_t *,const Microsoft::VisualStudio::CppUnitTestFramework::__LineInfo *)'
C:\Users\s211426\Documents\GitHub\MathLibraryTests---STUDENT\MathLibraryTests - STUDENT\Matrix4Tests.cpp(65,21): message : 'void Microsoft::VisualStudio::CppUnitTestFramework::Assert::AreEqual(const T &,const T &,const wchar_t *,const Microsoft::VisualStudio::CppUnitTestFramework::__LineInfo *)': expects 4 arguments - 1 provided
C:\Users\s211426\Documents\GitHub\MathLibraryTests---STUDENT\MathLibraryTests - STUDENT\Matrix4Tests.cpp(65,21): message : while trying to match the argument list '(float)'
C:\Users\s211426\Documents\GitHub\MathLibraryTests---STUDENT\MathLibraryTests - STUDENT\Matrix4Tests.cpp(66,40): error C2039: 'm14': is not a member of 'MathClasses::Matrix4'
C:\Users\s211426\Documents\GitHub\MathLibraryTests---STUDENT\MathLibraryTests - STUDENT\MathHeaders\Matrix4.h(4,12): message : see declaration of 'MathClasses::Matrix4'
C:\Users\s211426\Documents\GitHub\MathLibraryTests---STUDENT\MathLibraryTests - STUDENT\Matrix4Tests.cpp(66,21): error C2661: 'Microsoft::VisualStudio::CppUnitTestFramework::Assert::AreEqual': no overloaded function takes 1 arguments
C:\Program Files\Microsoft Visual Studio\2022\Community\VC\Auxiliary\VS\UnitTest\include\CppUnitTestAssert.h(139,36): message : could be 'void Microsoft::VisualStudio::CppUnitTestFramework::Assert::AreEqual(const T &,const T &,const wchar_t *,const Microsoft::VisualStudio::CppUnitTestFramework::__LineInfo *)'
C:\Users\s211426\Documents\GitHub\MathLibraryTests---STUDENT\MathLibraryTests - STUDENT\Matrix4Tests.cpp(66,21): message : 'void Microsoft::VisualStudio::CppUnitTestFramework::Assert::AreEqual(const T &,const T &,const wchar_t *,const Microsoft::VisualStudio::CppUnitTestFramework::__LineInfo *)': expects 4 arguments - 1 provided
C:\Users\s211426\Documents\GitHub\MathLibraryTests---STUDENT\MathLibraryTests - STUDENT\Matrix4Tests.cpp(66,21): message : while trying to match the argument list '(float)'
C:\Users\s211426\Documents\GitHub\MathLibraryTests---STUDENT\MathLibraryTests - STUDENT\Matrix4Tests.cpp(67,40): error C2039: 'm15': is not a member of 'MathClasses::Matrix4'
C:\Users\s211426\Documents\GitHub\MathLibraryTests---STUDENT\MathLibraryTests - STUDENT\MathHeaders\Matrix4.h(4,12): message : see declaration of 'MathClasses::Matrix4'
C:\Users\s211426\Documents\GitHub\MathLibraryTests---STUDENT\MathLibraryTests - STUDENT\Matrix4Tests.cpp(67,21): error C2661: 'Microsoft::VisualStudio::CppUnitTestFramework::Assert::AreEqual': no overloaded function takes 1 arguments
C:\Program Files\Microsoft Visual Studio\2022\Community\VC\Auxiliary\VS\UnitTest\include\CppUnitTestAssert.h(139,36): message : could be 'void Microsoft::VisualStudio::CppUnitTestFramework::Assert::AreEqual(const T &,const T &,const wchar_t *,const Microsoft::VisualStudio::CppUnitTestFramework::__LineInfo *)'
C:\Users\s211426\Documents\GitHub\MathLibraryTests---STUDENT\MathLibraryTests - STUDENT\Matrix4Tests.cpp(67,21): message : 'void Microsoft::VisualStudio::CppUnitTestFramework::Assert::AreEqual(const T &,const T &,const wchar_t *,const Microsoft::VisualStudio::CppUnitTestFramework::__LineInfo *)': expects 4 arguments - 1 provided
C:\Users\s211426\Documents\GitHub\MathLibraryTests---STUDENT\MathLibraryTests - STUDENT\Matrix4Tests.cpp(67,21): message : while trying to match the argument list '(float)'
C:\Users\s211426\Documents\GitHub\MathLibraryTests---STUDENT\MathLibraryTests - STUDENT\Matrix4Tests.cpp(68,40): error C2039: 'm16': is not a member of 'MathClasses::Matrix4'
C:\Users\s211426\Documents\GitHub\MathLibraryTests---STUDENT\MathLibraryTests - STUDENT\MathHeaders\Matrix4.h(4,12): message : see declaration of 'MathClasses::Matrix4'
C:\Users\s211426\Documents\GitHub\MathLibraryTests---STUDENT\MathLibraryTests - STUDENT\Matrix4Tests.cpp(68,21): error C2661: 'Microsoft::VisualStudio::CppUnitTestFramework::Assert::AreEqual': no overloaded function takes 1 arguments
C:\Program Files\Microsoft Visual Studio\2022\Community\VC\Auxiliary\VS\UnitTest\include\CppUnitTestAssert.h(139,36): message : could be 'void Microsoft::VisualStudio::CppUnitTestFramework::Assert::AreEqual(const T &,const T &,const wchar_t *,const Microsoft::VisualStudio::CppUnitTestFramework::__LineInfo *)'
C:\Users\s211426\Documents\GitHub\MathLibraryTests---STUDENT\MathLibraryTests - STUDENT\Matrix4Tests.cpp(68,21): message : 'void Microsoft::VisualStudio::CppUnitTestFramework::Assert::AreEqual(const T &,const T &,const wchar_t *,const Microsoft::VisualStudio::CppUnitTestFramework::__LineInfo *)': expects 4 arguments - 1 provided
C:\Users\s211426\Documents\GitHub\MathLibraryTests---STUDENT\MathLibraryTests - STUDENT\Matrix4Tests.cpp(68,21): message : while trying to match the argument list '(float)'
C:\Users\s211426\Documents\GitHub\MathLibraryTests---STUDENT\MathLibraryTests - STUDENT\Matrix4Tests.cpp(80,24): error C2440: 'initializing': cannot convert from 'float [16]' to 'MathClasses::Matrix4'
C:\Users\s211426\Documents\GitHub\MathLibraryTests---STUDENT\MathLibraryTests - STUDENT\Matrix4Tests.cpp(80,24): message : No constructor could take the source type, or constructor overload resolution was ambiguous
C:\Users\s211426\Documents\GitHub\MathLibraryTests---STUDENT\MathLibraryTests - STUDENT\Matrix4Tests.cpp(82,39): error C2039: 'm1': is not a member of 'MathClasses::Matrix4'
C:\Users\s211426\Documents\GitHub\MathLibraryTests---STUDENT\MathLibraryTests - STUDENT\MathHeaders\Matrix4.h(4,12): message : see declaration of 'MathClasses::Matrix4'
C:\Users\s211426\Documents\GitHub\MathLibraryTests---STUDENT\MathLibraryTests - STUDENT\Matrix4Tests.cpp(82,21): error C2661: 'Microsoft::VisualStudio::CppUnitTestFramework::Assert::AreEqual': no overloaded function takes 1 arguments
C:\Program Files\Microsoft Visual Studio\2022\Community\VC\Auxiliary\VS\UnitTest\include\CppUnitTestAssert.h(139,36): message : could be 'void Microsoft::VisualStudio::CppUnitTestFramework::Assert::AreEqual(const T &,const T &,const wchar_t *,const Microsoft::VisualStudio::CppUnitTestFramework::__LineInfo *)'
C:\Users\s211426\Documents\GitHub\MathLibraryTests---STUDENT\MathLibraryTests - STUDENT\Matrix4Tests.cpp(82,21): message : 'void Microsoft::VisualStudio::CppUnitTestFramework::Assert::AreEqual(const T &,const T &,const wchar_t *,const Microsoft::VisualStudio::CppUnitTestFramework::__LineInfo *)': expects 4 arguments - 1 provided
C:\Users\s211426\Documents\GitHub\MathLibraryTests---STUDENT\MathLibraryTests - STUDENT\Matrix4Tests.cpp(82,21): message : while trying to match the argument list '(float)'
C:\Users\s211426\Documents\GitHub\MathLibraryTests---STUDENT\MathLibraryTests - STUDENT\Matrix4Tests.cpp(83,39): error C2039: 'm2': is not a member of 'MathClasses::Matrix4'
C:\Users\s211426\Documents\GitHub\MathLibraryTests---STUDENT\MathLibraryTests - STUDENT\MathHeaders\Matrix4.h(4,12): message : see declaration of 'MathClasses::Matrix4'
C:\Users\s211426\Documents\GitHub\MathLibraryTests---STUDENT\MathLibraryTests - STUDENT\Matrix4Tests.cpp(83,21): error C2661: 'Microsoft::VisualStudio::CppUnitTestFramework::Assert::AreEqual': no overloaded function takes 1 arguments
C:\Program Files\Microsoft Visual Studio\2022\Community\VC\Auxiliary\VS\UnitTest\include\CppUnitTestAssert.h(139,36): message : could be 'void Microsoft::VisualStudio::CppUnitTestFramework::Assert::AreEqual(const T &,const T &,const wchar_t *,const Microsoft::VisualStudio::CppUnitTestFramework::__LineInfo *)'
C:\Users\s211426\Documents\GitHub\MathLibraryTests---STUDENT\MathLibraryTests - STUDENT\Matrix4Tests.cpp(83,21): message : 'void Microsoft::VisualStudio::CppUnitTestFramework::Assert::AreEqual(const T &,const T &,const wchar_t *,const Microsoft::VisualStudio::CppUnitTestFramework::__LineInfo *)': expects 4 arguments - 1 provided
C:\Users\s211426\Documents\GitHub\MathLibraryTests---STUDENT\MathLibraryTests - STUDENT\Matrix4Tests.cpp(83,21): message : while trying to match the argument list '(float)'
C:\Users\s211426\Documents\GitHub\MathLibraryTests---STUDENT\MathLibraryTests - STUDENT\Matrix4Tests.cpp(84,39): error C2039: 'm3': is not a member of 'MathClasses::Matrix4'
C:\Users\s211426\Documents\GitHub\MathLibraryTests---STUDENT\MathLibraryTests - STUDENT\MathHeaders\Matrix4.h(4,12): message : see declaration of 'MathClasses::Matrix4'
C:\Users\s211426\Documents\GitHub\MathLibraryTests---STUDENT\MathLibraryTests - STUDENT\Matrix4Tests.cpp(84,21): error C2661: 'Microsoft::VisualStudio::CppUnitTestFramework::Assert::AreEqual': no overloaded function takes 1 arguments
C:\Program Files\Microsoft Visual Studio\2022\Community\VC\Auxiliary\VS\UnitTest\include\CppUnitTestAssert.h(139,36): message : could be 'void Microsoft::VisualStudio::CppUnitTestFramework::Assert::AreEqual(const T &,const T &,const wchar_t *,const Microsoft::VisualStudio::CppUnitTestFramework::__LineInfo *)'
C:\Users\s211426\Documents\GitHub\MathLibraryTests---STUDENT\MathLibraryTests - STUDENT\Matrix4Tests.cpp(84,21): message : 'void Microsoft::VisualStudio::CppUnitTestFramework::Assert::AreEqual(const T &,const T &,const wchar_t *,const Microsoft::VisualStudio::CppUnitTestFramework::__LineInfo *)': expects 4 arguments - 1 provided
C:\Users\s211426\Documents\GitHub\MathLibraryTests---STUDENT\MathLibraryTests - STUDENT\Matrix4Tests.cpp(84,21): message : while trying to match the argument list '(float)'
C:\Users\s211426\Documents\GitHub\MathLibraryTests---STUDENT\MathLibraryTests - STUDENT\Matrix4Tests.cpp(85,39): error C2039: 'm4': is not a member of 'MathClasses::Matrix4'
C:\Users\s211426\Documents\GitHub\MathLibraryTests---STUDENT\MathLibraryTests - STUDENT\MathHeaders\Matrix4.h(4,12): message : see declaration of 'MathClasses::Matrix4'
C:\Users\s211426\Documents\GitHub\MathLibraryTests---STUDENT\MathLibraryTests - STUDENT\Matrix4Tests.cpp(85,21): error C2661: 'Microsoft::VisualStudio::CppUnitTestFramework::Assert::AreEqual': no overloaded function takes 1 arguments
C:\Program Files\Microsoft Visual Studio\2022\Community\VC\Auxiliary\VS\UnitTest\include\CppUnitTestAssert.h(139,36): message : could be 'void Microsoft::VisualStudio::CppUnitTestFramework::Assert::AreEqual(const T &,const T &,const wchar_t *,const Microsoft::VisualStudio::CppUnitTestFramework::__LineInfo *)'
C:\Users\s211426\Documents\GitHub\MathLibraryTests---STUDENT\MathLibraryTests - STUDENT\Matrix4Tests.cpp(85,21): message : 'void Microsoft::VisualStudio::CppUnitTestFramework::Assert::AreEqual(const T &,const T &,const wchar_t *,const Microsoft::VisualStudio::CppUnitTestFramework::__LineInfo *)': expects 4 arguments - 1 provided
C:\Users\s211426\Documents\GitHub\MathLibraryTests---STUDENT\MathLibraryTests - STUDENT\Matrix4Tests.cpp(85,21): message : while trying to match the argument list '(float)'
C:\Users\s211426\Documents\GitHub\MathLibraryTests---STUDENT\MathLibraryTests - STUDENT\Matrix4Tests.cpp(87,39): error C2039: 'm5': is not a member of 'MathClasses::Matrix4'
C:\Users\s211426\Documents\GitHub\MathLibraryTests---STUDENT\MathLibraryTests - STUDENT\MathHeaders\Matrix4.h(4,12): message : see declaration of 'MathClasses::Matrix4'
C:\Users\s211426\Documents\GitHub\MathLibraryTests---STUDENT\MathLibraryTests - STUDENT\Matrix4Tests.cpp(87,21): error C2661: 'Microsoft::VisualStudio::CppUnitTestFramework::Assert::AreEqual': no overloaded function takes 1 arguments
C:\Program Files\Microsoft Visual Studio\2022\Community\VC\Auxiliary\VS\UnitTest\include\CppUnitTestAssert.h(139,36): message : could be 'void Microsoft::VisualStudio::CppUnitTestFramework::Assert::AreEqual(const T &,const T &,const wchar_t *,const Microsoft::VisualStudio::CppUnitTestFramework::__LineInfo *)'
C:\Users\s211426\Documents\GitHub\MathLibraryTests---STUDENT\MathLibraryTests - STUDENT\Matrix4Tests.cpp(87,21): message : 'void Microsoft::VisualStudio::CppUnitTestFramework::Assert::AreEqual(const T &,const T &,const wchar_t *,const Microsoft::VisualStudio::CppUnitTestFramework::__LineInfo *)': expects 4 arguments - 1 provided
C:\Users\s211426\Documents\GitHub\MathLibraryTests---STUDENT\MathLibraryTests - STUDENT\Matrix4Tests.cpp(87,21): message : while trying to match the argument list '(float)'
C:\Users\s211426\Documents\GitHub\MathLibraryTests---STUDENT\MathLibraryTests - STUDENT\Matrix4Tests.cpp(88,39): error C2039: 'm6': is not a member of 'MathClasses::Matrix4'
C:\Users\s211426\Documents\GitHub\MathLibraryTests---STUDENT\MathLibraryTests - STUDENT\MathHeaders\Matrix4.h(4,12): message : see declaration of 'MathClasses::Matrix4'
C:\Users\s211426\Documents\GitHub\MathLibraryTests---STUDENT\MathLibraryTests - STUDENT\Matrix4Tests.cpp(88,21): error C2661: 'Microsoft::VisualStudio::CppUnitTestFramework::Assert::AreEqual': no overloaded function takes 1 arguments
C:\Program Files\Microsoft Visual Studio\2022\Community\VC\Auxiliary\VS\UnitTest\include\CppUnitTestAssert.h(139,36): message : could be 'void Microsoft::VisualStudio::CppUnitTestFramework::Assert::AreEqual(const T &,const T &,const wchar_t *,const Microsoft::VisualStudio::CppUnitTestFramework::__LineInfo *)'
C:\Users\s211426\Documents\GitHub\MathLibraryTests---STUDENT\MathLibraryTests - STUDENT\Matrix4Tests.cpp(88,21): message : 'void Microsoft::VisualStudio::CppUnitTestFramework::Assert::AreEqual(const T &,const T &,const wchar_t *,const Microsoft::VisualStudio::CppUnitTestFramework::__LineInfo *)': expects 4 arguments - 1 provided
C:\Users\s211426\Documents\GitHub\MathLibraryTests---STUDENT\MathLibraryTests - STUDENT\Matrix4Tests.cpp(88,21): message : while trying to match the argument list '(float)'
C:\Users\s211426\Documents\GitHub\MathLibraryTests---STUDENT\MathLibraryTests - STUDENT\Matrix4Tests.cpp(89,39): error C2039: 'm7': is not a member of 'MathClasses::Matrix4'
C:\Users\s211426\Documents\GitHub\MathLibraryTests---STUDENT\MathLibraryTests - STUDENT\MathHeaders\Matrix4.h(4,12): message : see declaration of 'MathClasses::Matrix4'
C:\Users\s211426\Documents\GitHub\MathLibraryTests---STUDENT\MathLibraryTests - STUDENT\Matrix4Tests.cpp(89,21): error C2661: 'Microsoft::VisualStudio::CppUnitTestFramework::Assert::AreEqual': no overloaded function takes 1 arguments
C:\Program Files\Microsoft Visual Studio\2022\Community\VC\Auxiliary\VS\UnitTest\include\CppUnitTestAssert.h(139,36): message : could be 'void Microsoft::VisualStudio::CppUnitTestFramework::Assert::AreEqual(const T &,const T &,const wchar_t *,const Microsoft::VisualStudio::CppUnitTestFramework::__LineInfo *)'
C:\Users\s211426\Documents\GitHub\MathLibraryTests---STUDENT\MathLibraryTests - STUDENT\Matrix4Tests.cpp(89,21): message : 'void Microsoft::VisualStudio::CppUnitTestFramework::Assert::AreEqual(const T &,const T &,const wchar_t *,const Microsoft::VisualStudio::CppUnitTestFramework::__LineInfo *)': expects 4 arguments - 1 provided
C:\Users\s211426\Documents\GitHub\MathLibraryTests---STUDENT\MathLibraryTests - STUDENT\Matrix4Tests.cpp(89,21): message : while trying to match the argument list '(float)'
C:\Users\s211426\Documents\GitHub\MathLibraryTests---STUDENT\MathLibraryTests - STUDENT\Matrix4Tests.cpp(90,39): error C2039: 'm8': is not a member of 'MathClasses::Matrix4'
C:\Users\s211426\Documents\GitHub\MathLibraryTests---STUDENT\MathLibraryTests - STUDENT\MathHeaders\Matrix4.h(4,12): message : see declaration of 'MathClasses::Matrix4'
C:\Users\s211426\Documents\GitHub\MathLibraryTests---STUDENT\MathLibraryTests - STUDENT\Matrix4Tests.cpp(90,21): error C2661: 'Microsoft::VisualStudio::CppUnitTestFramework::Assert::AreEqual': no overloaded function takes 1 arguments
C:\Program Files\Microsoft Visual Studio\2022\Community\VC\Auxiliary\VS\UnitTest\include\CppUnitTestAssert.h(139,36): message : could be 'void Microsoft::VisualStudio::CppUnitTestFramework::Assert::AreEqual(const T &,const T &,const wchar_t *,const Microsoft::VisualStudio::CppUnitTestFramework::__LineInfo *)'
C:\Users\s211426\Documents\GitHub\MathLibraryTests---STUDENT\MathLibraryTests - STUDENT\Matrix4Tests.cpp(90,21): message : 'void Microsoft::VisualStudio::CppUnitTestFramework::Assert::AreEqual(const T &,const T &,const wchar_t *,const Microsoft::VisualStudio::CppUnitTestFramework::__LineInfo *)': expects 4 arguments - 1 provided
C:\Users\s211426\Documents\GitHub\MathLibraryTests---STUDENT\MathLibraryTests - STUDENT\Matrix4Tests.cpp(90,21): message : while trying to match the argument list '(float)'
C:\Users\s211426\Documents\GitHub\MathLibraryTests---STUDENT\MathLibraryTests - STUDENT\Matrix4Tests.cpp(92,39): error C2039: 'm9': is not a member of 'MathClasses::Matrix4'
C:\Users\s211426\Documents\GitHub\MathLibraryTests---STUDENT\MathLibraryTests - STUDENT\MathHeaders\Matrix4.h(4,12): message : see declaration of 'MathClasses::Matrix4'
C:\Users\s211426\Documents\GitHub\MathLibraryTests---STUDENT\MathLibraryTests - STUDENT\Matrix4Tests.cpp(92,21): error C2661: 'Microsoft::VisualStudio::CppUnitTestFramework::Assert::AreEqual': no overloaded function takes 1 arguments
C:\Program Files\Microsoft Visual Studio\2022\Community\VC\Auxiliary\VS\UnitTest\include\CppUnitTestAssert.h(139,36): message : could be 'void Microsoft::VisualStudio::CppUnitTestFramework::Assert::AreEqual(const T &,const T &,const wchar_t *,const Microsoft::VisualStudio::CppUnitTestFramework::__LineInfo *)'
C:\Users\s211426\Documents\GitHub\MathLibraryTests---STUDENT\MathLibraryTests - STUDENT\Matrix4Tests.cpp(92,21): message : 'void Microsoft::VisualStudio::CppUnitTestFramework::Assert::AreEqual(const T &,const T &,const wchar_t *,const Microsoft::VisualStudio::CppUnitTestFramework::__LineInfo *)': expects 4 arguments - 1 provided
C:\Users\s211426\Documents\GitHub\MathLibraryTests---STUDENT\MathLibraryTests - STUDENT\Matrix4Tests.cpp(92,21): message : while trying to match the argument list '(float)'
C:\Users\s211426\Documents\GitHub\MathLibraryTests---STUDENT\MathLibraryTests - STUDENT\Matrix4Tests.cpp(93,40): error C2039: 'm10': is not a member of 'MathClasses::Matrix4'
C:\Users\s211426\Documents\GitHub\MathLibraryTests---STUDENT\MathLibraryTests - STUDENT\MathHeaders\Matrix4.h(4,12): message : see declaration of 'MathClasses::Matrix4'
C:\Users\s211426\Documents\GitHub\MathLibraryTests---STUDENT\MathLibraryTests - STUDENT\Matrix4Tests.cpp(93,21): error C2661: 'Microsoft::VisualStudio::CppUnitTestFramework::Assert::AreEqual': no overloaded function takes 1 arguments
C:\Program Files\Microsoft Visual Studio\2022\Community\VC\Auxiliary\VS\UnitTest\include\CppUnitTestAssert.h(139,36): message : could be 'void Microsoft::VisualStudio::CppUnitTestFramework::Assert::AreEqual(const T &,const T &,const wchar_t *,const Microsoft::VisualStudio::CppUnitTestFramework::__LineInfo *)'
C:\Users\s211426\Documents\GitHub\MathLibraryTests---STUDENT\MathLibraryTests - STUDENT\Matrix4Tests.cpp(93,21): message : 'void Microsoft::VisualStudio::CppUnitTestFramework::Assert::AreEqual(const T &,const T &,const wchar_t *,const Microsoft::VisualStudio::CppUnitTestFramework::__LineInfo *)': expects 4 arguments - 1 provided
C:\Users\s211426\Documents\GitHub\MathLibraryTests---STUDENT\MathLibraryTests - STUDENT\Matrix4Tests.cpp(93,21): message : while trying to match the argument list '(float)'
C:\Users\s211426\Documents\GitHub\MathLibraryTests---STUDENT\MathLibraryTests - STUDENT\Matrix4Tests.cpp(94,40): error C2039: 'm11': is not a member of 'MathClasses::Matrix4'
C:\Users\s211426\Documents\GitHub\MathLibraryTests---STUDENT\MathLibraryTests - STUDENT\MathHeaders\Matrix4.h(4,12): message : see declaration of 'MathClasses::Matrix4'
C:\Users\s211426\Documents\GitHub\MathLibraryTests---STUDENT\MathLibraryTests - STUDENT\Matrix4Tests.cpp(94,21): error C2661: 'Microsoft::VisualStudio::CppUnitTestFramework::Assert::AreEqual': no overloaded function takes 1 arguments
C:\Program Files\Microsoft Visual Studio\2022\Community\VC\Auxiliary\VS\UnitTest\include\CppUnitTestAssert.h(139,36): message : could be 'void Microsoft::VisualStudio::CppUnitTestFramework::Assert::AreEqual(const T &,const T &,const wchar_t *,const Microsoft::VisualStudio::CppUnitTestFramework::__LineInfo *)'
C:\Users\s211426\Documents\GitHub\MathLibraryTests---STUDENT\MathLibraryTests - STUDENT\Matrix4Tests.cpp(94,21): message : 'void Microsoft::VisualStudio::CppUnitTestFramework::Assert::AreEqual(const T &,const T &,const wchar_t *,const Microsoft::VisualStudio::CppUnitTestFramework::__LineInfo *)': expects 4 arguments - 1 provided
C:\Users\s211426\Documents\GitHub\MathLibraryTests---STUDENT\MathLibraryTests - STUDENT\Matrix4Tests.cpp(94,21): message : while trying to match the argument list '(float)'
C:\Users\s211426\Documents\GitHub\MathLibraryTests---STUDENT\MathLibraryTests - STUDENT\Matrix4Tests.cpp(95,40): error C2039: 'm12': is not a member of 'MathClasses::Matrix4'
C:\Users\s211426\Documents\GitHub\MathLibraryTests---STUDENT\MathLibraryTests - STUDENT\MathHeaders\Matrix4.h(4,12): message : see declaration of 'MathClasses::Matrix4'
C:\Users\s211426\Documents\GitHub\MathLibraryTests---STUDENT\MathLibraryTests - STUDENT\Matrix4Tests.cpp(95,21): error C2661: 'Microsoft::VisualStudio::CppUnitTestFramework::Assert::AreEqual': no overloaded function takes 1 arguments
C:\Program Files\Microsoft Visual Studio\2022\Community\VC\Auxiliary\VS\UnitTest\include\CppUnitTestAssert.h(139,36): message : could be 'void Microsoft::VisualStudio::CppUnitTestFramework::Assert::AreEqual(const T &,const T &,const wchar_t *,const Microsoft::VisualStudio::CppUnitTestFramework::__LineInfo *)'
C:\Users\s211426\Documents\GitHub\MathLibraryTests---STUDENT\MathLibraryTests - STUDENT\Matrix4Tests.cpp(95,21): message : 'void Microsoft::VisualStudio::CppUnitTestFramework::Assert::AreEqual(const T &,const T &,const wchar_t *,const Microsoft::VisualStudio::CppUnitTestFramework::__LineInfo *)': expects 4 arguments - 1 provided
C:\Users\s211426\Documents\GitHub\MathLibraryTests---STUDENT\MathLibraryTests - STUDENT\Matrix4Tests.cpp(95,21): message : while trying to match the argument list '(float)'
C:\Users\s211426\Documents\GitHub\MathLibraryTests---STUDENT\MathLibraryTests - STUDENT\Matrix4Tests.cpp(97,40): error C2039: 'm13': is not a member of 'MathClasses::Matrix4'
C:\Users\s211426\Documents\GitHub\MathLibraryTests---STUDENT\MathLibraryTests - STUDENT\MathHeaders\Matrix4.h(4,12): message : see declaration of 'MathClasses::Matrix4'
C:\Users\s211426\Documents\GitHub\MathLibraryTests---STUDENT\MathLibraryTests - STUDENT\Matrix4Tests.cpp(97,21): error C2661: 'Microsoft::VisualStudio::CppUnitTestFramework::Assert::AreEqual': no overloaded function takes 1 arguments
C:\Program Files\Microsoft Visual Studio\2022\Community\VC\Auxiliary\VS\UnitTest\include\CppUnitTestAssert.h(139,36): message : could be 'void Microsoft::VisualStudio::CppUnitTestFramework::Assert::AreEqual(const T &,const T &,const wchar_t *,const Microsoft::VisualStudio::CppUnitTestFramework::__LineInfo *)'
C:\Users\s211426\Documents\GitHub\MathLibraryTests---STUDENT\MathLibraryTests - STUDENT\Matrix4Tests.cpp(97,21): message : 'void Microsoft::VisualStudio::CppUnitTestFramework::Assert::AreEqual(const T &,const T &,const wchar_t *,const Microsoft::VisualStudio::CppUnitTestFramework::__LineInfo *)': expects 4 arguments - 1 provided
C:\Users\s211426\Documents\GitHub\MathLibraryTests---STUDENT\MathLibraryTests - STUDENT\Matrix4Tests.cpp(97,21): message : while trying to match the argument list '(float)'
C:\Users\s211426\Documents\GitHub\MathLibraryTests---STUDENT\MathLibraryTests - STUDENT\Matrix4Tests.cpp(98,40): error C2039: 'm14': is not a member of 'MathClasses::Matrix4'
C:\Users\s211426\Documents\GitHub\MathLibraryTests---STUDENT\MathLibraryTests - STUDENT\MathHeaders\Matrix4.h(4,12): message : see declaration of 'MathClasses::Matrix4'
C:\Users\s211426\Documents\GitHub\MathLibraryTests---STUDENT\MathLibraryTests - STUDENT\Matrix4Tests.cpp(98,1): fatal  error C1003: error count exceeds 100; stopping compilation
  Matrix4TransformTests.cpp
C:\Users\s211426\Documents\GitHub\MathLibraryTests---STUDENT\MathLibraryTests - STUDENT\TestToString.h(48,18): error C2039: 'ToString': is not a member of 'MathClasses::Vector4'
C:\Users\s211426\Documents\GitHub\MathLibraryTests---STUDENT\MathLibraryTests - STUDENT\MathHeaders\Vector4.h(5,12): message : see declaration of 'MathClasses::Vector4'
C:\Users\s211426\Documents\GitHub\MathLibraryTests---STUDENT\MathLibraryTests - STUDENT\TestToString.h(59,1): error C3536: 'str': cannot be used before it is initialized
C:\Users\s211426\Documents\GitHub\MathLibraryTests---STUDENT\MathLibraryTests - STUDENT\TestToString.h(59,20): error C2665: 'std::basic_string<wchar_t,std::char_traits<wchar_t>,std::allocator<wchar_t>>::basic_string': no overloaded function could convert all the argument types
C:\Program Files\Microsoft Visual Studio\2022\Community\VC\Tools\MSVC\14.34.31933\include\xstring(2674,5): message : could be 'std::basic_string<wchar_t,std::char_traits<wchar_t>,std::allocator<wchar_t>>::basic_string(const _Elem *const )'
          with
          [
              _Elem=wchar_t
          ]
C:\Users\s211426\Documents\GitHub\MathLibraryTests---STUDENT\MathLibraryTests - STUDENT\TestToString.h(59,20): message : 'std::basic_string<wchar_t,std::char_traits<wchar_t>,std::allocator<wchar_t>>::basic_string(const _Elem *const )': cannot convert argument 1 from 'wchar_t' to 'const _Elem *const '
          with
          [
              _Elem=wchar_t
          ]
C:\Users\s211426\Documents\GitHub\MathLibraryTests---STUDENT\MathLibraryTests - STUDENT\TestToString.h(59,39): message : Conversion from integral type to pointer type requires reinterpret_cast, C-style cast or parenthesized function-style cast
C:\Program Files\Microsoft Visual Studio\2022\Community\VC\Tools\MSVC\14.34.31933\include\xstring(3224,5): message : or       'std::basic_string<wchar_t,std::char_traits<wchar_t>,std::allocator<wchar_t>>::basic_string(std::initializer_list<_Elem>,const _Alloc &)'
          with
          [
              _Elem=wchar_t,
              _Alloc=std::allocator<wchar_t>
          ]
C:\Users\s211426\Documents\GitHub\MathLibraryTests---STUDENT\MathLibraryTests - STUDENT\TestToString.h(59,20): message : 'std::basic_string<wchar_t,std::char_traits<wchar_t>,std::allocator<wchar_t>>::basic_string(std::initializer_list<_Elem>,const _Alloc &)': cannot convert argument 1 from 'wchar_t' to 'std::initializer_list<_Elem>'
          with
          [
              _Elem=wchar_t,
              _Alloc=std::allocator<wchar_t>
          ]
          and
          [
              _Elem=wchar_t
          ]
C:\Users\s211426\Documents\GitHub\MathLibraryTests---STUDENT\MathLibraryTests - STUDENT\TestToString.h(59,39): message : No constructor could take the source type, or constructor overload resolution was ambiguous
C:\Program Files\Microsoft Visual Studio\2022\Community\VC\Tools\MSVC\14.34.31933\include\xstring(2620,5): message : or       'std::basic_string<wchar_t,std::char_traits<wchar_t>,std::allocator<wchar_t>>::basic_string(const _Alloc &) noexcept'
          with
          [
              _Alloc=std::allocator<wchar_t>
          ]
C:\Users\s211426\Documents\GitHub\MathLibraryTests---STUDENT\MathLibraryTests - STUDENT\TestToString.h(59,20): message : 'std::basic_string<wchar_t,std::char_traits<wchar_t>,std::allocator<wchar_t>>::basic_string(const _Alloc &) noexcept': cannot convert argument 1 from 'wchar_t' to 'const _Alloc &'
          with
          [
              _Alloc=std::allocator<wchar_t>
          ]
C:\Users\s211426\Documents\GitHub\MathLibraryTests---STUDENT\MathLibraryTests - STUDENT\TestToString.h(59,39): message : Reason: cannot convert from 'wchar_t' to 'const _Alloc'
          with
          [
              _Alloc=std::allocator<wchar_t>
          ]
C:\Users\s211426\Documents\GitHub\MathLibraryTests---STUDENT\MathLibraryTests - STUDENT\TestToString.h(59,39): message : No constructor could take the source type, or constructor overload resolution was ambiguous
C:\Program Files\Microsoft Visual Studio\2022\Community\VC\Tools\MSVC\14.34.31933\include\xstring(3031,5): message : or       'std::basic_string<wchar_t,std::char_traits<wchar_t>,std::allocator<wchar_t>>::basic_string(const _Ty &,const unsigned __int64,const unsigned __int64,const _Alloc &)'
          with
          [
              _Alloc=std::allocator<wchar_t>
          ]
C:\Users\s211426\Documents\GitHub\MathLibraryTests---STUDENT\MathLibraryTests - STUDENT\TestToString.h(59,20): message : 'std::basic_string<wchar_t,std::char_traits<wchar_t>,std::allocator<wchar_t>>::basic_string(const _Ty &,const unsigned __int64,const unsigned __int64,const _Alloc &)': expects 4 arguments - 1 provided
          with
          [
              _Alloc=std::allocator<wchar_t>
          ]
C:\Program Files\Microsoft Visual Studio\2022\Community\VC\Tools\MSVC\14.34.31933\include\xstring(3024,5): message : or       'std::basic_string<wchar_t,std::char_traits<wchar_t>,std::allocator<wchar_t>>::basic_string(const _StringViewIsh &,const _Alloc &)'
          with
          [
              _Alloc=std::allocator<wchar_t>
          ]
C:\Users\s211426\Documents\GitHub\MathLibraryTests---STUDENT\MathLibraryTests - STUDENT\TestToString.h(59,1): message : 'std::basic_string<wchar_t,std::char_traits<wchar_t>,std::allocator<wchar_t>>::basic_string(const _StringViewIsh &,const _Alloc &)': could not deduce template argument for '__formal'
          with
          [
              _Alloc=std::allocator<wchar_t>
          ]
C:\Program Files\Microsoft Visual Studio\2022\Community\VC\Tools\MSVC\14.34.31933\include\xstring(2704,5): message : or       'std::basic_string<wchar_t,std::char_traits<wchar_t>,std::allocator<wchar_t>>::basic_string(_Iter,_Iter,const _Alloc &)'
          with
          [
              _Alloc=std::allocator<wchar_t>
          ]
C:\Users\s211426\Documents\GitHub\MathLibraryTests---STUDENT\MathLibraryTests - STUDENT\TestToString.h(59,20): message : 'std::basic_string<wchar_t,std::char_traits<wchar_t>,std::allocator<wchar_t>>::basic_string(_Iter,_Iter,const _Alloc &)': expects 3 arguments - 1 provided
          with
          [
              _Alloc=std::allocator<wchar_t>
          ]
C:\Program Files\Microsoft Visual Studio\2022\Community\VC\Tools\MSVC\14.34.31933\include\xstring(2698,5): message : or       'std::basic_string<wchar_t,std::char_traits<wchar_t>,std::allocator<wchar_t>>::basic_string(const unsigned __int64,const _Elem,const _Alloc &)'
          with
          [
              _Elem=wchar_t,
              _Alloc=std::allocator<wchar_t>
          ]
C:\Users\s211426\Documents\GitHub\MathLibraryTests---STUDENT\MathLibraryTests - STUDENT\TestToString.h(59,20): message : 'std::basic_string<wchar_t,std::char_traits<wchar_t>,std::allocator<wchar_t>>::basic_string(const unsigned __int64,const _Elem,const _Alloc &)': expects 3 arguments - 1 provided
          with
          [
              _Elem=wchar_t,
              _Alloc=std::allocator<wchar_t>
          ]
C:\Program Files\Microsoft Visual Studio\2022\Community\VC\Tools\MSVC\14.34.31933\include\xstring(2685,5): message : or       'std::basic_string<wchar_t,std::char_traits<wchar_t>,std::allocator<wchar_t>>::basic_string(const _Elem *const ,const _Alloc &)'
          with
          [
              _Elem=wchar_t,
              _Alloc=std::allocator<wchar_t>
          ]
C:\Users\s211426\Documents\GitHub\MathLibraryTests---STUDENT\MathLibraryTests - STUDENT\TestToString.h(59,20): message : 'std::basic_string<wchar_t,std::char_traits<wchar_t>,std::allocator<wchar_t>>::basic_string(const _Elem *const ,const _Alloc &)': expects 2 arguments - 1 provided
          with
          [
              _Elem=wchar_t,
              _Alloc=std::allocator<wchar_t>
          ]
C:\Users\s211426\Documents\GitHub\MathLibraryTests---STUDENT\MathLibraryTests - STUDENT\TestToString.h(59,20): message : while trying to match the argument list '(wchar_t)'
C:\Users\s211426\Documents\GitHub\MathLibraryTests---STUDENT\MathLibraryTests - STUDENT\TestToString.h(62,5): error C2660: 'mbstowcs_s': function does not take 3 arguments
C:\Program Files (x86)\Windows Kits\10\Include\10.0.22621.0\ucrt\stdlib.h(908,26): message : see declaration of 'mbstowcs_s'
C:\Program Files (x86)\Windows Kits\10\Include\10.0.22621.0\ucrt\stdlib.h(916,1): message : could be 'errno_t mbstowcs_s(size_t *,wchar_t (&)[_Size],const char *,size_t) noexcept'
C:\Users\s211426\Documents\GitHub\MathLibraryTests---STUDENT\MathLibraryTests - STUDENT\TestToString.h(62,5): message : 'errno_t mbstowcs_s(size_t *,wchar_t (&)[_Size],const char *,size_t) noexcept': expects 4 arguments - 3 provided
C:\Users\s211426\Documents\GitHub\MathLibraryTests---STUDENT\MathLibraryTests - STUDENT\TestToString.h(62,5): message : while trying to match the argument list '(size_t *, wchar_t *, unsigned __int64)'
C:\Users\s211426\Documents\GitHub\MathLibraryTests---STUDENT\MathLibraryTests - STUDENT\TestToString.h(92,18): error C2039: 'ToString': is not a member of 'MathClasses::Matrix4'
C:\Users\s211426\Documents\GitHub\MathLibraryTests---STUDENT\MathLibraryTests - STUDENT\MathHeaders\Matrix4.h(4,12): message : see declaration of 'MathClasses::Matrix4'
C:\Users\s211426\Documents\GitHub\MathLibraryTests---STUDENT\MathLibraryTests - STUDENT\TestToString.h(103,1): error C3536: 'str': cannot be used before it is initialized
C:\Users\s211426\Documents\GitHub\MathLibraryTests---STUDENT\MathLibraryTests - STUDENT\TestToString.h(103,20): error C2665: 'std::basic_string<wchar_t,std::char_traits<wchar_t>,std::allocator<wchar_t>>::basic_string': no overloaded function could convert all the argument types
C:\Program Files\Microsoft Visual Studio\2022\Community\VC\Tools\MSVC\14.34.31933\include\xstring(2674,5): message : could be 'std::basic_string<wchar_t,std::char_traits<wchar_t>,std::allocator<wchar_t>>::basic_string(const _Elem *const )'
          with
          [
              _Elem=wchar_t
          ]
C:\Users\s211426\Documents\GitHub\MathLibraryTests---STUDENT\MathLibraryTests - STUDENT\TestToString.h(103,20): message : 'std::basic_string<wchar_t,std::char_traits<wchar_t>,std::allocator<wchar_t>>::basic_string(const _Elem *const )': cannot convert argument 1 from 'wchar_t' to 'const _Elem *const '
          with
          [
              _Elem=wchar_t
          ]
C:\Users\s211426\Documents\GitHub\MathLibraryTests---STUDENT\MathLibraryTests - STUDENT\TestToString.h(103,39): message : Conversion from integral type to pointer type requires reinterpret_cast, C-style cast or parenthesized function-style cast
C:\Program Files\Microsoft Visual Studio\2022\Community\VC\Tools\MSVC\14.34.31933\include\xstring(3224,5): message : or       'std::basic_string<wchar_t,std::char_traits<wchar_t>,std::allocator<wchar_t>>::basic_string(std::initializer_list<_Elem>,const _Alloc &)'
          with
          [
              _Elem=wchar_t,
              _Alloc=std::allocator<wchar_t>
          ]
C:\Users\s211426\Documents\GitHub\MathLibraryTests---STUDENT\MathLibraryTests - STUDENT\TestToString.h(103,20): message : 'std::basic_string<wchar_t,std::char_traits<wchar_t>,std::allocator<wchar_t>>::basic_string(std::initializer_list<_Elem>,const _Alloc &)': cannot convert argument 1 from 'wchar_t' to 'std::initializer_list<_Elem>'
          with
          [
              _Elem=wchar_t,
              _Alloc=std::allocator<wchar_t>
          ]
          and
          [
              _Elem=wchar_t
          ]
C:\Users\s211426\Documents\GitHub\MathLibraryTests---STUDENT\MathLibraryTests - STUDENT\TestToString.h(103,39): message : No constructor could take the source type, or constructor overload resolution was ambiguous
C:\Program Files\Microsoft Visual Studio\2022\Community\VC\Tools\MSVC\14.34.31933\include\xstring(2620,5): message : or       'std::basic_string<wchar_t,std::char_traits<wchar_t>,std::allocator<wchar_t>>::basic_string(const _Alloc &) noexcept'
          with
          [
              _Alloc=std::allocator<wchar_t>
          ]
C:\Users\s211426\Documents\GitHub\MathLibraryTests---STUDENT\MathLibraryTests - STUDENT\TestToString.h(103,20): message : 'std::basic_string<wchar_t,std::char_traits<wchar_t>,std::allocator<wchar_t>>::basic_string(const _Alloc &) noexcept': cannot convert argument 1 from 'wchar_t' to 'const _Alloc &'
          with
          [
              _Alloc=std::allocator<wchar_t>
          ]
C:\Users\s211426\Documents\GitHub\MathLibraryTests---STUDENT\MathLibraryTests - STUDENT\TestToString.h(103,39): message : Reason: cannot convert from 'wchar_t' to 'const _Alloc'
          with
          [
              _Alloc=std::allocator<wchar_t>
          ]
C:\Users\s211426\Documents\GitHub\MathLibraryTests---STUDENT\MathLibraryTests - STUDENT\TestToString.h(103,39): message : No constructor could take the source type, or constructor overload resolution was ambiguous
C:\Program Files\Microsoft Visual Studio\2022\Community\VC\Tools\MSVC\14.34.31933\include\xstring(3031,5): message : or       'std::basic_string<wchar_t,std::char_traits<wchar_t>,std::allocator<wchar_t>>::basic_string(const _Ty &,const unsigned __int64,const unsigned __int64,const _Alloc &)'
          with
          [
              _Alloc=std::allocator<wchar_t>
          ]
C:\Users\s211426\Documents\GitHub\MathLibraryTests---STUDENT\MathLibraryTests - STUDENT\TestToString.h(103,20): message : 'std::basic_string<wchar_t,std::char_traits<wchar_t>,std::allocator<wchar_t>>::basic_string(const _Ty &,const unsigned __int64,const unsigned __int64,const _Alloc &)': expects 4 arguments - 1 provided
          with
          [
              _Alloc=std::allocator<wchar_t>
          ]
C:\Program Files\Microsoft Visual Studio\2022\Community\VC\Tools\MSVC\14.34.31933\include\xstring(3024,5): message : or       'std::basic_string<wchar_t,std::char_traits<wchar_t>,std::allocator<wchar_t>>::basic_string(const _StringViewIsh &,const _Alloc &)'
          with
          [
              _Alloc=std::allocator<wchar_t>
          ]
C:\Users\s211426\Documents\GitHub\MathLibraryTests---STUDENT\MathLibraryTests - STUDENT\TestToString.h(103,1): message : 'std::basic_string<wchar_t,std::char_traits<wchar_t>,std::allocator<wchar_t>>::basic_string(const _StringViewIsh &,const _Alloc &)': could not deduce template argument for '__formal'
          with
          [
              _Alloc=std::allocator<wchar_t>
          ]
C:\Program Files\Microsoft Visual Studio\2022\Community\VC\Tools\MSVC\14.34.31933\include\xstring(2704,5): message : or       'std::basic_string<wchar_t,std::char_traits<wchar_t>,std::allocator<wchar_t>>::basic_string(_Iter,_Iter,const _Alloc &)'
          with
          [
              _Alloc=std::allocator<wchar_t>
          ]
C:\Users\s211426\Documents\GitHub\MathLibraryTests---STUDENT\MathLibraryTests - STUDENT\TestToString.h(103,20): message : 'std::basic_string<wchar_t,std::char_traits<wchar_t>,std::allocator<wchar_t>>::basic_string(_Iter,_Iter,const _Alloc &)': expects 3 arguments - 1 provided
          with
          [
              _Alloc=std::allocator<wchar_t>
          ]
C:\Program Files\Microsoft Visual Studio\2022\Community\VC\Tools\MSVC\14.34.31933\include\xstring(2698,5): message : or       'std::basic_string<wchar_t,std::char_traits<wchar_t>,std::allocator<wchar_t>>::basic_string(const unsigned __int64,const _Elem,const _Alloc &)'
          with
          [
              _Elem=wchar_t,
              _Alloc=std::allocator<wchar_t>
          ]
C:\Users\s211426\Documents\GitHub\MathLibraryTests---STUDENT\MathLibraryTests - STUDENT\TestToString.h(103,20): message : 'std::basic_string<wchar_t,std::char_traits<wchar_t>,std::allocator<wchar_t>>::basic_string(const unsigned __int64,const _Elem,const _Alloc &)': expects 3 arguments - 1 provided
          with
          [
              _Elem=wchar_t,
              _Alloc=std::allocator<wchar_t>
          ]
C:\Program Files\Microsoft Visual Studio\2022\Community\VC\Tools\MSVC\14.34.31933\include\xstring(2685,5): message : or       'std::basic_string<wchar_t,std::char_traits<wchar_t>,std::allocator<wchar_t>>::basic_string(const _Elem *const ,const _Alloc &)'
          with
          [
              _Elem=wchar_t,
              _Alloc=std::allocator<wchar_t>
          ]
C:\Users\s211426\Documents\GitHub\MathLibraryTests---STUDENT\MathLibraryTests - STUDENT\TestToString.h(103,20): message : 'std::basic_string<wchar_t,std::char_traits<wchar_t>,std::allocator<wchar_t>>::basic_string(const _Elem *const ,const _Alloc &)': expects 2 arguments - 1 provided
          with
          [
              _Elem=wchar_t,
              _Alloc=std::allocator<wchar_t>
          ]
C:\Users\s211426\Documents\GitHub\MathLibraryTests---STUDENT\MathLibraryTests - STUDENT\TestToString.h(103,20): message : while trying to match the argument list '(wchar_t)'
C:\Users\s211426\Documents\GitHub\MathLibraryTests---STUDENT\MathLibraryTests - STUDENT\TestToString.h(106,5): error C2660: 'mbstowcs_s': function does not take 3 arguments
C:\Program Files (x86)\Windows Kits\10\Include\10.0.22621.0\ucrt\stdlib.h(908,26): message : see declaration of 'mbstowcs_s'
C:\Program Files (x86)\Windows Kits\10\Include\10.0.22621.0\ucrt\stdlib.h(916,1): message : could be 'errno_t mbstowcs_s(size_t *,wchar_t (&)[_Size],const char *,size_t) noexcept'
C:\Users\s211426\Documents\GitHub\MathLibraryTests---STUDENT\MathLibraryTests - STUDENT\TestToString.h(106,5): message : 'errno_t mbstowcs_s(size_t *,wchar_t (&)[_Size],const char *,size_t) noexcept': expects 4 arguments - 3 provided
C:\Users\s211426\Documents\GitHub\MathLibraryTests---STUDENT\MathLibraryTests - STUDENT\TestToString.h(106,5): message : while trying to match the argument list '(size_t *, wchar_t *, unsigned __int64)'
C:\Users\s211426\Documents\GitHub\MathLibraryTests---STUDENT\MathLibraryTests - STUDENT\Matrix4TransformTests.cpp(19,30): error C2039: 'MakeTranslation': is not a member of 'MathClasses::Matrix4'
C:\Users\s211426\Documents\GitHub\MathLibraryTests---STUDENT\MathLibraryTests - STUDENT\MathHeaders\Matrix4.h(4,12): message : see declaration of 'MathClasses::Matrix4'
C:\Users\s211426\Documents\GitHub\MathLibraryTests---STUDENT\MathLibraryTests - STUDENT\Matrix4TransformTests.cpp(19,1): error C3861: 'MakeTranslation': identifier not found
C:\Users\s211426\Documents\GitHub\MathLibraryTests---STUDENT\MathLibraryTests - STUDENT\Matrix4TransformTests.cpp(22,12): error C2440: '<function-style-cast>': cannot convert from 'initializer list' to 'MathClasses::Matrix4'
C:\Users\s211426\Documents\GitHub\MathLibraryTests---STUDENT\MathLibraryTests - STUDENT\Matrix4TransformTests.cpp(22,12): message : No constructor could take the source type, or constructor overload resolution was ambiguous
C:\Users\s211426\Documents\GitHub\MathLibraryTests---STUDENT\MathLibraryTests - STUDENT\Matrix4TransformTests.cpp(30,30): error C2039: 'MakeTranslation': is not a member of 'MathClasses::Matrix4'
C:\Users\s211426\Documents\GitHub\MathLibraryTests---STUDENT\MathLibraryTests - STUDENT\MathHeaders\Matrix4.h(4,12): message : see declaration of 'MathClasses::Matrix4'
C:\Users\s211426\Documents\GitHub\MathLibraryTests---STUDENT\MathLibraryTests - STUDENT\Matrix4TransformTests.cpp(30,1): error C3861: 'MakeTranslation': identifier not found
C:\Users\s211426\Documents\GitHub\MathLibraryTests---STUDENT\MathLibraryTests - STUDENT\Matrix4TransformTests.cpp(33,12): error C2440: '<function-style-cast>': cannot convert from 'initializer list' to 'MathClasses::Matrix4'
C:\Users\s211426\Documents\GitHub\MathLibraryTests---STUDENT\MathLibraryTests - STUDENT\Matrix4TransformTests.cpp(33,12): message : No constructor could take the source type, or constructor overload resolution was ambiguous
C:\Users\s211426\Documents\GitHub\MathLibraryTests---STUDENT\MathLibraryTests - STUDENT\Matrix4TransformTests.cpp(41,30): error C2039: 'MakeRotateX': is not a member of 'MathClasses::Matrix4'
C:\Users\s211426\Documents\GitHub\MathLibraryTests---STUDENT\MathLibraryTests - STUDENT\MathHeaders\Matrix4.h(4,12): message : see declaration of 'MathClasses::Matrix4'
C:\Users\s211426\Documents\GitHub\MathLibraryTests---STUDENT\MathLibraryTests - STUDENT\Matrix4TransformTests.cpp(41,1): error C3861: 'MakeRotateX': identifier not found
C:\Users\s211426\Documents\GitHub\MathLibraryTests---STUDENT\MathLibraryTests - STUDENT\Matrix4TransformTests.cpp(44,12): error C2440: '<function-style-cast>': cannot convert from 'initializer list' to 'MathClasses::Matrix4'
C:\Users\s211426\Documents\GitHub\MathLibraryTests---STUDENT\MathLibraryTests - STUDENT\Matrix4TransformTests.cpp(44,12): message : No constructor could take the source type, or constructor overload resolution was ambiguous
C:\Users\s211426\Documents\GitHub\MathLibraryTests---STUDENT\MathLibraryTests - STUDENT\Matrix4TransformTests.cpp(52,30): error C2039: 'MakeRotateY': is not a member of 'MathClasses::Matrix4'
C:\Users\s211426\Documents\GitHub\MathLibraryTests---STUDENT\MathLibraryTests - STUDENT\MathHeaders\Matrix4.h(4,12): message : see declaration of 'MathClasses::Matrix4'
C:\Users\s211426\Documents\GitHub\MathLibraryTests---STUDENT\MathLibraryTests - STUDENT\Matrix4TransformTests.cpp(52,1): error C3861: 'MakeRotateY': identifier not found
C:\Users\s211426\Documents\GitHub\MathLibraryTests---STUDENT\MathLibraryTests - STUDENT\Matrix4TransformTests.cpp(55,12): error C2440: '<function-style-cast>': cannot convert from 'initializer list' to 'MathClasses::Matrix4'
C:\Users\s211426\Documents\GitHub\MathLibraryTests---STUDENT\MathLibraryTests - STUDENT\Matrix4TransformTests.cpp(55,12): message : No constructor could take the source type, or constructor overload resolution was ambiguous
C:\Users\s211426\Documents\GitHub\MathLibraryTests---STUDENT\MathLibraryTests - STUDENT\Matrix4TransformTests.cpp(63,30): error C2039: 'MakeRotateZ': is not a member of 'MathClasses::Matrix4'
C:\Users\s211426\Documents\GitHub\MathLibraryTests---STUDENT\MathLibraryTests - STUDENT\MathHeaders\Matrix4.h(4,12): message : see declaration of 'MathClasses::Matrix4'
C:\Users\s211426\Documents\GitHub\MathLibraryTests---STUDENT\MathLibraryTests - STUDENT\Matrix4TransformTests.cpp(63,1): error C3861: 'MakeRotateZ': identifier not found
C:\Users\s211426\Documents\GitHub\MathLibraryTests---STUDENT\MathLibraryTests - STUDENT\Matrix4TransformTests.cpp(66,12): error C2440: '<function-style-cast>': cannot convert from 'initializer list' to 'MathClasses::Matrix4'
C:\Users\s211426\Documents\GitHub\MathLibraryTests---STUDENT\MathLibraryTests - STUDENT\Matrix4TransformTests.cpp(66,12): message : No constructor could take the source type, or constructor overload resolution was ambiguous
C:\Users\s211426\Documents\GitHub\MathLibraryTests---STUDENT\MathLibraryTests - STUDENT\Matrix4TransformTests.cpp(74,30): error C2039: 'MakeEuler': is not a member of 'MathClasses::Matrix4'
C:\Users\s211426\Documents\GitHub\MathLibraryTests---STUDENT\MathLibraryTests - STUDENT\MathHeaders\Matrix4.h(4,12): message : see declaration of 'MathClasses::Matrix4'
C:\Users\s211426\Documents\GitHub\MathLibraryTests---STUDENT\MathLibraryTests - STUDENT\Matrix4TransformTests.cpp(74,1): error C3861: 'MakeEuler': identifier not found
C:\Users\s211426\Documents\GitHub\MathLibraryTests---STUDENT\MathLibraryTests - STUDENT\Matrix4TransformTests.cpp(77,12): error C2440: '<function-style-cast>': cannot convert from 'initializer list' to 'MathClasses::Matrix4'
C:\Users\s211426\Documents\GitHub\MathLibraryTests---STUDENT\MathLibraryTests - STUDENT\Matrix4TransformTests.cpp(77,12): message : No constructor could take the source type, or constructor overload resolution was ambiguous
C:\Users\s211426\Documents\GitHub\MathLibraryTests---STUDENT\MathLibraryTests - STUDENT\Matrix4TransformTests.cpp(86,30): error C2039: 'MakeEuler': is not a member of 'MathClasses::Matrix4'
C:\Users\s211426\Documents\GitHub\MathLibraryTests---STUDENT\MathLibraryTests - STUDENT\MathHeaders\Matrix4.h(4,12): message : see declaration of 'MathClasses::Matrix4'
C:\Users\s211426\Documents\GitHub\MathLibraryTests---STUDENT\MathLibraryTests - STUDENT\Matrix4TransformTests.cpp(86,1): error C3861: 'MakeEuler': identifier not found
C:\Users\s211426\Documents\GitHub\MathLibraryTests---STUDENT\MathLibraryTests - STUDENT\Matrix4TransformTests.cpp(89,12): error C2440: '<function-style-cast>': cannot convert from 'initializer list' to 'MathClasses::Matrix4'
C:\Users\s211426\Documents\GitHub\MathLibraryTests---STUDENT\MathLibraryTests - STUDENT\Matrix4TransformTests.cpp(89,12): message : No constructor could take the source type, or constructor overload resolution was ambiguous
C:\Users\s211426\Documents\GitHub\MathLibraryTests---STUDENT\MathLibraryTests - STUDENT\Matrix4TransformTests.cpp(98,30): error C2039: 'MakeScale': is not a member of 'MathClasses::Matrix4'
C:\Users\s211426\Documents\GitHub\MathLibraryTests---STUDENT\MathLibraryTests - STUDENT\MathHeaders\Matrix4.h(4,12): message : see declaration of 'MathClasses::Matrix4'
C:\Users\s211426\Documents\GitHub\MathLibraryTests---STUDENT\MathLibraryTests - STUDENT\Matrix4TransformTests.cpp(98,1): error C3861: 'MakeScale': identifier not found
C:\Users\s211426\Documents\GitHub\MathLibraryTests---STUDENT\MathLibraryTests - STUDENT\Matrix4TransformTests.cpp(101,12): error C2440: '<function-style-cast>': cannot convert from 'initializer list' to 'MathClasses::Matrix4'
C:\Users\s211426\Documents\GitHub\MathLibraryTests---STUDENT\MathLibraryTests - STUDENT\Matrix4TransformTests.cpp(101,12): message : No constructor could take the source type, or constructor overload resolution was ambiguous
C:\Users\s211426\Documents\GitHub\MathLibraryTests---STUDENT\MathLibraryTests - STUDENT\Matrix4TransformTests.cpp(110,30): error C2039: 'MakeScale': is not a member of 'MathClasses::Matrix4'
C:\Users\s211426\Documents\GitHub\MathLibraryTests---STUDENT\MathLibraryTests - STUDENT\MathHeaders\Matrix4.h(4,12): message : see declaration of 'MathClasses::Matrix4'
C:\Users\s211426\Documents\GitHub\MathLibraryTests---STUDENT\MathLibraryTests - STUDENT\Matrix4TransformTests.cpp(110,1): error C3861: 'MakeScale': identifier not found
C:\Users\s211426\Documents\GitHub\MathLibraryTests---STUDENT\MathLibraryTests - STUDENT\Matrix4TransformTests.cpp(113,12): error C2440: '<function-style-cast>': cannot convert from 'initializer list' to 'MathClasses::Matrix4'
C:\Users\s211426\Documents\GitHub\MathLibraryTests---STUDENT\MathLibraryTests - STUDENT\Matrix4TransformTests.cpp(113,12): message : No constructor could take the source type, or constructor overload resolution was ambiguous
  Vector3Tests.cpp
C:\Users\s211426\Documents\GitHub\MathLibraryTests---STUDENT\MathLibraryTests - STUDENT\TestToString.h(48,18): error C2039: 'ToString': is not a member of 'MathClasses::Vector4'
C:\Users\s211426\Documents\GitHub\MathLibraryTests---STUDENT\MathLibraryTests - STUDENT\MathHeaders\Vector4.h(5,12): message : see declaration of 'MathClasses::Vector4'
C:\Users\s211426\Documents\GitHub\MathLibraryTests---STUDENT\MathLibraryTests - STUDENT\TestToString.h(59,1): error C3536: 'str': cannot be used before it is initialized
C:\Users\s211426\Documents\GitHub\MathLibraryTests---STUDENT\MathLibraryTests - STUDENT\TestToString.h(59,20): error C2665: 'std::basic_string<wchar_t,std::char_traits<wchar_t>,std::allocator<wchar_t>>::basic_string': no overloaded function could convert all the argument types
C:\Program Files\Microsoft Visual Studio\2022\Community\VC\Tools\MSVC\14.34.31933\include\xstring(2674,5): message : could be 'std::basic_string<wchar_t,std::char_traits<wchar_t>,std::allocator<wchar_t>>::basic_string(const _Elem *const )'
          with
          [
              _Elem=wchar_t
          ]
C:\Users\s211426\Documents\GitHub\MathLibraryTests---STUDENT\MathLibraryTests - STUDENT\TestToString.h(59,20): message : 'std::basic_string<wchar_t,std::char_traits<wchar_t>,std::allocator<wchar_t>>::basic_string(const _Elem *const )': cannot convert argument 1 from 'wchar_t' to 'const _Elem *const '
          with
          [
              _Elem=wchar_t
          ]
C:\Users\s211426\Documents\GitHub\MathLibraryTests---STUDENT\MathLibraryTests - STUDENT\TestToString.h(59,39): message : Conversion from integral type to pointer type requires reinterpret_cast, C-style cast or parenthesized function-style cast
C:\Program Files\Microsoft Visual Studio\2022\Community\VC\Tools\MSVC\14.34.31933\include\xstring(3224,5): message : or       'std::basic_string<wchar_t,std::char_traits<wchar_t>,std::allocator<wchar_t>>::basic_string(std::initializer_list<_Elem>,const _Alloc &)'
          with
          [
              _Elem=wchar_t,
              _Alloc=std::allocator<wchar_t>
          ]
C:\Users\s211426\Documents\GitHub\MathLibraryTests---STUDENT\MathLibraryTests - STUDENT\TestToString.h(59,20): message : 'std::basic_string<wchar_t,std::char_traits<wchar_t>,std::allocator<wchar_t>>::basic_string(std::initializer_list<_Elem>,const _Alloc &)': cannot convert argument 1 from 'wchar_t' to 'std::initializer_list<_Elem>'
          with
          [
              _Elem=wchar_t,
              _Alloc=std::allocator<wchar_t>
          ]
          and
          [
              _Elem=wchar_t
          ]
C:\Users\s211426\Documents\GitHub\MathLibraryTests---STUDENT\MathLibraryTests - STUDENT\TestToString.h(59,39): message : No constructor could take the source type, or constructor overload resolution was ambiguous
C:\Program Files\Microsoft Visual Studio\2022\Community\VC\Tools\MSVC\14.34.31933\include\xstring(2620,5): message : or       'std::basic_string<wchar_t,std::char_traits<wchar_t>,std::allocator<wchar_t>>::basic_string(const _Alloc &) noexcept'
          with
          [
              _Alloc=std::allocator<wchar_t>
          ]
C:\Users\s211426\Documents\GitHub\MathLibraryTests---STUDENT\MathLibraryTests - STUDENT\TestToString.h(59,20): message : 'std::basic_string<wchar_t,std::char_traits<wchar_t>,std::allocator<wchar_t>>::basic_string(const _Alloc &) noexcept': cannot convert argument 1 from 'wchar_t' to 'const _Alloc &'
          with
          [
              _Alloc=std::allocator<wchar_t>
          ]
C:\Users\s211426\Documents\GitHub\MathLibraryTests---STUDENT\MathLibraryTests - STUDENT\TestToString.h(59,39): message : Reason: cannot convert from 'wchar_t' to 'const _Alloc'
          with
          [
              _Alloc=std::allocator<wchar_t>
          ]
C:\Users\s211426\Documents\GitHub\MathLibraryTests---STUDENT\MathLibraryTests - STUDENT\TestToString.h(59,39): message : No constructor could take the source type, or constructor overload resolution was ambiguous
C:\Program Files\Microsoft Visual Studio\2022\Community\VC\Tools\MSVC\14.34.31933\include\xstring(3031,5): message : or       'std::basic_string<wchar_t,std::char_traits<wchar_t>,std::allocator<wchar_t>>::basic_string(const _Ty &,const unsigned __int64,const unsigned __int64,const _Alloc &)'
          with
          [
              _Alloc=std::allocator<wchar_t>
          ]
C:\Users\s211426\Documents\GitHub\MathLibraryTests---STUDENT\MathLibraryTests - STUDENT\TestToString.h(59,20): message : 'std::basic_string<wchar_t,std::char_traits<wchar_t>,std::allocator<wchar_t>>::basic_string(const _Ty &,const unsigned __int64,const unsigned __int64,const _Alloc &)': expects 4 arguments - 1 provided
          with
          [
              _Alloc=std::allocator<wchar_t>
          ]
C:\Program Files\Microsoft Visual Studio\2022\Community\VC\Tools\MSVC\14.34.31933\include\xstring(3024,5): message : or       'std::basic_string<wchar_t,std::char_traits<wchar_t>,std::allocator<wchar_t>>::basic_string(const _StringViewIsh &,const _Alloc &)'
          with
          [
              _Alloc=std::allocator<wchar_t>
          ]
C:\Users\s211426\Documents\GitHub\MathLibraryTests---STUDENT\MathLibraryTests - STUDENT\TestToString.h(59,1): message : 'std::basic_string<wchar_t,std::char_traits<wchar_t>,std::allocator<wchar_t>>::basic_string(const _StringViewIsh &,const _Alloc &)': could not deduce template argument for '__formal'
          with
          [
              _Alloc=std::allocator<wchar_t>
          ]
C:\Program Files\Microsoft Visual Studio\2022\Community\VC\Tools\MSVC\14.34.31933\include\xstring(2704,5): message : or       'std::basic_string<wchar_t,std::char_traits<wchar_t>,std::allocator<wchar_t>>::basic_string(_Iter,_Iter,const _Alloc &)'
          with
          [
              _Alloc=std::allocator<wchar_t>
          ]
C:\Users\s211426\Documents\GitHub\MathLibraryTests---STUDENT\MathLibraryTests - STUDENT\TestToString.h(59,20): message : 'std::basic_string<wchar_t,std::char_traits<wchar_t>,std::allocator<wchar_t>>::basic_string(_Iter,_Iter,const _Alloc &)': expects 3 arguments - 1 provided
          with
          [
              _Alloc=std::allocator<wchar_t>
          ]
C:\Program Files\Microsoft Visual Studio\2022\Community\VC\Tools\MSVC\14.34.31933\include\xstring(2698,5): message : or       'std::basic_string<wchar_t,std::char_traits<wchar_t>,std::allocator<wchar_t>>::basic_string(const unsigned __int64,const _Elem,const _Alloc &)'
          with
          [
              _Elem=wchar_t,
              _Alloc=std::allocator<wchar_t>
          ]
C:\Users\s211426\Documents\GitHub\MathLibraryTests---STUDENT\MathLibraryTests - STUDENT\TestToString.h(59,20): message : 'std::basic_string<wchar_t,std::char_traits<wchar_t>,std::allocator<wchar_t>>::basic_string(const unsigned __int64,const _Elem,const _Alloc &)': expects 3 arguments - 1 provided
          with
          [
              _Elem=wchar_t,
              _Alloc=std::allocator<wchar_t>
          ]
C:\Program Files\Microsoft Visual Studio\2022\Community\VC\Tools\MSVC\14.34.31933\include\xstring(2685,5): message : or       'std::basic_string<wchar_t,std::char_traits<wchar_t>,std::allocator<wchar_t>>::basic_string(const _Elem *const ,const _Alloc &)'
          with
          [
              _Elem=wchar_t,
              _Alloc=std::allocator<wchar_t>
          ]
C:\Users\s211426\Documents\GitHub\MathLibraryTests---STUDENT\MathLibraryTests - STUDENT\TestToString.h(59,20): message : 'std::basic_string<wchar_t,std::char_traits<wchar_t>,std::allocator<wchar_t>>::basic_string(const _Elem *const ,const _Alloc &)': expects 2 arguments - 1 provided
          with
          [
              _Elem=wchar_t,
              _Alloc=std::allocator<wchar_t>
          ]
C:\Users\s211426\Documents\GitHub\MathLibraryTests---STUDENT\MathLibraryTests - STUDENT\TestToString.h(59,20): message : while trying to match the argument list '(wchar_t)'
C:\Users\s211426\Documents\GitHub\MathLibraryTests---STUDENT\MathLibraryTests - STUDENT\TestToString.h(62,5): error C2660: 'mbstowcs_s': function does not take 3 arguments
C:\Program Files (x86)\Windows Kits\10\Include\10.0.22621.0\ucrt\stdlib.h(908,26): message : see declaration of 'mbstowcs_s'
C:\Program Files (x86)\Windows Kits\10\Include\10.0.22621.0\ucrt\stdlib.h(916,1): message : could be 'errno_t mbstowcs_s(size_t *,wchar_t (&)[_Size],const char *,size_t) noexcept'
C:\Users\s211426\Documents\GitHub\MathLibraryTests---STUDENT\MathLibraryTests - STUDENT\TestToString.h(62,5): message : 'errno_t mbstowcs_s(size_t *,wchar_t (&)[_Size],const char *,size_t) noexcept': expects 4 arguments - 3 provided
C:\Users\s211426\Documents\GitHub\MathLibraryTests---STUDENT\MathLibraryTests - STUDENT\TestToString.h(62,5): message : while trying to match the argument list '(size_t *, wchar_t *, unsigned __int64)'
C:\Users\s211426\Documents\GitHub\MathLibraryTests---STUDENT\MathLibraryTests - STUDENT\TestToString.h(92,18): error C2039: 'ToString': is not a member of 'MathClasses::Matrix4'
C:\Users\s211426\Documents\GitHub\MathLibraryTests---STUDENT\MathLibraryTests - STUDENT\MathHeaders\Matrix4.h(4,12): message : see declaration of 'MathClasses::Matrix4'
C:\Users\s211426\Documents\GitHub\MathLibraryTests---STUDENT\MathLibraryTests - STUDENT\TestToString.h(103,1): error C3536: 'str': cannot be used before it is initialized
C:\Users\s211426\Documents\GitHub\MathLibraryTests---STUDENT\MathLibraryTests - STUDENT\TestToString.h(103,20): error C2665: 'std::basic_string<wchar_t,std::char_traits<wchar_t>,std::allocator<wchar_t>>::basic_string': no overloaded function could convert all the argument types
C:\Program Files\Microsoft Visual Studio\2022\Community\VC\Tools\MSVC\14.34.31933\include\xstring(2674,5): message : could be 'std::basic_string<wchar_t,std::char_traits<wchar_t>,std::allocator<wchar_t>>::basic_string(const _Elem *const )'
          with
          [
              _Elem=wchar_t
          ]
C:\Users\s211426\Documents\GitHub\MathLibraryTests---STUDENT\MathLibraryTests - STUDENT\TestToString.h(103,20): message : 'std::basic_string<wchar_t,std::char_traits<wchar_t>,std::allocator<wchar_t>>::basic_string(const _Elem *const )': cannot convert argument 1 from 'wchar_t' to 'const _Elem *const '
          with
          [
              _Elem=wchar_t
          ]
C:\Users\s211426\Documents\GitHub\MathLibraryTests---STUDENT\MathLibraryTests - STUDENT\TestToString.h(103,39): message : Conversion from integral type to pointer type requires reinterpret_cast, C-style cast or parenthesized function-style cast
C:\Program Files\Microsoft Visual Studio\2022\Community\VC\Tools\MSVC\14.34.31933\include\xstring(3224,5): message : or       'std::basic_string<wchar_t,std::char_traits<wchar_t>,std::allocator<wchar_t>>::basic_string(std::initializer_list<_Elem>,const _Alloc &)'
          with
          [
              _Elem=wchar_t,
              _Alloc=std::allocator<wchar_t>
          ]
C:\Users\s211426\Documents\GitHub\MathLibraryTests---STUDENT\MathLibraryTests - STUDENT\TestToString.h(103,20): message : 'std::basic_string<wchar_t,std::char_traits<wchar_t>,std::allocator<wchar_t>>::basic_string(std::initializer_list<_Elem>,const _Alloc &)': cannot convert argument 1 from 'wchar_t' to 'std::initializer_list<_Elem>'
          with
          [
              _Elem=wchar_t,
              _Alloc=std::allocator<wchar_t>
          ]
          and
          [
              _Elem=wchar_t
          ]
C:\Users\s211426\Documents\GitHub\MathLibraryTests---STUDENT\MathLibraryTests - STUDENT\TestToString.h(103,39): message : No constructor could take the source type, or constructor overload resolution was ambiguous
C:\Program Files\Microsoft Visual Studio\2022\Community\VC\Tools\MSVC\14.34.31933\include\xstring(2620,5): message : or       'std::basic_string<wchar_t,std::char_traits<wchar_t>,std::allocator<wchar_t>>::basic_string(const _Alloc &) noexcept'
          with
          [
              _Alloc=std::allocator<wchar_t>
          ]
C:\Users\s211426\Documents\GitHub\MathLibraryTests---STUDENT\MathLibraryTests - STUDENT\TestToString.h(103,20): message : 'std::basic_string<wchar_t,std::char_traits<wchar_t>,std::allocator<wchar_t>>::basic_string(const _Alloc &) noexcept': cannot convert argument 1 from 'wchar_t' to 'const _Alloc &'
          with
          [
              _Alloc=std::allocator<wchar_t>
          ]
C:\Users\s211426\Documents\GitHub\MathLibraryTests---STUDENT\MathLibraryTests - STUDENT\TestToString.h(103,39): message : Reason: cannot convert from 'wchar_t' to 'const _Alloc'
          with
          [
              _Alloc=std::allocator<wchar_t>
          ]
C:\Users\s211426\Documents\GitHub\MathLibraryTests---STUDENT\MathLibraryTests - STUDENT\TestToString.h(103,39): message : No constructor could take the source type, or constructor overload resolution was ambiguous
C:\Program Files\Microsoft Visual Studio\2022\Community\VC\Tools\MSVC\14.34.31933\include\xstring(3031,5): message : or       'std::basic_string<wchar_t,std::char_traits<wchar_t>,std::allocator<wchar_t>>::basic_string(const _Ty &,const unsigned __int64,const unsigned __int64,const _Alloc &)'
          with
          [
              _Alloc=std::allocator<wchar_t>
          ]
C:\Users\s211426\Documents\GitHub\MathLibraryTests---STUDENT\MathLibraryTests - STUDENT\TestToString.h(103,20): message : 'std::basic_string<wchar_t,std::char_traits<wchar_t>,std::allocator<wchar_t>>::basic_string(const _Ty &,const unsigned __int64,const unsigned __int64,const _Alloc &)': expects 4 arguments - 1 provided
          with
          [
              _Alloc=std::allocator<wchar_t>
          ]
C:\Program Files\Microsoft Visual Studio\2022\Community\VC\Tools\MSVC\14.34.31933\include\xstring(3024,5): message : or       'std::basic_string<wchar_t,std::char_traits<wchar_t>,std::allocator<wchar_t>>::basic_string(const _StringViewIsh &,const _Alloc &)'
          with
          [
              _Alloc=std::allocator<wchar_t>
          ]
C:\Users\s211426\Documents\GitHub\MathLibraryTests---STUDENT\MathLibraryTests - STUDENT\TestToString.h(103,1): message : 'std::basic_string<wchar_t,std::char_traits<wchar_t>,std::allocator<wchar_t>>::basic_string(const _StringViewIsh &,const _Alloc &)': could not deduce template argument for '__formal'
          with
          [
              _Alloc=std::allocator<wchar_t>
          ]
C:\Program Files\Microsoft Visual Studio\2022\Community\VC\Tools\MSVC\14.34.31933\include\xstring(2704,5): message : or       'std::basic_string<wchar_t,std::char_traits<wchar_t>,std::allocator<wchar_t>>::basic_string(_Iter,_Iter,const _Alloc &)'
          with
          [
              _Alloc=std::allocator<wchar_t>
          ]
C:\Users\s211426\Documents\GitHub\MathLibraryTests---STUDENT\MathLibraryTests - STUDENT\TestToString.h(103,20): message : 'std::basic_string<wchar_t,std::char_traits<wchar_t>,std::allocator<wchar_t>>::basic_string(_Iter,_Iter,const _Alloc &)': expects 3 arguments - 1 provided
          with
          [
              _Alloc=std::allocator<wchar_t>
          ]
C:\Program Files\Microsoft Visual Studio\2022\Community\VC\Tools\MSVC\14.34.31933\include\xstring(2698,5): message : or       'std::basic_string<wchar_t,std::char_traits<wchar_t>,std::allocator<wchar_t>>::basic_string(const unsigned __int64,const _Elem,const _Alloc &)'
          with
          [
              _Elem=wchar_t,
              _Alloc=std::allocator<wchar_t>
          ]
C:\Users\s211426\Documents\GitHub\MathLibraryTests---STUDENT\MathLibraryTests - STUDENT\TestToString.h(103,20): message : 'std::basic_string<wchar_t,std::char_traits<wchar_t>,std::allocator<wchar_t>>::basic_string(const unsigned __int64,const _Elem,const _Alloc &)': expects 3 arguments - 1 provided
          with
          [
              _Elem=wchar_t,
              _Alloc=std::allocator<wchar_t>
          ]
C:\Program Files\Microsoft Visual Studio\2022\Community\VC\Tools\MSVC\14.34.31933\include\xstring(2685,5): message : or       'std::basic_string<wchar_t,std::char_traits<wchar_t>,std::allocator<wchar_t>>::basic_string(const _Elem *const ,const _Alloc &)'
          with
          [
              _Elem=wchar_t,
              _Alloc=std::allocator<wchar_t>
          ]
C:\Users\s211426\Documents\GitHub\MathLibraryTests---STUDENT\MathLibraryTests - STUDENT\TestToString.h(103,20): message : 'std::basic_string<wchar_t,std::char_traits<wchar_t>,std::allocator<wchar_t>>::basic_string(const _Elem *const ,const _Alloc &)': expects 2 arguments - 1 provided
          with
          [
              _Elem=wchar_t,
              _Alloc=std::allocator<wchar_t>
          ]
C:\Users\s211426\Documents\GitHub\MathLibraryTests---STUDENT\MathLibraryTests - STUDENT\TestToString.h(103,20): message : while trying to match the argument list '(wchar_t)'
C:\Users\s211426\Documents\GitHub\MathLibraryTests---STUDENT\MathLibraryTests - STUDENT\TestToString.h(106,5): error C2660: 'mbstowcs_s': function does not take 3 arguments
C:\Program Files (x86)\Windows Kits\10\Include\10.0.22621.0\ucrt\stdlib.h(908,26): message : see declaration of 'mbstowcs_s'
C:\Program Files (x86)\Windows Kits\10\Include\10.0.22621.0\ucrt\stdlib.h(916,1): message : could be 'errno_t mbstowcs_s(size_t *,wchar_t (&)[_Size],const char *,size_t) noexcept'
C:\Users\s211426\Documents\GitHub\MathLibraryTests---STUDENT\MathLibraryTests - STUDENT\TestToString.h(106,5): message : 'errno_t mbstowcs_s(size_t *,wchar_t (&)[_Size],const char *,size_t) noexcept': expects 4 arguments - 3 provided
C:\Users\s211426\Documents\GitHub\MathLibraryTests---STUDENT\MathLibraryTests - STUDENT\TestToString.h(106,5): message : while trying to match the argument list '(size_t *, wchar_t *, unsigned __int64)'
C:\Users\s211426\Documents\GitHub\MathLibraryTests---STUDENT\MathLibraryTests - STUDENT\Vector3Tests.cpp(117,25): error C2677: binary '*': no global operator found which takes type 'MathClasses::Vector3' (or there is no acceptable conversion)
  Vector4Tests.cpp
C:\Users\s211426\Documents\GitHub\MathLibraryTests---STUDENT\MathLibraryTests - STUDENT\TestToString.h(48,18): error C2039: 'ToString': is not a member of 'MathClasses::Vector4'
C:\Users\s211426\Documents\GitHub\MathLibraryTests---STUDENT\MathLibraryTests - STUDENT\MathHeaders\Vector4.h(5,12): message : see declaration of 'MathClasses::Vector4'
C:\Users\s211426\Documents\GitHub\MathLibraryTests---STUDENT\MathLibraryTests - STUDENT\TestToString.h(59,1): error C3536: 'str': cannot be used before it is initialized
C:\Users\s211426\Documents\GitHub\MathLibraryTests---STUDENT\MathLibraryTests - STUDENT\TestToString.h(59,20): error C2665: 'std::basic_string<wchar_t,std::char_traits<wchar_t>,std::allocator<wchar_t>>::basic_string': no overloaded function could convert all the argument types
C:\Program Files\Microsoft Visual Studio\2022\Community\VC\Tools\MSVC\14.34.31933\include\xstring(2674,5): message : could be 'std::basic_string<wchar_t,std::char_traits<wchar_t>,std::allocator<wchar_t>>::basic_string(const _Elem *const )'
          with
          [
              _Elem=wchar_t
          ]
C:\Users\s211426\Documents\GitHub\MathLibraryTests---STUDENT\MathLibraryTests - STUDENT\TestToString.h(59,20): message : 'std::basic_string<wchar_t,std::char_traits<wchar_t>,std::allocator<wchar_t>>::basic_string(const _Elem *const )': cannot convert argument 1 from 'wchar_t' to 'const _Elem *const '
          with
          [
              _Elem=wchar_t
          ]
C:\Users\s211426\Documents\GitHub\MathLibraryTests---STUDENT\MathLibraryTests - STUDENT\TestToString.h(59,39): message : Conversion from integral type to pointer type requires reinterpret_cast, C-style cast or parenthesized function-style cast
C:\Program Files\Microsoft Visual Studio\2022\Community\VC\Tools\MSVC\14.34.31933\include\xstring(3224,5): message : or       'std::basic_string<wchar_t,std::char_traits<wchar_t>,std::allocator<wchar_t>>::basic_string(std::initializer_list<_Elem>,const _Alloc &)'
          with
          [
              _Elem=wchar_t,
              _Alloc=std::allocator<wchar_t>
          ]
C:\Users\s211426\Documents\GitHub\MathLibraryTests---STUDENT\MathLibraryTests - STUDENT\TestToString.h(59,20): message : 'std::basic_string<wchar_t,std::char_traits<wchar_t>,std::allocator<wchar_t>>::basic_string(std::initializer_list<_Elem>,const _Alloc &)': cannot convert argument 1 from 'wchar_t' to 'std::initializer_list<_Elem>'
          with
          [
              _Elem=wchar_t,
              _Alloc=std::allocator<wchar_t>
          ]
          and
          [
              _Elem=wchar_t
          ]
C:\Users\s211426\Documents\GitHub\MathLibraryTests---STUDENT\MathLibraryTests - STUDENT\TestToString.h(59,39): message : No constructor could take the source type, or constructor overload resolution was ambiguous
C:\Program Files\Microsoft Visual Studio\2022\Community\VC\Tools\MSVC\14.34.31933\include\xstring(2620,5): message : or       'std::basic_string<wchar_t,std::char_traits<wchar_t>,std::allocator<wchar_t>>::basic_string(const _Alloc &) noexcept'
          with
          [
              _Alloc=std::allocator<wchar_t>
          ]
C:\Users\s211426\Documents\GitHub\MathLibraryTests---STUDENT\MathLibraryTests - STUDENT\TestToString.h(59,20): message : 'std::basic_string<wchar_t,std::char_traits<wchar_t>,std::allocator<wchar_t>>::basic_string(const _Alloc &) noexcept': cannot convert argument 1 from 'wchar_t' to 'const _Alloc &'
          with
          [
              _Alloc=std::allocator<wchar_t>
          ]
C:\Users\s211426\Documents\GitHub\MathLibraryTests---STUDENT\MathLibraryTests - STUDENT\TestToString.h(59,39): message : Reason: cannot convert from 'wchar_t' to 'const _Alloc'
          with
          [
              _Alloc=std::allocator<wchar_t>
          ]
C:\Users\s211426\Documents\GitHub\MathLibraryTests---STUDENT\MathLibraryTests - STUDENT\TestToString.h(59,39): message : No constructor could take the source type, or constructor overload resolution was ambiguous
C:\Program Files\Microsoft Visual Studio\2022\Community\VC\Tools\MSVC\14.34.31933\include\xstring(3031,5): message : or       'std::basic_string<wchar_t,std::char_traits<wchar_t>,std::allocator<wchar_t>>::basic_string(const _Ty &,const unsigned __int64,const unsigned __int64,const _Alloc &)'
          with
          [
              _Alloc=std::allocator<wchar_t>
          ]
C:\Users\s211426\Documents\GitHub\MathLibraryTests---STUDENT\MathLibraryTests - STUDENT\TestToString.h(59,20): message : 'std::basic_string<wchar_t,std::char_traits<wchar_t>,std::allocator<wchar_t>>::basic_string(const _Ty &,const unsigned __int64,const unsigned __int64,const _Alloc &)': expects 4 arguments - 1 provided
          with
          [
              _Alloc=std::allocator<wchar_t>
          ]
C:\Program Files\Microsoft Visual Studio\2022\Community\VC\Tools\MSVC\14.34.31933\include\xstring(3024,5): message : or       'std::basic_string<wchar_t,std::char_traits<wchar_t>,std::allocator<wchar_t>>::basic_string(const _StringViewIsh &,const _Alloc &)'
          with
          [
              _Alloc=std::allocator<wchar_t>
          ]
C:\Users\s211426\Documents\GitHub\MathLibraryTests---STUDENT\MathLibraryTests - STUDENT\TestToString.h(59,1): message : 'std::basic_string<wchar_t,std::char_traits<wchar_t>,std::allocator<wchar_t>>::basic_string(const _StringViewIsh &,const _Alloc &)': could not deduce template argument for '__formal'
          with
          [
              _Alloc=std::allocator<wchar_t>
          ]
C:\Program Files\Microsoft Visual Studio\2022\Community\VC\Tools\MSVC\14.34.31933\include\xstring(2704,5): message : or       'std::basic_string<wchar_t,std::char_traits<wchar_t>,std::allocator<wchar_t>>::basic_string(_Iter,_Iter,const _Alloc &)'
          with
          [
              _Alloc=std::allocator<wchar_t>
          ]
C:\Users\s211426\Documents\GitHub\MathLibraryTests---STUDENT\MathLibraryTests - STUDENT\TestToString.h(59,20): message : 'std::basic_string<wchar_t,std::char_traits<wchar_t>,std::allocator<wchar_t>>::basic_string(_Iter,_Iter,const _Alloc &)': expects 3 arguments - 1 provided
          with
          [
              _Alloc=std::allocator<wchar_t>
          ]
C:\Program Files\Microsoft Visual Studio\2022\Community\VC\Tools\MSVC\14.34.31933\include\xstring(2698,5): message : or       'std::basic_string<wchar_t,std::char_traits<wchar_t>,std::allocator<wchar_t>>::basic_string(const unsigned __int64,const _Elem,const _Alloc &)'
          with
          [
              _Elem=wchar_t,
              _Alloc=std::allocator<wchar_t>
          ]
C:\Users\s211426\Documents\GitHub\MathLibraryTests---STUDENT\MathLibraryTests - STUDENT\TestToString.h(59,20): message : 'std::basic_string<wchar_t,std::char_traits<wchar_t>,std::allocator<wchar_t>>::basic_string(const unsigned __int64,const _Elem,const _Alloc &)': expects 3 arguments - 1 provided
          with
          [
              _Elem=wchar_t,
              _Alloc=std::allocator<wchar_t>
          ]
C:\Program Files\Microsoft Visual Studio\2022\Community\VC\Tools\MSVC\14.34.31933\include\xstring(2685,5): message : or       'std::basic_string<wchar_t,std::char_traits<wchar_t>,std::allocator<wchar_t>>::basic_string(const _Elem *const ,const _Alloc &)'
          with
          [
              _Elem=wchar_t,
              _Alloc=std::allocator<wchar_t>
          ]
C:\Users\s211426\Documents\GitHub\MathLibraryTests---STUDENT\MathLibraryTests - STUDENT\TestToString.h(59,20): message : 'std::basic_string<wchar_t,std::char_traits<wchar_t>,std::allocator<wchar_t>>::basic_string(const _Elem *const ,const _Alloc &)': expects 2 arguments - 1 provided
          with
          [
              _Elem=wchar_t,
              _Alloc=std::allocator<wchar_t>
          ]
C:\Users\s211426\Documents\GitHub\MathLibraryTests---STUDENT\MathLibraryTests - STUDENT\TestToString.h(59,20): message : while trying to match the argument list '(wchar_t)'
C:\Users\s211426\Documents\GitHub\MathLibraryTests---STUDENT\MathLibraryTests - STUDENT\TestToString.h(62,5): error C2660: 'mbstowcs_s': function does not take 3 arguments
C:\Program Files (x86)\Windows Kits\10\Include\10.0.22621.0\ucrt\stdlib.h(908,26): message : see declaration of 'mbstowcs_s'
C:\Program Files (x86)\Windows Kits\10\Include\10.0.22621.0\ucrt\stdlib.h(916,1): message : could be 'errno_t mbstowcs_s(size_t *,wchar_t (&)[_Size],const char *,size_t) noexcept'
C:\Users\s211426\Documents\GitHub\MathLibraryTests---STUDENT\MathLibraryTests - STUDENT\TestToString.h(62,5): message : 'errno_t mbstowcs_s(size_t *,wchar_t (&)[_Size],const char *,size_t) noexcept': expects 4 arguments - 3 provided
C:\Users\s211426\Documents\GitHub\MathLibraryTests---STUDENT\MathLibraryTests - STUDENT\TestToString.h(62,5): message : while trying to match the argument list '(size_t *, wchar_t *, unsigned __int64)'
C:\Users\s211426\Documents\GitHub\MathLibraryTests---STUDENT\MathLibraryTests - STUDENT\TestToString.h(92,18): error C2039: 'ToString': is not a member of 'MathClasses::Matrix4'
C:\Users\s211426\Documents\GitHub\MathLibraryTests---STUDENT\MathLibraryTests - STUDENT\MathHeaders\Matrix4.h(4,12): message : see declaration of 'MathClasses::Matrix4'
C:\Users\s211426\Documents\GitHub\MathLibraryTests---STUDENT\MathLibraryTests - STUDENT\TestToString.h(103,1): error C3536: 'str': cannot be used before it is initialized
C:\Users\s211426\Documents\GitHub\MathLibraryTests---STUDENT\MathLibraryTests - STUDENT\TestToString.h(103,20): error C2665: 'std::basic_string<wchar_t,std::char_traits<wchar_t>,std::allocator<wchar_t>>::basic_string': no overloaded function could convert all the argument types
C:\Program Files\Microsoft Visual Studio\2022\Community\VC\Tools\MSVC\14.34.31933\include\xstring(2674,5): message : could be 'std::basic_string<wchar_t,std::char_traits<wchar_t>,std::allocator<wchar_t>>::basic_string(const _Elem *const )'
          with
          [
              _Elem=wchar_t
          ]
C:\Users\s211426\Documents\GitHub\MathLibraryTests---STUDENT\MathLibraryTests - STUDENT\TestToString.h(103,20): message : 'std::basic_string<wchar_t,std::char_traits<wchar_t>,std::allocator<wchar_t>>::basic_string(const _Elem *const )': cannot convert argument 1 from 'wchar_t' to 'const _Elem *const '
          with
          [
              _Elem=wchar_t
          ]
C:\Users\s211426\Documents\GitHub\MathLibraryTests---STUDENT\MathLibraryTests - STUDENT\TestToString.h(103,39): message : Conversion from integral type to pointer type requires reinterpret_cast, C-style cast or parenthesized function-style cast
C:\Program Files\Microsoft Visual Studio\2022\Community\VC\Tools\MSVC\14.34.31933\include\xstring(3224,5): message : or       'std::basic_string<wchar_t,std::char_traits<wchar_t>,std::allocator<wchar_t>>::basic_string(std::initializer_list<_Elem>,const _Alloc &)'
          with
          [
              _Elem=wchar_t,
              _Alloc=std::allocator<wchar_t>
          ]
C:\Users\s211426\Documents\GitHub\MathLibraryTests---STUDENT\MathLibraryTests - STUDENT\TestToString.h(103,20): message : 'std::basic_string<wchar_t,std::char_traits<wchar_t>,std::allocator<wchar_t>>::basic_string(std::initializer_list<_Elem>,const _Alloc &)': cannot convert argument 1 from 'wchar_t' to 'std::initializer_list<_Elem>'
          with
          [
              _Elem=wchar_t,
              _Alloc=std::allocator<wchar_t>
          ]
          and
          [
              _Elem=wchar_t
          ]
C:\Users\s211426\Documents\GitHub\MathLibraryTests---STUDENT\MathLibraryTests - STUDENT\TestToString.h(103,39): message : No constructor could take the source type, or constructor overload resolution was ambiguous
C:\Program Files\Microsoft Visual Studio\2022\Community\VC\Tools\MSVC\14.34.31933\include\xstring(2620,5): message : or       'std::basic_string<wchar_t,std::char_traits<wchar_t>,std::allocator<wchar_t>>::basic_string(const _Alloc &) noexcept'
          with
          [
              _Alloc=std::allocator<wchar_t>
          ]
C:\Users\s211426\Documents\GitHub\MathLibraryTests---STUDENT\MathLibraryTests - STUDENT\TestToString.h(103,20): message : 'std::basic_string<wchar_t,std::char_traits<wchar_t>,std::allocator<wchar_t>>::basic_string(const _Alloc &) noexcept': cannot convert argument 1 from 'wchar_t' to 'const _Alloc &'
          with
          [
              _Alloc=std::allocator<wchar_t>
          ]
C:\Users\s211426\Documents\GitHub\MathLibraryTests---STUDENT\MathLibraryTests - STUDENT\TestToString.h(103,39): message : Reason: cannot convert from 'wchar_t' to 'const _Alloc'
          with
          [
              _Alloc=std::allocator<wchar_t>
          ]
C:\Users\s211426\Documents\GitHub\MathLibraryTests---STUDENT\MathLibraryTests - STUDENT\TestToString.h(103,39): message : No constructor could take the source type, or constructor overload resolution was ambiguous
C:\Program Files\Microsoft Visual Studio\2022\Community\VC\Tools\MSVC\14.34.31933\include\xstring(3031,5): message : or       'std::basic_string<wchar_t,std::char_traits<wchar_t>,std::allocator<wchar_t>>::basic_string(const _Ty &,const unsigned __int64,const unsigned __int64,const _Alloc &)'
          with
          [
              _Alloc=std::allocator<wchar_t>
          ]
C:\Users\s211426\Documents\GitHub\MathLibraryTests---STUDENT\MathLibraryTests - STUDENT\TestToString.h(103,20): message : 'std::basic_string<wchar_t,std::char_traits<wchar_t>,std::allocator<wchar_t>>::basic_string(const _Ty &,const unsigned __int64,const unsigned __int64,const _Alloc &)': expects 4 arguments - 1 provided
          with
          [
              _Alloc=std::allocator<wchar_t>
          ]
C:\Program Files\Microsoft Visual Studio\2022\Community\VC\Tools\MSVC\14.34.31933\include\xstring(3024,5): message : or       'std::basic_string<wchar_t,std::char_traits<wchar_t>,std::allocator<wchar_t>>::basic_string(const _StringViewIsh &,const _Alloc &)'
          with
          [
              _Alloc=std::allocator<wchar_t>
          ]
C:\Users\s211426\Documents\GitHub\MathLibraryTests---STUDENT\MathLibraryTests - STUDENT\TestToString.h(103,1): message : 'std::basic_string<wchar_t,std::char_traits<wchar_t>,std::allocator<wchar_t>>::basic_string(const _StringViewIsh &,const _Alloc &)': could not deduce template argument for '__formal'
          with
          [
              _Alloc=std::allocator<wchar_t>
          ]
C:\Program Files\Microsoft Visual Studio\2022\Community\VC\Tools\MSVC\14.34.31933\include\xstring(2704,5): message : or       'std::basic_string<wchar_t,std::char_traits<wchar_t>,std::allocator<wchar_t>>::basic_string(_Iter,_Iter,const _Alloc &)'
          with
          [
              _Alloc=std::allocator<wchar_t>
          ]
C:\Users\s211426\Documents\GitHub\MathLibraryTests---STUDENT\MathLibraryTests - STUDENT\TestToString.h(103,20): message : 'std::basic_string<wchar_t,std::char_traits<wchar_t>,std::allocator<wchar_t>>::basic_string(_Iter,_Iter,const _Alloc &)': expects 3 arguments - 1 provided
          with
          [
              _Alloc=std::allocator<wchar_t>
          ]
C:\Program Files\Microsoft Visual Studio\2022\Community\VC\Tools\MSVC\14.34.31933\include\xstring(2698,5): message : or       'std::basic_string<wchar_t,std::char_traits<wchar_t>,std::allocator<wchar_t>>::basic_string(const unsigned __int64,const _Elem,const _Alloc &)'
          with
          [
              _Elem=wchar_t,
              _Alloc=std::allocator<wchar_t>
          ]
C:\Users\s211426\Documents\GitHub\MathLibraryTests---STUDENT\MathLibraryTests - STUDENT\TestToString.h(103,20): message : 'std::basic_string<wchar_t,std::char_traits<wchar_t>,std::allocator<wchar_t>>::basic_string(const unsigned __int64,const _Elem,const _Alloc &)': expects 3 arguments - 1 provided
          with
          [
              _Elem=wchar_t,
              _Alloc=std::allocator<wchar_t>
          ]
C:\Program Files\Microsoft Visual Studio\2022\Community\VC\Tools\MSVC\14.34.31933\include\xstring(2685,5): message : or       'std::basic_string<wchar_t,std::char_traits<wchar_t>,std::allocator<wchar_t>>::basic_string(const _Elem *const ,const _Alloc &)'
          with
          [
              _Elem=wchar_t,
              _Alloc=std::allocator<wchar_t>
          ]
C:\Users\s211426\Documents\GitHub\MathLibraryTests---STUDENT\MathLibraryTests - STUDENT\TestToString.h(103,20): message : 'std::basic_string<wchar_t,std::char_traits<wchar_t>,std::allocator<wchar_t>>::basic_string(const _Elem *const ,const _Alloc &)': expects 2 arguments - 1 provided
          with
          [
              _Elem=wchar_t,
              _Alloc=std::allocator<wchar_t>
          ]
C:\Users\s211426\Documents\GitHub\MathLibraryTests---STUDENT\MathLibraryTests - STUDENT\TestToString.h(103,20): message : while trying to match the argument list '(wchar_t)'
C:\Users\s211426\Documents\GitHub\MathLibraryTests---STUDENT\MathLibraryTests - STUDENT\TestToString.h(106,5): error C2660: 'mbstowcs_s': function does not take 3 arguments
C:\Program Files (x86)\Windows Kits\10\Include\10.0.22621.0\ucrt\stdlib.h(908,26): message : see declaration of 'mbstowcs_s'
C:\Program Files (x86)\Windows Kits\10\Include\10.0.22621.0\ucrt\stdlib.h(916,1): message : could be 'errno_t mbstowcs_s(size_t *,wchar_t (&)[_Size],const char *,size_t) noexcept'
C:\Users\s211426\Documents\GitHub\MathLibraryTests---STUDENT\MathLibraryTests - STUDENT\TestToString.h(106,5): message : 'errno_t mbstowcs_s(size_t *,wchar_t (&)[_Size],const char *,size_t) noexcept': expects 4 arguments - 3 provided
C:\Users\s211426\Documents\GitHub\MathLibraryTests---STUDENT\MathLibraryTests - STUDENT\TestToString.h(106,5): message : while trying to match the argument list '(size_t *, wchar_t *, unsigned __int64)'
C:\Users\s211426\Documents\GitHub\MathLibraryTests---STUDENT\MathLibraryTests - STUDENT\Vector4Tests.cpp(18,30): error C2039: 'x': is not a member of 'MathClasses::Vector4'
C:\Users\s211426\Documents\GitHub\MathLibraryTests---STUDENT\MathLibraryTests - STUDENT\MathHeaders\Vector4.h(5,12): message : see declaration of 'MathClasses::Vector4'
C:\Users\s211426\Documents\GitHub\MathLibraryTests---STUDENT\MathLibraryTests - STUDENT\Vector4Tests.cpp(18,12): error C2661: 'Microsoft::VisualStudio::CppUnitTestFramework::Assert::AreEqual': no overloaded function takes 1 arguments
C:\Program Files\Microsoft Visual Studio\2022\Community\VC\Auxiliary\VS\UnitTest\include\CppUnitTestAssert.h(139,36): message : could be 'void Microsoft::VisualStudio::CppUnitTestFramework::Assert::AreEqual(const T &,const T &,const wchar_t *,const Microsoft::VisualStudio::CppUnitTestFramework::__LineInfo *)'
C:\Users\s211426\Documents\GitHub\MathLibraryTests---STUDENT\MathLibraryTests - STUDENT\Vector4Tests.cpp(18,12): message : 'void Microsoft::VisualStudio::CppUnitTestFramework::Assert::AreEqual(const T &,const T &,const wchar_t *,const Microsoft::VisualStudio::CppUnitTestFramework::__LineInfo *)': expects 4 arguments - 1 provided
C:\Users\s211426\Documents\GitHub\MathLibraryTests---STUDENT\MathLibraryTests - STUDENT\Vector4Tests.cpp(18,12): message : while trying to match the argument list '(float)'
C:\Users\s211426\Documents\GitHub\MathLibraryTests---STUDENT\MathLibraryTests - STUDENT\Vector4Tests.cpp(19,30): error C2039: 'y': is not a member of 'MathClasses::Vector4'
C:\Users\s211426\Documents\GitHub\MathLibraryTests---STUDENT\MathLibraryTests - STUDENT\MathHeaders\Vector4.h(5,12): message : see declaration of 'MathClasses::Vector4'
C:\Users\s211426\Documents\GitHub\MathLibraryTests---STUDENT\MathLibraryTests - STUDENT\Vector4Tests.cpp(19,12): error C2661: 'Microsoft::VisualStudio::CppUnitTestFramework::Assert::AreEqual': no overloaded function takes 1 arguments
C:\Program Files\Microsoft Visual Studio\2022\Community\VC\Auxiliary\VS\UnitTest\include\CppUnitTestAssert.h(139,36): message : could be 'void Microsoft::VisualStudio::CppUnitTestFramework::Assert::AreEqual(const T &,const T &,const wchar_t *,const Microsoft::VisualStudio::CppUnitTestFramework::__LineInfo *)'
C:\Users\s211426\Documents\GitHub\MathLibraryTests---STUDENT\MathLibraryTests - STUDENT\Vector4Tests.cpp(19,12): message : 'void Microsoft::VisualStudio::CppUnitTestFramework::Assert::AreEqual(const T &,const T &,const wchar_t *,const Microsoft::VisualStudio::CppUnitTestFramework::__LineInfo *)': expects 4 arguments - 1 provided
C:\Users\s211426\Documents\GitHub\MathLibraryTests---STUDENT\MathLibraryTests - STUDENT\Vector4Tests.cpp(19,12): message : while trying to match the argument list '(float)'
C:\Users\s211426\Documents\GitHub\MathLibraryTests---STUDENT\MathLibraryTests - STUDENT\Vector4Tests.cpp(20,30): error C2039: 'z': is not a member of 'MathClasses::Vector4'
C:\Users\s211426\Documents\GitHub\MathLibraryTests---STUDENT\MathLibraryTests - STUDENT\MathHeaders\Vector4.h(5,12): message : see declaration of 'MathClasses::Vector4'
C:\Users\s211426\Documents\GitHub\MathLibraryTests---STUDENT\MathLibraryTests - STUDENT\Vector4Tests.cpp(20,12): error C2661: 'Microsoft::VisualStudio::CppUnitTestFramework::Assert::AreEqual': no overloaded function takes 1 arguments
C:\Program Files\Microsoft Visual Studio\2022\Community\VC\Auxiliary\VS\UnitTest\include\CppUnitTestAssert.h(139,36): message : could be 'void Microsoft::VisualStudio::CppUnitTestFramework::Assert::AreEqual(const T &,const T &,const wchar_t *,const Microsoft::VisualStudio::CppUnitTestFramework::__LineInfo *)'
C:\Users\s211426\Documents\GitHub\MathLibraryTests---STUDENT\MathLibraryTests - STUDENT\Vector4Tests.cpp(20,12): message : 'void Microsoft::VisualStudio::CppUnitTestFramework::Assert::AreEqual(const T &,const T &,const wchar_t *,const Microsoft::VisualStudio::CppUnitTestFramework::__LineInfo *)': expects 4 arguments - 1 provided
C:\Users\s211426\Documents\GitHub\MathLibraryTests---STUDENT\MathLibraryTests - STUDENT\Vector4Tests.cpp(20,12): message : while trying to match the argument list '(float)'
C:\Users\s211426\Documents\GitHub\MathLibraryTests---STUDENT\MathLibraryTests - STUDENT\Vector4Tests.cpp(21,30): error C2039: 'w': is not a member of 'MathClasses::Vector4'
C:\Users\s211426\Documents\GitHub\MathLibraryTests---STUDENT\MathLibraryTests - STUDENT\MathHeaders\Vector4.h(5,12): message : see declaration of 'MathClasses::Vector4'
C:\Users\s211426\Documents\GitHub\MathLibraryTests---STUDENT\MathLibraryTests - STUDENT\Vector4Tests.cpp(21,12): error C2661: 'Microsoft::VisualStudio::CppUnitTestFramework::Assert::AreEqual': no overloaded function takes 1 arguments
C:\Program Files\Microsoft Visual Studio\2022\Community\VC\Auxiliary\VS\UnitTest\include\CppUnitTestAssert.h(139,36): message : could be 'void Microsoft::VisualStudio::CppUnitTestFramework::Assert::AreEqual(const T &,const T &,const wchar_t *,const Microsoft::VisualStudio::CppUnitTestFramework::__LineInfo *)'
C:\Users\s211426\Documents\GitHub\MathLibraryTests---STUDENT\MathLibraryTests - STUDENT\Vector4Tests.cpp(21,12): message : 'void Microsoft::VisualStudio::CppUnitTestFramework::Assert::AreEqual(const T &,const T &,const wchar_t *,const Microsoft::VisualStudio::CppUnitTestFramework::__LineInfo *)': expects 4 arguments - 1 provided
C:\Users\s211426\Documents\GitHub\MathLibraryTests---STUDENT\MathLibraryTests - STUDENT\Vector4Tests.cpp(21,12): message : while trying to match the argument list '(float)'
C:\Users\s211426\Documents\GitHub\MathLibraryTests---STUDENT\MathLibraryTests - STUDENT\Vector4Tests.cpp(26,15): error C2440: 'initializing': cannot convert from 'initializer list' to 'MathClasses::Vector4'
C:\Users\s211426\Documents\GitHub\MathLibraryTests---STUDENT\MathLibraryTests - STUDENT\Vector4Tests.cpp(26,15): message : No constructor could take the source type, or constructor overload resolution was ambiguous
C:\Users\s211426\Documents\GitHub\MathLibraryTests---STUDENT\MathLibraryTests - STUDENT\Vector4Tests.cpp(27,30): error C2039: 'x': is not a member of 'MathClasses::Vector4'
C:\Users\s211426\Documents\GitHub\MathLibraryTests---STUDENT\MathLibraryTests - STUDENT\MathHeaders\Vector4.h(5,12): message : see declaration of 'MathClasses::Vector4'
C:\Users\s211426\Documents\GitHub\MathLibraryTests---STUDENT\MathLibraryTests - STUDENT\Vector4Tests.cpp(27,12): error C2661: 'Microsoft::VisualStudio::CppUnitTestFramework::Assert::AreEqual': no overloaded function takes 1 arguments
C:\Program Files\Microsoft Visual Studio\2022\Community\VC\Auxiliary\VS\UnitTest\include\CppUnitTestAssert.h(139,36): message : could be 'void Microsoft::VisualStudio::CppUnitTestFramework::Assert::AreEqual(const T &,const T &,const wchar_t *,const Microsoft::VisualStudio::CppUnitTestFramework::__LineInfo *)'
C:\Users\s211426\Documents\GitHub\MathLibraryTests---STUDENT\MathLibraryTests - STUDENT\Vector4Tests.cpp(27,12): message : 'void Microsoft::VisualStudio::CppUnitTestFramework::Assert::AreEqual(const T &,const T &,const wchar_t *,const Microsoft::VisualStudio::CppUnitTestFramework::__LineInfo *)': expects 4 arguments - 1 provided
C:\Users\s211426\Documents\GitHub\MathLibraryTests---STUDENT\MathLibraryTests - STUDENT\Vector4Tests.cpp(27,12): message : while trying to match the argument list '(float)'
C:\Users\s211426\Documents\GitHub\MathLibraryTests---STUDENT\MathLibraryTests - STUDENT\Vector4Tests.cpp(28,30): error C2039: 'y': is not a member of 'MathClasses::Vector4'
C:\Users\s211426\Documents\GitHub\MathLibraryTests---STUDENT\MathLibraryTests - STUDENT\MathHeaders\Vector4.h(5,12): message : see declaration of 'MathClasses::Vector4'
C:\Users\s211426\Documents\GitHub\MathLibraryTests---STUDENT\MathLibraryTests - STUDENT\Vector4Tests.cpp(28,12): error C2661: 'Microsoft::VisualStudio::CppUnitTestFramework::Assert::AreEqual': no overloaded function takes 1 arguments
C:\Program Files\Microsoft Visual Studio\2022\Community\VC\Auxiliary\VS\UnitTest\include\CppUnitTestAssert.h(139,36): message : could be 'void Microsoft::VisualStudio::CppUnitTestFramework::Assert::AreEqual(const T &,const T &,const wchar_t *,const Microsoft::VisualStudio::CppUnitTestFramework::__LineInfo *)'
C:\Users\s211426\Documents\GitHub\MathLibraryTests---STUDENT\MathLibraryTests - STUDENT\Vector4Tests.cpp(28,12): message : 'void Microsoft::VisualStudio::CppUnitTestFramework::Assert::AreEqual(const T &,const T &,const wchar_t *,const Microsoft::VisualStudio::CppUnitTestFramework::__LineInfo *)': expects 4 arguments - 1 provided
C:\Users\s211426\Documents\GitHub\MathLibraryTests---STUDENT\MathLibraryTests - STUDENT\Vector4Tests.cpp(28,12): message : while trying to match the argument list '(float)'
C:\Users\s211426\Documents\GitHub\MathLibraryTests---STUDENT\MathLibraryTests - STUDENT\Vector4Tests.cpp(29,30): error C2039: 'z': is not a member of 'MathClasses::Vector4'
C:\Users\s211426\Documents\GitHub\MathLibraryTests---STUDENT\MathLibraryTests - STUDENT\MathHeaders\Vector4.h(5,12): message : see declaration of 'MathClasses::Vector4'
C:\Users\s211426\Documents\GitHub\MathLibraryTests---STUDENT\MathLibraryTests - STUDENT\Vector4Tests.cpp(29,12): error C2661: 'Microsoft::VisualStudio::CppUnitTestFramework::Assert::AreEqual': no overloaded function takes 1 arguments
C:\Program Files\Microsoft Visual Studio\2022\Community\VC\Auxiliary\VS\UnitTest\include\CppUnitTestAssert.h(139,36): message : could be 'void Microsoft::VisualStudio::CppUnitTestFramework::Assert::AreEqual(const T &,const T &,const wchar_t *,const Microsoft::VisualStudio::CppUnitTestFramework::__LineInfo *)'
C:\Users\s211426\Documents\GitHub\MathLibraryTests---STUDENT\MathLibraryTests - STUDENT\Vector4Tests.cpp(29,12): message : 'void Microsoft::VisualStudio::CppUnitTestFramework::Assert::AreEqual(const T &,const T &,const wchar_t *,const Microsoft::VisualStudio::CppUnitTestFramework::__LineInfo *)': expects 4 arguments - 1 provided
C:\Users\s211426\Documents\GitHub\MathLibraryTests---STUDENT\MathLibraryTests - STUDENT\Vector4Tests.cpp(29,12): message : while trying to match the argument list '(float)'
C:\Users\s211426\Documents\GitHub\MathLibraryTests---STUDENT\MathLibraryTests - STUDENT\Vector4Tests.cpp(30,30): error C2039: 'w': is not a member of 'MathClasses::Vector4'
C:\Users\s211426\Documents\GitHub\MathLibraryTests---STUDENT\MathLibraryTests - STUDENT\MathHeaders\Vector4.h(5,12): message : see declaration of 'MathClasses::Vector4'
C:\Users\s211426\Documents\GitHub\MathLibraryTests---STUDENT\MathLibraryTests - STUDENT\Vector4Tests.cpp(30,12): error C2661: 'Microsoft::VisualStudio::CppUnitTestFramework::Assert::AreEqual': no overloaded function takes 1 arguments
C:\Program Files\Microsoft Visual Studio\2022\Community\VC\Auxiliary\VS\UnitTest\include\CppUnitTestAssert.h(139,36): message : could be 'void Microsoft::VisualStudio::CppUnitTestFramework::Assert::AreEqual(const T &,const T &,const wchar_t *,const Microsoft::VisualStudio::CppUnitTestFramework::__LineInfo *)'
C:\Users\s211426\Documents\GitHub\MathLibraryTests---STUDENT\MathLibraryTests - STUDENT\Vector4Tests.cpp(30,12): message : 'void Microsoft::VisualStudio::CppUnitTestFramework::Assert::AreEqual(const T &,const T &,const wchar_t *,const Microsoft::VisualStudio::CppUnitTestFramework::__LineInfo *)': expects 4 arguments - 1 provided
C:\Users\s211426\Documents\GitHub\MathLibraryTests---STUDENT\MathLibraryTests - STUDENT\Vector4Tests.cpp(30,12): message : while trying to match the argument list '(float)'
C:\Users\s211426\Documents\GitHub\MathLibraryTests---STUDENT\MathLibraryTests - STUDENT\Vector4Tests.cpp(36,16): error C2440: 'initializing': cannot convert from 'initializer list' to 'MathClasses::Vector4'
C:\Users\s211426\Documents\GitHub\MathLibraryTests---STUDENT\MathLibraryTests - STUDENT\Vector4Tests.cpp(36,16): message : No constructor could take the source type, or constructor overload resolution was ambiguous
C:\Users\s211426\Documents\GitHub\MathLibraryTests---STUDENT\MathLibraryTests - STUDENT\Vector4Tests.cpp(37,22): error C2039: 'Magnitude': is not a member of 'MathClasses::Vector4'
C:\Users\s211426\Documents\GitHub\MathLibraryTests---STUDENT\MathLibraryTests - STUDENT\MathHeaders\Vector4.h(5,12): message : see declaration of 'MathClasses::Vector4'
C:\Users\s211426\Documents\GitHub\MathLibraryTests---STUDENT\MathLibraryTests - STUDENT\Vector4Tests.cpp(41,16): error C2440: 'initializing': cannot convert from 'initializer list' to 'MathClasses::Vector4'
C:\Users\s211426\Documents\GitHub\MathLibraryTests---STUDENT\MathLibraryTests - STUDENT\Vector4Tests.cpp(41,16): message : No constructor could take the source type, or constructor overload resolution was ambiguous
C:\Users\s211426\Documents\GitHub\MathLibraryTests---STUDENT\MathLibraryTests - STUDENT\Vector4Tests.cpp(42,22): error C2039: 'Magnitude': is not a member of 'MathClasses::Vector4'
C:\Users\s211426\Documents\GitHub\MathLibraryTests---STUDENT\MathLibraryTests - STUDENT\MathHeaders\Vector4.h(5,12): message : see declaration of 'MathClasses::Vector4'
C:\Users\s211426\Documents\GitHub\MathLibraryTests---STUDENT\MathLibraryTests - STUDENT\Vector4Tests.cpp(50,16): error C2440: 'initializing': cannot convert from 'initializer list' to 'MathClasses::Vector4'
C:\Users\s211426\Documents\GitHub\MathLibraryTests---STUDENT\MathLibraryTests - STUDENT\Vector4Tests.cpp(50,16): message : No constructor could take the source type, or constructor overload resolution was ambiguous
C:\Users\s211426\Documents\GitHub\MathLibraryTests---STUDENT\MathLibraryTests - STUDENT\Vector4Tests.cpp(51,23): error C2039: 'Normalised': is not a member of 'MathClasses::Vector4'
C:\Users\s211426\Documents\GitHub\MathLibraryTests---STUDENT\MathLibraryTests - STUDENT\MathHeaders\Vector4.h(5,12): message : see declaration of 'MathClasses::Vector4'
C:\Users\s211426\Documents\GitHub\MathLibraryTests---STUDENT\MathLibraryTests - STUDENT\Vector4Tests.cpp(52,29): error C2440: '<function-style-cast>': cannot convert from 'initializer list' to 'MathClasses::Vector4'
C:\Users\s211426\Documents\GitHub\MathLibraryTests---STUDENT\MathLibraryTests - STUDENT\Vector4Tests.cpp(52,29): message : No constructor could take the source type, or constructor overload resolution was ambiguous
C:\Users\s211426\Documents\GitHub\MathLibraryTests---STUDENT\MathLibraryTests - STUDENT\Vector4Tests.cpp(55,16): error C2440: 'initializing': cannot convert from 'initializer list' to 'MathClasses::Vector4'
C:\Users\s211426\Documents\GitHub\MathLibraryTests---STUDENT\MathLibraryTests - STUDENT\Vector4Tests.cpp(55,16): message : No constructor could take the source type, or constructor overload resolution was ambiguous
C:\Users\s211426\Documents\GitHub\MathLibraryTests---STUDENT\MathLibraryTests - STUDENT\Vector4Tests.cpp(56,23): error C2039: 'Normalised': is not a member of 'MathClasses::Vector4'
C:\Users\s211426\Documents\GitHub\MathLibraryTests---STUDENT\MathLibraryTests - STUDENT\MathHeaders\Vector4.h(5,12): message : see declaration of 'MathClasses::Vector4'
C:\Users\s211426\Documents\GitHub\MathLibraryTests---STUDENT\MathLibraryTests - STUDENT\Vector4Tests.cpp(57,29): error C2440: '<function-style-cast>': cannot convert from 'initializer list' to 'MathClasses::Vector4'
C:\Users\s211426\Documents\GitHub\MathLibraryTests---STUDENT\MathLibraryTests - STUDENT\Vector4Tests.cpp(57,29): message : No constructor could take the source type, or constructor overload resolution was ambiguous
C:\Users\s211426\Documents\GitHub\MathLibraryTests---STUDENT\MathLibraryTests - STUDENT\Vector4Tests.cpp(60,16): error C2440: 'initializing': cannot convert from 'initializer list' to 'MathClasses::Vector4'
C:\Users\s211426\Documents\GitHub\MathLibraryTests---STUDENT\MathLibraryTests - STUDENT\Vector4Tests.cpp(60,16): message : No constructor could take the source type, or constructor overload resolution was ambiguous
C:\Users\s211426\Documents\GitHub\MathLibraryTests---STUDENT\MathLibraryTests - STUDENT\Vector4Tests.cpp(61,23): error C2039: 'Normalised': is not a member of 'MathClasses::Vector4'
C:\Users\s211426\Documents\GitHub\MathLibraryTests---STUDENT\MathLibraryTests - STUDENT\MathHeaders\Vector4.h(5,12): message : see declaration of 'MathClasses::Vector4'
C:\Users\s211426\Documents\GitHub\MathLibraryTests---STUDENT\MathLibraryTests - STUDENT\Vector4Tests.cpp(62,29): error C2440: '<function-style-cast>': cannot convert from 'initializer list' to 'MathClasses::Vector4'
C:\Users\s211426\Documents\GitHub\MathLibraryTests---STUDENT\MathLibraryTests - STUDENT\Vector4Tests.cpp(62,29): message : No constructor could take the source type, or constructor overload resolution was ambiguous
C:\Users\s211426\Documents\GitHub\MathLibraryTests---STUDENT\MathLibraryTests - STUDENT\Vector4Tests.cpp(69,16): error C2440: 'initializing': cannot convert from 'initializer list' to 'MathClasses::Vector4'
C:\Users\s211426\Documents\GitHub\MathLibraryTests---STUDENT\MathLibraryTests - STUDENT\Vector4Tests.cpp(69,16): message : No constructor could take the source type, or constructor overload resolution was ambiguous
C:\Users\s211426\Documents\GitHub\MathLibraryTests---STUDENT\MathLibraryTests - STUDENT\Vector4Tests.cpp(70,9): error C2039: 'Normalise': is not a member of 'MathClasses::Vector4'
C:\Users\s211426\Documents\GitHub\MathLibraryTests---STUDENT\MathLibraryTests - STUDENT\MathHeaders\Vector4.h(5,12): message : see declaration of 'MathClasses::Vector4'
C:\Users\s211426\Documents\GitHub\MathLibraryTests---STUDENT\MathLibraryTests - STUDENT\Vector4Tests.cpp(71,29): error C2440: '<function-style-cast>': cannot convert from 'initializer list' to 'MathClasses::Vector4'
C:\Users\s211426\Documents\GitHub\MathLibraryTests---STUDENT\MathLibraryTests - STUDENT\Vector4Tests.cpp(71,29): message : No constructor could take the source type, or constructor overload resolution was ambiguous
C:\Users\s211426\Documents\GitHub\MathLibraryTests---STUDENT\MathLibraryTests - STUDENT\Vector4Tests.cpp(74,16): error C2440: 'initializing': cannot convert from 'initializer list' to 'MathClasses::Vector4'
C:\Users\s211426\Documents\GitHub\MathLibraryTests---STUDENT\MathLibraryTests - STUDENT\Vector4Tests.cpp(74,16): message : No constructor could take the source type, or constructor overload resolution was ambiguous
C:\Users\s211426\Documents\GitHub\MathLibraryTests---STUDENT\MathLibraryTests - STUDENT\Vector4Tests.cpp(75,9): error C2039: 'Normalise': is not a member of 'MathClasses::Vector4'
C:\Users\s211426\Documents\GitHub\MathLibraryTests---STUDENT\MathLibraryTests - STUDENT\MathHeaders\Vector4.h(5,12): message : see declaration of 'MathClasses::Vector4'
C:\Users\s211426\Documents\GitHub\MathLibraryTests---STUDENT\MathLibraryTests - STUDENT\Vector4Tests.cpp(76,29): error C2440: '<function-style-cast>': cannot convert from 'initializer list' to 'MathClasses::Vector4'
C:\Users\s211426\Documents\GitHub\MathLibraryTests---STUDENT\MathLibraryTests - STUDENT\Vector4Tests.cpp(76,29): message : No constructor could take the source type, or constructor overload resolution was ambiguous
C:\Users\s211426\Documents\GitHub\MathLibraryTests---STUDENT\MathLibraryTests - STUDENT\Vector4Tests.cpp(79,16): error C2440: 'initializing': cannot convert from 'initializer list' to 'MathClasses::Vector4'
C:\Users\s211426\Documents\GitHub\MathLibraryTests---STUDENT\MathLibraryTests - STUDENT\Vector4Tests.cpp(79,16): message : No constructor could take the source type, or constructor overload resolution was ambiguous
C:\Users\s211426\Documents\GitHub\MathLibraryTests---STUDENT\MathLibraryTests - STUDENT\Vector4Tests.cpp(80,9): error C2039: 'Normalise': is not a member of 'MathClasses::Vector4'
C:\Users\s211426\Documents\GitHub\MathLibraryTests---STUDENT\MathLibraryTests - STUDENT\MathHeaders\Vector4.h(5,12): message : see declaration of 'MathClasses::Vector4'
C:\Users\s211426\Documents\GitHub\MathLibraryTests---STUDENT\MathLibraryTests - STUDENT\Vector4Tests.cpp(81,29): error C2440: '<function-style-cast>': cannot convert from 'initializer list' to 'MathClasses::Vector4'
C:\Users\s211426\Documents\GitHub\MathLibraryTests---STUDENT\MathLibraryTests - STUDENT\Vector4Tests.cpp(81,29): message : No constructor could take the source type, or constructor overload resolution was ambiguous
C:\Users\s211426\Documents\GitHub\MathLibraryTests---STUDENT\MathLibraryTests - STUDENT\Vector4Tests.cpp(87,15): error C2440: 'initializing': cannot convert from 'initializer list' to 'MathClasses::Vector4'
C:\Users\s211426\Documents\GitHub\MathLibraryTests---STUDENT\MathLibraryTests - STUDENT\Vector4Tests.cpp(87,15): message : No constructor could take the source type, or constructor overload resolution was ambiguous
C:\Users\s211426\Documents\GitHub\MathLibraryTests---STUDENT\MathLibraryTests - STUDENT\Vector4Tests.cpp(88,15): error C2440: 'initializing': cannot convert from 'initializer list' to 'MathClasses::Vector4'
C:\Users\s211426\Documents\GitHub\MathLibraryTests---STUDENT\MathLibraryTests - STUDENT\Vector4Tests.cpp(88,15): message : No constructor could take the source type, or constructor overload resolution was ambiguous
C:\Users\s211426\Documents\GitHub\MathLibraryTests---STUDENT\MathLibraryTests - STUDENT\Vector4Tests.cpp(89,21): error C2039: 'Dot': is not a member of 'MathClasses::Vector4'
C:\Users\s211426\Documents\GitHub\MathLibraryTests---STUDENT\MathLibraryTests - STUDENT\MathHeaders\Vector4.h(5,12): message : see declaration of 'MathClasses::Vector4'
C:\Users\s211426\Documents\GitHub\MathLibraryTests---STUDENT\MathLibraryTests - STUDENT\Vector4Tests.cpp(96,15): error C2440: 'initializing': cannot convert from 'initializer list' to 'MathClasses::Vector4'
C:\Users\s211426\Documents\GitHub\MathLibraryTests---STUDENT\MathLibraryTests - STUDENT\Vector4Tests.cpp(96,15): message : No constructor could take the source type, or constructor overload resolution was ambiguous
C:\Users\s211426\Documents\GitHub\MathLibraryTests---STUDENT\MathLibraryTests - STUDENT\Vector4Tests.cpp(97,15): error C2440: 'initializing': cannot convert from 'initializer list' to 'MathClasses::Vector4'
C:\Users\s211426\Documents\GitHub\MathLibraryTests---STUDENT\MathLibraryTests - STUDENT\Vector4Tests.cpp(97,15): message : No constructor could take the source type, or constructor overload resolution was ambiguous
C:\Users\s211426\Documents\GitHub\MathLibraryTests---STUDENT\MathLibraryTests - STUDENT\Vector4Tests.cpp(98,22): error C2039: 'Cross': is not a member of 'MathClasses::Vector4'
C:\Users\s211426\Documents\GitHub\MathLibraryTests---STUDENT\MathLibraryTests - STUDENT\MathHeaders\Vector4.h(5,12): message : see declaration of 'MathClasses::Vector4'
C:\Users\s211426\Documents\GitHub\MathLibraryTests---STUDENT\MathLibraryTests - STUDENT\Vector4Tests.cpp(100,28): error C2440: '<function-style-cast>': cannot convert from 'initializer list' to 'MathClasses::Vector4'
C:\Users\s211426\Documents\GitHub\MathLibraryTests---STUDENT\MathLibraryTests - STUDENT\Vector4Tests.cpp(100,28): message : No constructor could take the source type, or constructor overload resolution was ambiguous
C:\Users\s211426\Documents\GitHub\MathLibraryTests---STUDENT\MathLibraryTests - STUDENT\Vector4Tests.cpp(105,15): error C2440: 'initializing': cannot convert from 'initializer list' to 'MathClasses::Vector4'
C:\Users\s211426\Documents\GitHub\MathLibraryTests---STUDENT\MathLibraryTests - STUDENT\Vector4Tests.cpp(105,15): message : No constructor could take the source type, or constructor overload resolution was ambiguous
C:\Users\s211426\Documents\GitHub\MathLibraryTests---STUDENT\MathLibraryTests - STUDENT\Vector4Tests.cpp(106,15): error C2440: 'initializing': cannot convert from 'initializer list' to 'MathClasses::Vector4'
C:\Users\s211426\Documents\GitHub\MathLibraryTests---STUDENT\MathLibraryTests - STUDENT\Vector4Tests.cpp(106,15): message : No constructor could take the source type, or constructor overload resolution was ambiguous
C:\Users\s211426\Documents\GitHub\MathLibraryTests---STUDENT\MathLibraryTests - STUDENT\Vector4Tests.cpp(107,22): error C2676: binary '+': 'MathClasses::Vector4' does not define this operator or a conversion to a type acceptable to the predefined operator
C:\Users\s211426\Documents\GitHub\MathLibraryTests---STUDENT\MathLibraryTests - STUDENT\Vector4Tests.cpp(109,28): error C2440: '<function-style-cast>': cannot convert from 'initializer list' to 'MathClasses::Vector4'
C:\Users\s211426\Documents\GitHub\MathLibraryTests---STUDENT\MathLibraryTests - STUDENT\Vector4Tests.cpp(109,28): message : No constructor could take the source type, or constructor overload resolution was ambiguous
C:\Users\s211426\Documents\GitHub\MathLibraryTests---STUDENT\MathLibraryTests - STUDENT\Vector4Tests.cpp(114,15): error C2440: 'initializing': cannot convert from 'initializer list' to 'MathClasses::Vector4'
C:\Users\s211426\Documents\GitHub\MathLibraryTests---STUDENT\MathLibraryTests - STUDENT\Vector4Tests.cpp(114,15): message : No constructor could take the source type, or constructor overload resolution was ambiguous
C:\Users\s211426\Documents\GitHub\MathLibraryTests---STUDENT\MathLibraryTests - STUDENT\Vector4Tests.cpp(115,15): error C2440: 'initializing': cannot convert from 'initializer list' to 'MathClasses::Vector4'
C:\Users\s211426\Documents\GitHub\MathLibraryTests---STUDENT\MathLibraryTests - STUDENT\Vector4Tests.cpp(115,15): message : No constructor could take the source type, or constructor overload resolution was ambiguous
C:\Users\s211426\Documents\GitHub\MathLibraryTests---STUDENT\MathLibraryTests - STUDENT\Vector4Tests.cpp(116,22): error C2676: binary '-': 'MathClasses::Vector4' does not define this operator or a conversion to a type acceptable to the predefined operator
C:\Users\s211426\Documents\GitHub\MathLibraryTests---STUDENT\MathLibraryTests - STUDENT\Vector4Tests.cpp(118,28): error C2440: '<function-style-cast>': cannot convert from 'initializer list' to 'MathClasses::Vector4'
C:\Users\s211426\Documents\GitHub\MathLibraryTests---STUDENT\MathLibraryTests - STUDENT\Vector4Tests.cpp(118,28): message : No constructor could take the source type, or constructor overload resolution was ambiguous
C:\Users\s211426\Documents\GitHub\MathLibraryTests---STUDENT\MathLibraryTests - STUDENT\Vector4Tests.cpp(123,15): error C2440: 'initializing': cannot convert from 'initializer list' to 'MathClasses::Vector4'
C:\Users\s211426\Documents\GitHub\MathLibraryTests---STUDENT\MathLibraryTests - STUDENT\Vector4Tests.cpp(123,15): message : No constructor could take the source type, or constructor overload resolution was ambiguous
C:\Users\s211426\Documents\GitHub\MathLibraryTests---STUDENT\MathLibraryTests - STUDENT\Vector4Tests.cpp(124,22): error C2676: binary '*': 'MathClasses::Vector4' does not define this operator or a conversion to a type acceptable to the predefined operator
C:\Users\s211426\Documents\GitHub\MathLibraryTests---STUDENT\MathLibraryTests - STUDENT\Vector4Tests.cpp(126,28): error C2440: '<function-style-cast>': cannot convert from 'initializer list' to 'MathClasses::Vector4'
C:\Users\s211426\Documents\GitHub\MathLibraryTests---STUDENT\MathLibraryTests - STUDENT\Vector4Tests.cpp(126,28): message : No constructor could take the source type, or constructor overload resolution was ambiguous
C:\Users\s211426\Documents\GitHub\MathLibraryTests---STUDENT\MathLibraryTests - STUDENT\Vector4Tests.cpp(131,15): error C2440: 'initializing': cannot convert from 'initializer list' to 'MathClasses::Vector4'
C:\Users\s211426\Documents\GitHub\MathLibraryTests---STUDENT\MathLibraryTests - STUDENT\Vector4Tests.cpp(131,15): message : No constructor could take the source type, or constructor overload resolution was ambiguous
C:\Users\s211426\Documents\GitHub\MathLibraryTests---STUDENT\MathLibraryTests - STUDENT\Vector4Tests.cpp(132,24): error C2677: binary '*': no global operator found which takes type 'MathClasses::Vector4' (or there is no acceptable conversion)
C:\Users\s211426\Documents\GitHub\MathLibraryTests---STUDENT\MathLibraryTests - STUDENT\Vector4Tests.cpp(134,28): error C2440: '<function-style-cast>': cannot convert from 'initializer list' to 'MathClasses::Vector4'
C:\Users\s211426\Documents\GitHub\MathLibraryTests---STUDENT\MathLibraryTests - STUDENT\Vector4Tests.cpp(134,28): message : No constructor could take the source type, or constructor overload resolution was ambiguous
C:\Users\s211426\Documents\GitHub\MathLibraryTests---STUDENT\MathLibraryTests - STUDENT\Vector4Tests.cpp(146,15): error C2440: 'initializing': cannot convert from 'initializer list' to 'MathClasses::Vector4'
C:\Users\s211426\Documents\GitHub\MathLibraryTests---STUDENT\MathLibraryTests - STUDENT\Vector4Tests.cpp(146,15): message : No constructor could take the source type, or constructor overload resolution was ambiguous
C:\Users\s211426\Documents\GitHub\MathLibraryTests---STUDENT\MathLibraryTests - STUDENT\Vector4Tests.cpp(147,22): error C2676: binary '/': 'MathClasses::Vector4' does not define this operator or a conversion to a type acceptable to the predefined operator
C:\Users\s211426\Documents\GitHub\MathLibraryTests---STUDENT\MathLibraryTests - STUDENT\Vector4Tests.cpp(149,28): error C2440: '<function-style-cast>': cannot convert from 'initializer list' to 'MathClasses::Vector4'
C:\Users\s211426\Documents\GitHub\MathLibraryTests---STUDENT\MathLibraryTests - STUDENT\Vector4Tests.cpp(149,28): message : No constructor could take the source type, or constructor overload resolution was ambiguous
C:\Users\s211426\Documents\GitHub\MathLibraryTests---STUDENT\MathLibraryTests - STUDENT\Vector4Tests.cpp(153,15): error C2440: 'initializing': cannot convert from 'initializer list' to 'MathClasses::Vector4'
C:\Users\s211426\Documents\GitHub\MathLibraryTests---STUDENT\MathLibraryTests - STUDENT\Vector4Tests.cpp(153,15): message : No constructor could take the source type, or constructor overload resolution was ambiguous
C:\Users\s211426\Documents\GitHub\MathLibraryTests---STUDENT\MathLibraryTests - STUDENT\Vector4Tests.cpp(154,15): error C2440: 'initializing': cannot convert from 'initializer list' to 'MathClasses::Vector4'
C:\Users\s211426\Documents\GitHub\MathLibraryTests---STUDENT\MathLibraryTests - STUDENT\Vector4Tests.cpp(154,15): message : No constructor could take the source type, or constructor overload resolution was ambiguous
C:\Users\s211426\Documents\GitHub\MathLibraryTests---STUDENT\MathLibraryTests - STUDENT\Vector4Tests.cpp(156,23): error C2676: binary '==': 'MathClasses::Vector4' does not define this operator or a conversion to a type acceptable to the predefined operator
C:\Users\s211426\Documents\GitHub\MathLibraryTests---STUDENT\MathLibraryTests - STUDENT\Vector4Tests.cpp(161,15): error C2440: 'initializing': cannot convert from 'initializer list' to 'MathClasses::Vector4'
C:\Users\s211426\Documents\GitHub\MathLibraryTests---STUDENT\MathLibraryTests - STUDENT\Vector4Tests.cpp(161,15): message : No constructor could take the source type, or constructor overload resolution was ambiguous
C:\Users\s211426\Documents\GitHub\MathLibraryTests---STUDENT\MathLibraryTests - STUDENT\Vector4Tests.cpp(162,15): error C2440: 'initializing': cannot convert from 'initializer list' to 'MathClasses::Vector4'
C:\Users\s211426\Documents\GitHub\MathLibraryTests---STUDENT\MathLibraryTests - STUDENT\Vector4Tests.cpp(162,15): message : No constructor could take the source type, or constructor overload resolution was ambiguous
C:\Users\s211426\Documents\GitHub\MathLibraryTests---STUDENT\MathLibraryTests - STUDENT\Vector4Tests.cpp(164,23): error C2676: binary '!=': 'MathClasses::Vector4' does not define this operator or a conversion to a type acceptable to the predefined operator
C:\Users\s211426\Documents\GitHub\MathLibraryTests---STUDENT\MathLibraryTests - STUDENT\Vector4Tests.cpp(164,39): error C2676: binary '==': 'MathClasses::Vector4' does not define this operator or a conversion to a type acceptable to the predefined operator
C:\Users\s211426\Documents\GitHub\MathLibraryTests---STUDENT\MathLibraryTests - STUDENT\Vector4Tests.cpp(167,21): error C2440: 'initializing': cannot convert from 'initializer list' to 'const MathClasses::Vector4'
C:\Users\s211426\Documents\GitHub\MathLibraryTests---STUDENT\MathLibraryTests - STUDENT\Vector4Tests.cpp(167,21): message : No constructor could take the source type, or constructor overload resolution was ambiguous
C:\Users\s211426\Documents\GitHub\MathLibraryTests---STUDENT\MathLibraryTests - STUDENT\Vector4Tests.cpp(169,26): error C2676: binary '[': 'const MathClasses::Vector4' does not define this operator or a conversion to a type acceptable to the predefined operator
C:\Users\s211426\Documents\GitHub\MathLibraryTests---STUDENT\MathLibraryTests - STUDENT\Vector4Tests.cpp(170,26): error C2676: binary '[': 'const MathClasses::Vector4' does not define this operator or a conversion to a type acceptable to the predefined operator
C:\Users\s211426\Documents\GitHub\MathLibraryTests---STUDENT\MathLibraryTests - STUDENT\Vector4Tests.cpp(171,26): error C2676: binary '[': 'const MathClasses::Vector4' does not define this operator or a conversion to a type acceptable to the predefined operator
C:\Users\s211426\Documents\GitHub\MathLibraryTests---STUDENT\MathLibraryTests - STUDENT\Vector4Tests.cpp(172,26): error C2676: binary '[': 'const MathClasses::Vector4' does not define this operator or a conversion to a type acceptable to the predefined operator
C:\Users\s211426\Documents\GitHub\MathLibraryTests---STUDENT\MathLibraryTests - STUDENT\Vector4Tests.cpp(176,15): error C2440: 'initializing': cannot convert from 'initializer list' to 'MathClasses::Vector4'
C:\Users\s211426\Documents\GitHub\MathLibraryTests---STUDENT\MathLibraryTests - STUDENT\Vector4Tests.cpp(176,15): message : No constructor could take the source type, or constructor overload resolution was ambiguous
C:\Users\s211426\Documents\GitHub\MathLibraryTests---STUDENT\MathLibraryTests - STUDENT\Vector4Tests.cpp(177,9): error C2676: binary '[': 'MathClasses::Vector4' does not define this operator or a conversion to a type acceptable to the predefined operator
C:\Users\s211426\Documents\GitHub\MathLibraryTests---STUDENT\MathLibraryTests - STUDENT\Vector4Tests.cpp(178,26): error C2676: binary '[': 'MathClasses::Vector4' does not define this operator or a conversion to a type acceptable to the predefined operator
C:\Users\s211426\Documents\GitHub\MathLibraryTests---STUDENT\MathLibraryTests - STUDENT\Vector4Tests.cpp(179,9): error C2676: binary '[': 'MathClasses::Vector4' does not define this operator or a conversion to a type acceptable to the predefined operator
C:\Users\s211426\Documents\GitHub\MathLibraryTests---STUDENT\MathLibraryTests - STUDENT\Vector4Tests.cpp(180,26): error C2676: binary '[': 'MathClasses::Vector4' does not define this operator or a conversion to a type acceptable to the predefined operator
C:\Users\s211426\Documents\GitHub\MathLibraryTests---STUDENT\MathLibraryTests - STUDENT\Vector4Tests.cpp(181,9): error C2676: binary '[': 'MathClasses::Vector4' does not define this operator or a conversion to a type acceptable to the predefined operator
C:\Users\s211426\Documents\GitHub\MathLibraryTests---STUDENT\MathLibraryTests - STUDENT\Vector4Tests.cpp(182,26): error C2676: binary '[': 'MathClasses::Vector4' does not define this operator or a conversion to a type acceptable to the predefined operator
C:\Users\s211426\Documents\GitHub\MathLibraryTests---STUDENT\MathLibraryTests - STUDENT\Vector4Tests.cpp(183,9): error C2676: binary '[': 'MathClasses::Vector4' does not define this operator or a conversion to a type acceptable to the predefined operator
C:\Users\s211426\Documents\GitHub\MathLibraryTests---STUDENT\MathLibraryTests - STUDENT\Vector4Tests.cpp(184,26): error C2676: binary '[': 'MathClasses::Vector4' does not define this operator or a conversion to a type acceptable to the predefined operator
C:\Users\s211426\Documents\GitHub\MathLibraryTests---STUDENT\MathLibraryTests - STUDENT\Vector4Tests.cpp(188,15): error C2440: 'initializing': cannot convert from 'initializer list' to 'MathClasses::Vector4'
C:\Users\s211426\Documents\GitHub\MathLibraryTests---STUDENT\MathLibraryTests - STUDENT\Vector4Tests.cpp(188,15): message : No constructor could take the source type, or constructor overload resolution was ambiguous
C:\Users\s211426\Documents\GitHub\MathLibraryTests---STUDENT\MathLibraryTests - STUDENT\Vector4Tests.cpp(190,15): error C2440: 'type cast': cannot convert from 'MathClasses::Vector4' to 'float *'
C:\Users\s211426\Documents\GitHub\MathLibraryTests---STUDENT\MathLibraryTests - STUDENT\Vector4Tests.cpp(190,15): message : No user-defined-conversion operator available that can perform this conversion, or the operator cannot be called
C:\Users\s211426\Documents\GitHub\MathLibraryTests---STUDENT\MathLibraryTests - STUDENT\Vector4Tests.cpp(196,21): error C2440: 'type cast': cannot convert from 'MathClasses::Vector4' to 'float *'
C:\Users\s211426\Documents\GitHub\MathLibraryTests---STUDENT\MathLibraryTests - STUDENT\Vector4Tests.cpp(196,21): message : No user-defined-conversion operator available that can perform this conversion, or the operator cannot be called
  Generating Code...
